[ 2016-01-23T12:35:20+08:00 ] 127.0.0.1 /xcrm/index.php/home/pro/index?_=1453523719080
INFO: [ app_begin ] --START--
INFO: Run Behavior\ReadHtmlCacheBehavior [ RunTime:0.001112s ]
INFO: [ app_begin ] --END-- [ RunTime:0.001821s ]
NOTIC: [8] Undefined variable: order G:\Project\xcrm\App\Home\Controller\CommonController.class.php 第 81 行.
NOTIC: [8] Undefined variable: sort G:\Project\xcrm\App\Home\Controller\CommonController.class.php 第 91 行.
NOTIC: [8] Undefined variable: pageCurrent G:\Project\xcrm\App\Home\Controller\CommonController.class.php 第 99 行.
SQL: SELECT COUNT(*) AS tp_count FROM `xy_pro` LIMIT 1   [ RunTime:0.0006s ]
SQL: SELECT * FROM `xy_pro` ORDER BY `id` desc LIMIT 0,15   [ RunTime:0.0009s ]
INFO: [ view_parse ] --START--
INFO: [ template_filter ] --START--
INFO: Run Behavior\ContentReplaceBehavior [ RunTime:0.000104s ]
INFO: [ template_filter ] --END-- [ RunTime:0.000205s ]
NOTIC: [8] Undefined index: keys G:\Project\xcrm\App\Runtime\Cache\Home\8e393816a0c1a4377ad5e682d62ee611.php 第 8 行.
INFO: Run Behavior\ParseTemplateBehavior [ RunTime:0.024898s ]
INFO: [ view_parse ] --END-- [ RunTime:0.025054s ]
INFO: [ view_filter ] --START--
INFO: Run Behavior\WriteHtmlCacheBehavior [ RunTime:0.000870s ]
INFO: [ view_filter ] --END-- [ RunTime:0.000944s ]
INFO: [ app_end ] --START--
INFO: Run Behavior\ShowPageTraceBehavior [ RunTime:0.001452s ]
INFO: [ app_end ] --END-- [ RunTime:0.001530s ]

[ 2016-01-23T12:35:23+08:00 ] 127.0.0.1 /xcrm/index.php/Home/Pro/edit/id/2/navTabId/Pro?_=1453523722272
INFO: [ app_begin ] --START--
INFO: Run Behavior\ReadHtmlCacheBehavior [ RunTime:0.001469s ]
INFO: [ app_begin ] --END-- [ RunTime:0.002933s ]
SQL: SELECT * FROM `xy_pro` WHERE `id` = 2 LIMIT 1   [ RunTime:0.0006s ]
NOTIC: [8] Undefined index: attid G:\Project\xcrm\App\Home\Controller\ProController.class.php 第 52 行.
SQL: SELECT * FROM `xy_pro` WHERE `id` = 2 LIMIT 1   [ RunTime:0.0004s ]
INFO: [ view_parse ] --START--
INFO: [ template_filter ] --START--
INFO: Run Behavior\ContentReplaceBehavior [ RunTime:0.000121s ]
INFO: [ template_filter ] --END-- [ RunTime:0.001000s ]
INFO: Run Behavior\ParseTemplateBehavior [ RunTime:0.250276s ]
INFO: [ view_parse ] --END-- [ RunTime:0.250429s ]
INFO: [ view_filter ] --START--
INFO: Run Behavior\WriteHtmlCacheBehavior [ RunTime:0.001337s ]
INFO: [ view_filter ] --END-- [ RunTime:0.001456s ]
NOTIC: [2] Missing argument 1 for Home\Controller\ProController::_after_edit() G:\Project\xcrm\App\Home\Controller\ProController.class.php 第 60 行.
INFO: [ app_end ] --START--
INFO: Run Behavior\ShowPageTraceBehavior [ RunTime:0.002001s ]
INFO: [ app_end ] --END-- [ RunTime:0.002119s ]

[ 2016-01-23T13:34:27+08:00 ] 127.0.0.1 /xcrm/index.php?m=Home&c=public&a=changepwd&_=1453527267572
INFO: [ app_begin ] --START--
INFO: Run Behavior\ReadHtmlCacheBehavior [ RunTime:0.002958s ]
INFO: [ app_begin ] --END-- [ RunTime:0.003863s ]
INFO: [ view_parse ] --START--
INFO: [ template_filter ] --START--
INFO: Run Behavior\ContentReplaceBehavior [ RunTime:0.000049s ]
INFO: [ template_filter ] --END-- [ RunTime:0.000119s ]
INFO: Run Behavior\ParseTemplateBehavior [ RunTime:0.012475s ]
INFO: [ view_parse ] --END-- [ RunTime:0.012557s ]
INFO: [ view_filter ] --START--
INFO: Run Behavior\WriteHtmlCacheBehavior [ RunTime:0.000655s ]
INFO: [ view_filter ] --END-- [ RunTime:0.000705s ]
INFO: [ app_end ] --START--
INFO: Run Behavior\ShowPageTraceBehavior [ RunTime:0.001003s ]
INFO: [ app_end ] --END-- [ RunTime:0.001057s ]

[ 2016-01-23T13:34:31+08:00 ] 127.0.0.1 /xcrm/index.php?m=Home&c=public&a=changeinfo&_=1453527270572
INFO: [ app_begin ] --START--
INFO: Run Behavior\ReadHtmlCacheBehavior [ RunTime:0.001413s ]
INFO: [ app_begin ] --END-- [ RunTime:0.002084s ]
SQL: SELECT * FROM `xy_user` WHERE `id` = 1 LIMIT 1   [ RunTime:0.0005s ]
INFO: [ view_parse ] --START--
INFO: [ template_filter ] --START--
INFO: Run Behavior\ContentReplaceBehavior [ RunTime:0.000100s ]
INFO: [ template_filter ] --END-- [ RunTime:0.000227s ]
NOTIC: [8] Use of undefined constant 男 - assumed '男' G:\Project\xcrm\App\Runtime\Cache\Home\86cad6c4ab984973a7a5ed0fb26350ff.php 第 16 行.
INFO: Run Behavior\ParseTemplateBehavior [ RunTime:0.062305s ]
INFO: [ view_parse ] --END-- [ RunTime:0.062435s ]
INFO: [ view_filter ] --START--
INFO: Run Behavior\WriteHtmlCacheBehavior [ RunTime:0.001480s ]
INFO: [ view_filter ] --END-- [ RunTime:0.001578s ]
INFO: [ app_end ] --START--
INFO: Run Behavior\ShowPageTraceBehavior [ RunTime:0.002010s ]
INFO: [ app_end ] --END-- [ RunTime:0.002144s ]

[ 2016-01-23T14:03:48+08:00 ] 127.0.0.1 /xcrm/index.php/home/pro/index?_=1453529027818
INFO: [ app_begin ] --START--
INFO: Run Behavior\ReadHtmlCacheBehavior [ RunTime:0.000566s ]
INFO: [ app_begin ] --END-- [ RunTime:0.001008s ]
NOTIC: [8] Undefined variable: order G:\Project\xcrm\App\Home\Controller\CommonController.class.php 第 81 行.
NOTIC: [8] Undefined variable: sort G:\Project\xcrm\App\Home\Controller\CommonController.class.php 第 91 行.
NOTIC: [8] Undefined variable: pageCurrent G:\Project\xcrm\App\Home\Controller\CommonController.class.php 第 99 行.
SQL: SELECT COUNT(*) AS tp_count FROM `xy_pro` LIMIT 1   [ RunTime:0.0003s ]
SQL: SELECT * FROM `xy_pro` ORDER BY `id` desc LIMIT 0,15   [ RunTime:0.0004s ]
INFO: [ view_parse ] --START--
INFO: [ template_filter ] --START--
INFO: Run Behavior\ContentReplaceBehavior [ RunTime:0.000147s ]
INFO: [ template_filter ] --END-- [ RunTime:0.000313s ]
NOTIC: [8] Undefined index: keys G:\Project\xcrm\App\Runtime\Cache\Home\8e393816a0c1a4377ad5e682d62ee611.php 第 8 行.
INFO: Run Behavior\ParseTemplateBehavior [ RunTime:0.020097s ]
INFO: [ view_parse ] --END-- [ RunTime:0.020222s ]
INFO: [ view_filter ] --START--
INFO: Run Behavior\WriteHtmlCacheBehavior [ RunTime:0.000869s ]
INFO: [ view_filter ] --END-- [ RunTime:0.000972s ]
INFO: [ app_end ] --START--
INFO: Run Behavior\ShowPageTraceBehavior [ RunTime:0.001238s ]
INFO: [ app_end ] --END-- [ RunTime:0.001367s ]

[ 2016-01-23T14:03:50+08:00 ] 127.0.0.1 /xcrm/index.php/Home/Pro/add/navTabId/Pro?_=1453529030055
INFO: [ app_begin ] --START--
INFO: Run Behavior\ReadHtmlCacheBehavior [ RunTime:0.001141s ]
INFO: [ app_begin ] --END-- [ RunTime:0.002107s ]
INFO: [ view_parse ] --START--
INFO: [ template_filter ] --START--
INFO: Run Behavior\ContentReplaceBehavior [ RunTime:0.000088s ]
INFO: [ template_filter ] --END-- [ RunTime:0.000373s ]
NOTIC: [8] Undefined variable: id G:\Project\xcrm\App\Runtime\Cache\Home\20f3dc773c701d88d761238f19bc9db4.php 第 3 行.
NOTIC: [8] Undefined variable: Rs G:\Project\xcrm\App\Runtime\Cache\Home\20f3dc773c701d88d761238f19bc9db4.php 第 7 行.
NOTIC: [8] Undefined variable: Rs G:\Project\xcrm\App\Runtime\Cache\Home\20f3dc773c701d88d761238f19bc9db4.php 第 7 行.
NOTIC: [8] Undefined variable: Rs G:\Project\xcrm\App\Runtime\Cache\Home\20f3dc773c701d88d761238f19bc9db4.php 第 8 行.
NOTIC: [8] Undefined variable: Rs G:\Project\xcrm\App\Runtime\Cache\Home\20f3dc773c701d88d761238f19bc9db4.php 第 8 行.
NOTIC: [8] Undefined variable: Rs G:\Project\xcrm\App\Runtime\Cache\Home\20f3dc773c701d88d761238f19bc9db4.php 第 9 行.
NOTIC: [8] Undefined variable: Rs G:\Project\xcrm\App\Runtime\Cache\Home\20f3dc773c701d88d761238f19bc9db4.php 第 9 行.
NOTIC: [8] Undefined variable: Rs G:\Project\xcrm\App\Runtime\Cache\Home\20f3dc773c701d88d761238f19bc9db4.php 第 9 行.
NOTIC: [8] Undefined variable: Rs G:\Project\xcrm\App\Runtime\Cache\Home\20f3dc773c701d88d761238f19bc9db4.php 第 9 行.
NOTIC: [8] Undefined variable: Rs G:\Project\xcrm\App\Runtime\Cache\Home\20f3dc773c701d88d761238f19bc9db4.php 第 9 行.
NOTIC: [8] Undefined variable: Rs G:\Project\xcrm\App\Runtime\Cache\Home\20f3dc773c701d88d761238f19bc9db4.php 第 11 行.
INFO: Run Behavior\ParseTemplateBehavior [ RunTime:0.026020s ]
INFO: [ view_parse ] --END-- [ RunTime:0.026104s ]
INFO: [ view_filter ] --START--
INFO: Run Behavior\WriteHtmlCacheBehavior [ RunTime:0.003140s ]
INFO: [ view_filter ] --END-- [ RunTime:0.003346s ]
NOTIC: [2] Missing argument 1 for Home\Controller\ProController::_after_add() G:\Project\xcrm\App\Home\Controller\ProController.class.php 第 40 行.
INFO: [ app_end ] --START--
INFO: Run Behavior\ShowPageTraceBehavior [ RunTime:0.001055s ]
INFO: [ app_end ] --END-- [ RunTime:0.001136s ]

[ 2016-01-23T14:09:57+08:00 ] 127.0.0.1 /xcrm/index.php/Home/Pro/add/navTabId/Pro?_=1453529397302
INFO: [ app_begin ] --START--
INFO: Run Behavior\ReadHtmlCacheBehavior [ RunTime:0.001469s ]
INFO: [ app_begin ] --END-- [ RunTime:0.002278s ]
INFO: [ view_parse ] --START--
INFO: [ template_filter ] --START--
INFO: Run Behavior\ContentReplaceBehavior [ RunTime:0.000081s ]
INFO: [ template_filter ] --END-- [ RunTime:0.000179s ]
NOTIC: [8] Undefined variable: id G:\Project\xcrm\App\Runtime\Cache\Home\20f3dc773c701d88d761238f19bc9db4.php 第 3 行.
NOTIC: [8] Undefined variable: Rs G:\Project\xcrm\App\Runtime\Cache\Home\20f3dc773c701d88d761238f19bc9db4.php 第 7 行.
NOTIC: [8] Undefined variable: Rs G:\Project\xcrm\App\Runtime\Cache\Home\20f3dc773c701d88d761238f19bc9db4.php 第 7 行.
NOTIC: [8] Undefined variable: Rs G:\Project\xcrm\App\Runtime\Cache\Home\20f3dc773c701d88d761238f19bc9db4.php 第 8 行.
NOTIC: [8] Undefined variable: Rs G:\Project\xcrm\App\Runtime\Cache\Home\20f3dc773c701d88d761238f19bc9db4.php 第 8 行.
NOTIC: [8] Undefined variable: Rs G:\Project\xcrm\App\Runtime\Cache\Home\20f3dc773c701d88d761238f19bc9db4.php 第 9 行.
NOTIC: [8] Undefined variable: Rs G:\Project\xcrm\App\Runtime\Cache\Home\20f3dc773c701d88d761238f19bc9db4.php 第 9 行.
NOTIC: [8] Undefined variable: Rs G:\Project\xcrm\App\Runtime\Cache\Home\20f3dc773c701d88d761238f19bc9db4.php 第 9 行.
NOTIC: [8] Undefined variable: Rs G:\Project\xcrm\App\Runtime\Cache\Home\20f3dc773c701d88d761238f19bc9db4.php 第 9 行.
NOTIC: [8] Undefined variable: Rs G:\Project\xcrm\App\Runtime\Cache\Home\20f3dc773c701d88d761238f19bc9db4.php 第 9 行.
NOTIC: [8] Undefined variable: Rs G:\Project\xcrm\App\Runtime\Cache\Home\20f3dc773c701d88d761238f19bc9db4.php 第 11 行.
INFO: Run Behavior\ParseTemplateBehavior [ RunTime:0.015245s ]
INFO: [ view_parse ] --END-- [ RunTime:0.015371s ]
INFO: [ view_filter ] --START--
INFO: Run Behavior\WriteHtmlCacheBehavior [ RunTime:0.004371s ]
INFO: [ view_filter ] --END-- [ RunTime:0.004499s ]
NOTIC: [2] Missing argument 1 for Home\Controller\ProController::_after_add() G:\Project\xcrm\App\Home\Controller\ProController.class.php 第 40 行.
INFO: [ app_end ] --START--
INFO: Run Behavior\ShowPageTraceBehavior [ RunTime:0.003110s ]
INFO: [ app_end ] --END-- [ RunTime:0.003202s ]

[ 2016-01-23T14:10:06+08:00 ] 127.0.0.1 /xcrm/index.php/Home/Pro/add/navTabId/Pro?_=1453529406466
INFO: [ app_begin ] --START--
INFO: Run Behavior\ReadHtmlCacheBehavior [ RunTime:0.001749s ]
INFO: [ app_begin ] --END-- [ RunTime:0.002577s ]
INFO: [ view_parse ] --START--
INFO: [ template_filter ] --START--
INFO: Run Behavior\ContentReplaceBehavior [ RunTime:0.000134s ]
INFO: [ template_filter ] --END-- [ RunTime:0.000369s ]
NOTIC: [8] Undefined variable: id G:\Project\xcrm\App\Runtime\Cache\Home\20f3dc773c701d88d761238f19bc9db4.php 第 3 行.
NOTIC: [8] Undefined variable: Rs G:\Project\xcrm\App\Runtime\Cache\Home\20f3dc773c701d88d761238f19bc9db4.php 第 7 行.
NOTIC: [8] Undefined variable: Rs G:\Project\xcrm\App\Runtime\Cache\Home\20f3dc773c701d88d761238f19bc9db4.php 第 7 行.
NOTIC: [8] Undefined variable: Rs G:\Project\xcrm\App\Runtime\Cache\Home\20f3dc773c701d88d761238f19bc9db4.php 第 8 行.
NOTIC: [8] Undefined variable: Rs G:\Project\xcrm\App\Runtime\Cache\Home\20f3dc773c701d88d761238f19bc9db4.php 第 8 行.
NOTIC: [8] Undefined variable: Rs G:\Project\xcrm\App\Runtime\Cache\Home\20f3dc773c701d88d761238f19bc9db4.php 第 9 行.
NOTIC: [8] Undefined variable: Rs G:\Project\xcrm\App\Runtime\Cache\Home\20f3dc773c701d88d761238f19bc9db4.php 第 9 行.
NOTIC: [8] Undefined variable: Rs G:\Project\xcrm\App\Runtime\Cache\Home\20f3dc773c701d88d761238f19bc9db4.php 第 9 行.
NOTIC: [8] Undefined variable: Rs G:\Project\xcrm\App\Runtime\Cache\Home\20f3dc773c701d88d761238f19bc9db4.php 第 9 行.
NOTIC: [8] Undefined variable: Rs G:\Project\xcrm\App\Runtime\Cache\Home\20f3dc773c701d88d761238f19bc9db4.php 第 9 行.
NOTIC: [8] Undefined variable: Rs G:\Project\xcrm\App\Runtime\Cache\Home\20f3dc773c701d88d761238f19bc9db4.php 第 11 行.
INFO: Run Behavior\ParseTemplateBehavior [ RunTime:0.028965s ]
INFO: [ view_parse ] --END-- [ RunTime:0.029095s ]
INFO: [ view_filter ] --START--
INFO: Run Behavior\WriteHtmlCacheBehavior [ RunTime:0.003614s ]
INFO: [ view_filter ] --END-- [ RunTime:0.003715s ]
NOTIC: [2] Missing argument 1 for Home\Controller\ProController::_after_add() G:\Project\xcrm\App\Home\Controller\ProController.class.php 第 40 行.
INFO: [ app_end ] --START--
INFO: Run Behavior\ShowPageTraceBehavior [ RunTime:0.003620s ]
INFO: [ app_end ] --END-- [ RunTime:0.003739s ]

[ 2016-01-23T14:10:12+08:00 ] 127.0.0.1 /xcrm/index.php/Home/Pro/add/navTabId/Pro
INFO: [ app_begin ] --START--
INFO: Run Behavior\ReadHtmlCacheBehavior [ RunTime:0.001632s ]
INFO: [ app_begin ] --END-- [ RunTime:0.002461s ]
ERR: SQLSTATE[HY000]: General error: 1364 Field 'uuid' doesn't have a default value

[ 2016-01-23T14:10:29+08:00 ] 127.0.0.1 /xcrm/index.php/Home/Pro/add/navTabId/Pro
INFO: [ app_begin ] --START--
INFO: Run Behavior\ReadHtmlCacheBehavior [ RunTime:0.002105s ]
INFO: [ app_begin ] --END-- [ RunTime:0.003315s ]
ERR: SQLSTATE[HY000]: General error: 1364 Field 'uuid' doesn't have a default value

[ 2016-01-23T14:10:48+08:00 ] 127.0.0.1 /xcrm/index.php/Home/Pro/add/navTabId/Pro?_=1453529447990
INFO: [ app_begin ] --START--
INFO: Run Behavior\ReadHtmlCacheBehavior [ RunTime:0.001131s ]
INFO: [ app_begin ] --END-- [ RunTime:0.001716s ]
INFO: [ view_parse ] --START--
INFO: [ template_filter ] --START--
INFO: Run Behavior\ContentReplaceBehavior [ RunTime:0.000089s ]
INFO: [ template_filter ] --END-- [ RunTime:0.000202s ]
NOTIC: [8] Undefined variable: id G:\Project\xcrm\App\Runtime\Cache\Home\20f3dc773c701d88d761238f19bc9db4.php 第 3 行.
NOTIC: [8] Undefined variable: Rs G:\Project\xcrm\App\Runtime\Cache\Home\20f3dc773c701d88d761238f19bc9db4.php 第 7 行.
NOTIC: [8] Undefined variable: Rs G:\Project\xcrm\App\Runtime\Cache\Home\20f3dc773c701d88d761238f19bc9db4.php 第 7 行.
NOTIC: [8] Undefined variable: Rs G:\Project\xcrm\App\Runtime\Cache\Home\20f3dc773c701d88d761238f19bc9db4.php 第 8 行.
NOTIC: [8] Undefined variable: Rs G:\Project\xcrm\App\Runtime\Cache\Home\20f3dc773c701d88d761238f19bc9db4.php 第 8 行.
NOTIC: [8] Undefined variable: Rs G:\Project\xcrm\App\Runtime\Cache\Home\20f3dc773c701d88d761238f19bc9db4.php 第 9 行.
NOTIC: [8] Undefined variable: Rs G:\Project\xcrm\App\Runtime\Cache\Home\20f3dc773c701d88d761238f19bc9db4.php 第 9 行.
NOTIC: [8] Undefined variable: Rs G:\Project\xcrm\App\Runtime\Cache\Home\20f3dc773c701d88d761238f19bc9db4.php 第 9 行.
NOTIC: [8] Undefined variable: Rs G:\Project\xcrm\App\Runtime\Cache\Home\20f3dc773c701d88d761238f19bc9db4.php 第 9 行.
NOTIC: [8] Undefined variable: Rs G:\Project\xcrm\App\Runtime\Cache\Home\20f3dc773c701d88d761238f19bc9db4.php 第 9 行.
NOTIC: [8] Undefined variable: Rs G:\Project\xcrm\App\Runtime\Cache\Home\20f3dc773c701d88d761238f19bc9db4.php 第 11 行.
INFO: Run Behavior\ParseTemplateBehavior [ RunTime:0.018146s ]
INFO: [ view_parse ] --END-- [ RunTime:0.018259s ]
INFO: [ view_filter ] --START--
INFO: Run Behavior\WriteHtmlCacheBehavior [ RunTime:0.001777s ]
INFO: [ view_filter ] --END-- [ RunTime:0.001861s ]
NOTIC: [2] Missing argument 1 for Home\Controller\ProController::_after_add() G:\Project\xcrm\App\Home\Controller\ProController.class.php 第 40 行.
INFO: [ app_end ] --START--
INFO: Run Behavior\ShowPageTraceBehavior [ RunTime:0.001391s ]
INFO: [ app_end ] --END-- [ RunTime:0.001456s ]

[ 2016-01-23T14:11:46+08:00 ] 127.0.0.1 /xcrm/index.php/Home/Pro/add/navTabId/Pro?_=1453529506574
INFO: [ app_begin ] --START--
INFO: Run Behavior\ReadHtmlCacheBehavior [ RunTime:0.001535s ]
INFO: [ app_begin ] --END-- [ RunTime:0.002163s ]
INFO: [ view_parse ] --START--
INFO: [ template_filter ] --START--
INFO: Run Behavior\ContentReplaceBehavior [ RunTime:0.000082s ]
INFO: [ template_filter ] --END-- [ RunTime:0.000174s ]
NOTIC: [8] Undefined variable: id G:\Project\xcrm\App\Runtime\Cache\Home\20f3dc773c701d88d761238f19bc9db4.php 第 3 行.
NOTIC: [8] Undefined variable: Rs G:\Project\xcrm\App\Runtime\Cache\Home\20f3dc773c701d88d761238f19bc9db4.php 第 7 行.
NOTIC: [8] Undefined variable: Rs G:\Project\xcrm\App\Runtime\Cache\Home\20f3dc773c701d88d761238f19bc9db4.php 第 7 行.
NOTIC: [8] Undefined variable: Rs G:\Project\xcrm\App\Runtime\Cache\Home\20f3dc773c701d88d761238f19bc9db4.php 第 8 行.
NOTIC: [8] Undefined variable: Rs G:\Project\xcrm\App\Runtime\Cache\Home\20f3dc773c701d88d761238f19bc9db4.php 第 8 行.
NOTIC: [8] Undefined variable: Rs G:\Project\xcrm\App\Runtime\Cache\Home\20f3dc773c701d88d761238f19bc9db4.php 第 9 行.
NOTIC: [8] Undefined variable: Rs G:\Project\xcrm\App\Runtime\Cache\Home\20f3dc773c701d88d761238f19bc9db4.php 第 9 行.
NOTIC: [8] Undefined variable: Rs G:\Project\xcrm\App\Runtime\Cache\Home\20f3dc773c701d88d761238f19bc9db4.php 第 9 行.
NOTIC: [8] Undefined variable: Rs G:\Project\xcrm\App\Runtime\Cache\Home\20f3dc773c701d88d761238f19bc9db4.php 第 9 行.
NOTIC: [8] Undefined variable: Rs G:\Project\xcrm\App\Runtime\Cache\Home\20f3dc773c701d88d761238f19bc9db4.php 第 9 行.
NOTIC: [8] Undefined variable: Rs G:\Project\xcrm\App\Runtime\Cache\Home\20f3dc773c701d88d761238f19bc9db4.php 第 11 行.
INFO: Run Behavior\ParseTemplateBehavior [ RunTime:0.010357s ]
INFO: [ view_parse ] --END-- [ RunTime:0.010431s ]
INFO: [ view_filter ] --START--
INFO: Run Behavior\WriteHtmlCacheBehavior [ RunTime:0.000743s ]
INFO: [ view_filter ] --END-- [ RunTime:0.000790s ]
NOTIC: [2] Missing argument 1 for Home\Controller\ProController::_after_add() G:\Project\xcrm\App\Home\Controller\ProController.class.php 第 40 行.
INFO: [ app_end ] --START--
INFO: Run Behavior\ShowPageTraceBehavior [ RunTime:0.001170s ]
INFO: [ app_end ] --END-- [ RunTime:0.001289s ]

[ 2016-01-23T14:23:16+08:00 ] 127.0.0.1 /xcrm/index.php/home/proin/index?_=1453530195531
INFO: [ app_begin ] --START--
INFO: Run Behavior\ReadHtmlCacheBehavior [ RunTime:0.001334s ]
INFO: [ app_begin ] --END-- [ RunTime:0.002515s ]
NOTIC: [8] Undefined variable: order G:\Project\xcrm\App\Home\Controller\CommonController.class.php 第 81 行.
NOTIC: [8] Undefined variable: sort G:\Project\xcrm\App\Home\Controller\CommonController.class.php 第 91 行.
NOTIC: [8] Undefined variable: pageCurrent G:\Project\xcrm\App\Home\Controller\CommonController.class.php 第 99 行.
SQL: SELECT COUNT(*) AS tp_count FROM `xy_proin` LIMIT 1   [ RunTime:0.0013s ]
SQL: SELECT * FROM `xy_proin` ORDER BY `id` desc LIMIT 0,15   [ RunTime:0.0007s ]
INFO: [ view_parse ] --START--
INFO: [ template_filter ] --START--
INFO: Run Behavior\ContentReplaceBehavior [ RunTime:0.000089s ]
INFO: [ template_filter ] --END-- [ RunTime:0.000181s ]
NOTIC: [8] Undefined index: keys G:\Project\xcrm\App\Runtime\Cache\Home\e4ec4bc2ee9bde35ebab898686312afd.php 第 8 行.
INFO: Run Behavior\ParseTemplateBehavior [ RunTime:0.046310s ]
INFO: [ view_parse ] --END-- [ RunTime:0.046436s ]
INFO: [ view_filter ] --START--
INFO: Run Behavior\WriteHtmlCacheBehavior [ RunTime:0.000764s ]
INFO: [ view_filter ] --END-- [ RunTime:0.000834s ]
INFO: [ app_end ] --START--
INFO: Run Behavior\ShowPageTraceBehavior [ RunTime:0.001074s ]
INFO: [ app_end ] --END-- [ RunTime:0.001165s ]

[ 2016-01-23T14:23:18+08:00 ] 127.0.0.1 /xcrm/index.php/Home/Proin/add/navTabId/Proin?_=1453530198309
INFO: [ app_begin ] --START--
INFO: Run Behavior\ReadHtmlCacheBehavior [ RunTime:0.000837s ]
INFO: [ app_begin ] --END-- [ RunTime:0.001563s ]
INFO: [ view_parse ] --START--
INFO: [ template_filter ] --START--
INFO: Run Behavior\ContentReplaceBehavior [ RunTime:0.000056s ]
INFO: [ template_filter ] --END-- [ RunTime:0.000119s ]
NOTIC: [8] Undefined variable: id G:\Project\xcrm\App\Runtime\Cache\Home\7f1482cfe5d47e90a457077f0a90a755.php 第 3 行.
NOTIC: [8] Undefined variable: Rs G:\Project\xcrm\App\Runtime\Cache\Home\7f1482cfe5d47e90a457077f0a90a755.php 第 7 行.
NOTIC: [8] Undefined variable: Rs G:\Project\xcrm\App\Runtime\Cache\Home\7f1482cfe5d47e90a457077f0a90a755.php 第 7 行.
NOTIC: [8] Undefined variable: Rs G:\Project\xcrm\App\Runtime\Cache\Home\7f1482cfe5d47e90a457077f0a90a755.php 第 8 行.
NOTIC: [8] Undefined variable: Rs G:\Project\xcrm\App\Runtime\Cache\Home\7f1482cfe5d47e90a457077f0a90a755.php 第 8 行.
NOTIC: [8] Undefined variable: Rs G:\Project\xcrm\App\Runtime\Cache\Home\7f1482cfe5d47e90a457077f0a90a755.php 第 9 行.
NOTIC: [8] Undefined variable: Rs G:\Project\xcrm\App\Runtime\Cache\Home\7f1482cfe5d47e90a457077f0a90a755.php 第 9 行.
NOTIC: [8] Undefined variable: Rs G:\Project\xcrm\App\Runtime\Cache\Home\7f1482cfe5d47e90a457077f0a90a755.php 第 10 行.
NOTIC: [8] Undefined variable: Rs G:\Project\xcrm\App\Runtime\Cache\Home\7f1482cfe5d47e90a457077f0a90a755.php 第 10 行.
NOTIC: [8] Undefined variable: Rs G:\Project\xcrm\App\Runtime\Cache\Home\7f1482cfe5d47e90a457077f0a90a755.php 第 11 行.
INFO: Run Behavior\ParseTemplateBehavior [ RunTime:0.027778s ]
INFO: [ view_parse ] --END-- [ RunTime:0.027893s ]
INFO: [ view_filter ] --START--
INFO: Run Behavior\WriteHtmlCacheBehavior [ RunTime:0.000708s ]
INFO: [ view_filter ] --END-- [ RunTime:0.000805s ]
NOTIC: [2] Missing argument 1 for Home\Controller\ProinController::_after_add() G:\Project\xcrm\App\Home\Controller\ProinController.class.php 第 40 行.
INFO: [ app_end ] --START--
INFO: Run Behavior\ShowPageTraceBehavior [ RunTime:0.000929s ]
INFO: [ app_end ] --END-- [ RunTime:0.001020s ]

[ 2016-01-23T14:23:25+08:00 ] 127.0.0.1 /xcrm/index.php/Home/public/proname/navTabId/Proin?_=1453530204269
INFO: [ app_begin ] --START--
INFO: Run Behavior\ReadHtmlCacheBehavior [ RunTime:0.000632s ]
INFO: [ app_begin ] --END-- [ RunTime:0.001156s ]
NOTIC: [8] Undefined variable: order G:\Project\xcrm\App\Home\Controller\PublicController.class.php 第 357 行.
NOTIC: [8] Undefined variable: sort G:\Project\xcrm\App\Home\Controller\PublicController.class.php 第 360 行.
NOTIC: [8] Undefined variable: asc G:\Project\xcrm\App\Home\Controller\PublicController.class.php 第 360 行.
NOTIC: [8] Undefined variable: pageCurrent G:\Project\xcrm\App\Home\Controller\PublicController.class.php 第 363 行.
NOTIC: [8] Undefined variable: where G:\Project\xcrm\App\Home\Controller\PublicController.class.php 第 378 行.
SQL: SELECT * FROM `xy_pro` ORDER BY `id` desc LIMIT 0,10   [ RunTime:0.0010s ]
NOTIC: [8] Undefined variable: where G:\Project\xcrm\App\Home\Controller\PublicController.class.php 第 380 行.
SQL: SELECT COUNT(*) AS tp_count FROM `xy_pro` LIMIT 1   [ RunTime:0.0005s ]
INFO: [ view_parse ] --START--
INFO: [ template_filter ] --START--
INFO: Run Behavior\ContentReplaceBehavior [ RunTime:0.000111s ]
INFO: [ template_filter ] --END-- [ RunTime:0.000239s ]
NOTIC: [8] Undefined index: keys G:\Project\xcrm\App\Runtime\Cache\Home\35d167c347795b75f1537e6a9732c1dd.php 第 11 行.
INFO: Run Behavior\ParseTemplateBehavior [ RunTime:0.076431s ]
INFO: [ view_parse ] --END-- [ RunTime:0.076606s ]
INFO: [ view_filter ] --START--
INFO: Run Behavior\WriteHtmlCacheBehavior [ RunTime:0.001225s ]
INFO: [ view_filter ] --END-- [ RunTime:0.001338s ]
INFO: [ app_end ] --START--
INFO: Run Behavior\ShowPageTraceBehavior [ RunTime:0.001853s ]
INFO: [ app_end ] --END-- [ RunTime:0.001981s ]

[ 2016-01-23T14:23:43+08:00 ] 127.0.0.1 /xcrm/index.php/Home/public/user/navTabId/Proin?_=1453530222048
INFO: [ app_begin ] --START--
INFO: Run Behavior\ReadHtmlCacheBehavior [ RunTime:0.000574s ]
INFO: [ app_begin ] --END-- [ RunTime:0.001071s ]
NOTIC: [8] Undefined variable: order G:\Project\xcrm\App\Home\Controller\PublicController.class.php 第 242 行.
NOTIC: [8] Undefined variable: sort G:\Project\xcrm\App\Home\Controller\PublicController.class.php 第 245 行.
NOTIC: [8] Undefined variable: asc G:\Project\xcrm\App\Home\Controller\PublicController.class.php 第 245 行.
NOTIC: [8] Undefined variable: pageCurrent G:\Project\xcrm\App\Home\Controller\PublicController.class.php 第 248 行.
NOTIC: [8] Undefined variable: where G:\Project\xcrm\App\Home\Controller\PublicController.class.php 第 263 行.
SQL: SELECT * FROM `xy_user` ORDER BY `id` desc LIMIT 0,10   [ RunTime:0.0020s ]
NOTIC: [8] Undefined variable: where G:\Project\xcrm\App\Home\Controller\PublicController.class.php 第 265 行.
SQL: SELECT COUNT(*) AS tp_count FROM `xy_user` LIMIT 1   [ RunTime:0.0006s ]
SQL: SELECT * FROM `xy_auth_group` WHERE `pid` = 0 AND `type` = 0 ORDER BY sort  [ RunTime:0.0270s ]
SQL: SELECT * FROM `xy_auth_group` WHERE `pid` = 1 AND `type` = 0 ORDER BY sort  [ RunTime:0.0006s ]
SQL: SELECT * FROM `xy_auth_group` WHERE `pid` = 2 AND `type` = 0 ORDER BY sort  [ RunTime:0.0005s ]
SQL: SELECT * FROM `xy_auth_group` WHERE `pid` = 3 AND `type` = 0 ORDER BY sort  [ RunTime:0.0006s ]
SQL: SELECT * FROM `xy_auth_group` WHERE `pid` = 4 AND `type` = 0 ORDER BY sort  [ RunTime:0.0006s ]
SQL: SELECT * FROM `xy_auth_group` WHERE `pid` = 8 AND `type` = 0 ORDER BY sort  [ RunTime:0.0005s ]
SQL: SELECT * FROM `xy_auth_group` WHERE `pid` = 10 AND `type` = 0 ORDER BY sort  [ RunTime:0.0005s ]
SQL: SELECT * FROM `xy_auth_group` WHERE `pid` = 12 AND `type` = 0 ORDER BY sort  [ RunTime:0.0004s ]
SQL: SELECT * FROM `xy_auth_group` WHERE `pid` = 9 AND `type` = 0 ORDER BY sort  [ RunTime:0.0004s ]
INFO: [ view_parse ] --START--
INFO: [ template_filter ] --START--
INFO: Run Behavior\ContentReplaceBehavior [ RunTime:0.000150s ]
INFO: [ template_filter ] --END-- [ RunTime:0.000341s ]
NOTIC: [8] Undefined index: filter G:\Project\xcrm\App\Runtime\Cache\Home\ef33f9a056f61c661d82bc37821c7338.php 第 9 行.
NOTIC: [8] Undefined index: filter G:\Project\xcrm\App\Runtime\Cache\Home\ef33f9a056f61c661d82bc37821c7338.php 第 9 行.
NOTIC: [8] Undefined index: filter G:\Project\xcrm\App\Runtime\Cache\Home\ef33f9a056f61c661d82bc37821c7338.php 第 9 行.
NOTIC: [8] Undefined index: filter G:\Project\xcrm\App\Runtime\Cache\Home\ef33f9a056f61c661d82bc37821c7338.php 第 9 行.
NOTIC: [8] Undefined index: filter G:\Project\xcrm\App\Runtime\Cache\Home\ef33f9a056f61c661d82bc37821c7338.php 第 9 行.
NOTIC: [8] Undefined index: filter G:\Project\xcrm\App\Runtime\Cache\Home\ef33f9a056f61c661d82bc37821c7338.php 第 9 行.
NOTIC: [8] Undefined index: filter G:\Project\xcrm\App\Runtime\Cache\Home\ef33f9a056f61c661d82bc37821c7338.php 第 9 行.
NOTIC: [8] Undefined index: filter G:\Project\xcrm\App\Runtime\Cache\Home\ef33f9a056f61c661d82bc37821c7338.php 第 9 行.
NOTIC: [8] Undefined index: filter G:\Project\xcrm\App\Runtime\Cache\Home\ef33f9a056f61c661d82bc37821c7338.php 第 9 行.
NOTIC: [8] Undefined index: filter G:\Project\xcrm\App\Runtime\Cache\Home\ef33f9a056f61c661d82bc37821c7338.php 第 9 行.
NOTIC: [8] Undefined index: filter G:\Project\xcrm\App\Runtime\Cache\Home\ef33f9a056f61c661d82bc37821c7338.php 第 9 行.
NOTIC: [8] Undefined index: filter G:\Project\xcrm\App\Runtime\Cache\Home\ef33f9a056f61c661d82bc37821c7338.php 第 9 行.
NOTIC: [8] Undefined index: filter G:\Project\xcrm\App\Runtime\Cache\Home\ef33f9a056f61c661d82bc37821c7338.php 第 9 行.
NOTIC: [8] Undefined index: filter G:\Project\xcrm\App\Runtime\Cache\Home\ef33f9a056f61c661d82bc37821c7338.php 第 9 行.
NOTIC: [8] Undefined index: filter G:\Project\xcrm\App\Runtime\Cache\Home\ef33f9a056f61c661d82bc37821c7338.php 第 9 行.
NOTIC: [8] Undefined index: filter G:\Project\xcrm\App\Runtime\Cache\Home\ef33f9a056f61c661d82bc37821c7338.php 第 9 行.
NOTIC: [8] Undefined index: keys G:\Project\xcrm\App\Runtime\Cache\Home\ef33f9a056f61c661d82bc37821c7338.php 第 11 行.
INFO: Run Behavior\ParseTemplateBehavior [ RunTime:0.057828s ]
INFO: [ view_parse ] --END-- [ RunTime:0.057992s ]
INFO: [ view_filter ] --START--
INFO: Run Behavior\WriteHtmlCacheBehavior [ RunTime:0.000970s ]
INFO: [ view_filter ] --END-- [ RunTime:0.001085s ]
INFO: [ app_end ] --START--
INFO: Run Behavior\ShowPageTraceBehavior [ RunTime:0.001636s ]
INFO: [ app_end ] --END-- [ RunTime:0.001770s ]

[ 2016-01-23T14:24:00+08:00 ] 127.0.0.1 /xcrm/index.php/Home/Proin/add/navTabId/Proin
INFO: [ app_begin ] --START--
INFO: Run Behavior\ReadHtmlCacheBehavior [ RunTime:0.000865s ]
INFO: [ app_begin ] --END-- [ RunTime:0.001378s ]
SQL: UPDATE `xy_pro` SET `ruku`=ruku+10 WHERE ( id=1 ) [ RunTime:0.0008s ]
SQL: UPDATE `xy_pro` SET `kucun`=kucun+10 WHERE ( id=1 ) [ RunTime:0.0005s ]
ERR: SQLSTATE[HY000]: General error: 1364 Field 'uuid' doesn't have a default value

[ 2016-01-23T14:24:28+08:00 ] 127.0.0.1 /xcrm/index.php/Home/Pro/edit/id/1/navTabId/Pro?_=1453530267340
INFO: [ app_begin ] --START--
INFO: Run Behavior\ReadHtmlCacheBehavior [ RunTime:0.000595s ]
INFO: [ app_begin ] --END-- [ RunTime:0.001106s ]
SQL: SELECT * FROM `xy_pro` WHERE `id` = 1 LIMIT 1   [ RunTime:0.0010s ]
NOTIC: [8] Undefined index: attid G:\Project\xcrm\App\Home\Controller\ProController.class.php 第 52 行.
SQL: SELECT * FROM `xy_pro` WHERE `id` = 1 LIMIT 1   [ RunTime:0.0004s ]
INFO: [ view_parse ] --START--
INFO: [ template_filter ] --START--
INFO: Run Behavior\ContentReplaceBehavior [ RunTime:0.000111s ]
INFO: [ template_filter ] --END-- [ RunTime:0.000271s ]
INFO: Run Behavior\ParseTemplateBehavior [ RunTime:0.017848s ]
INFO: [ view_parse ] --END-- [ RunTime:0.017995s ]
INFO: [ view_filter ] --START--
INFO: Run Behavior\WriteHtmlCacheBehavior [ RunTime:0.000794s ]
INFO: [ view_filter ] --END-- [ RunTime:0.000898s ]
NOTIC: [2] Missing argument 1 for Home\Controller\ProController::_after_edit() G:\Project\xcrm\App\Home\Controller\ProController.class.php 第 60 行.
INFO: [ app_end ] --START--
INFO: Run Behavior\ShowPageTraceBehavior [ RunTime:0.001452s ]
INFO: [ app_end ] --END-- [ RunTime:0.001572s ]

[ 2016-01-23T14:24:31+08:00 ] 127.0.0.1 /xcrm/index.php/Home/Pro/edit/navTabId/Pro
INFO: [ app_begin ] --START--
INFO: Run Behavior\ReadHtmlCacheBehavior [ RunTime:0.000613s ]
INFO: [ app_begin ] --END-- [ RunTime:0.001117s ]
SQL: UPDATE `xy_pro` SET `name`='打印纸',`fenlei`='办公用品',`jiage`='96',`sjiage`='0',`type`='只',`title`='10包/箱',`beizhu`='&lt;p&gt;
	调动
&lt;/p&gt;',`uuid`='1',`uuname`='陈高明',`updatetime`='2016-01-23 14:24:30' WHERE `id` = 1 [ RunTime:0.0003s ]
SQL: UPDATE `xy_user` SET `update_time`='1453530271' WHERE `id` = 1 [ RunTime:0.0004s ]
SQL: INSERT INTO `xy_log` (`username`,`content`,`os`,`url`,`addtime`,`ip`) VALUES ('admin','编辑成功','Mozilla/5.0 (Windows NT 6.1; WOW64) AppleWebKit/537.36 (KHTML, like Gecko) Chrome/47.0.2526.106 Safari/537.36','/xcrm/index.php?m=Home&c=Pro&a=edit','2016-01-23 14:24:31','127.0.0.1') [ RunTime:0.0010s ]

[ 2016-01-23T14:24:32+08:00 ] 127.0.0.1 /xcrm/index.php/home/pro/index?_=1453530271258
INFO: [ app_begin ] --START--
INFO: Run Behavior\ReadHtmlCacheBehavior [ RunTime:0.000647s ]
INFO: [ app_begin ] --END-- [ RunTime:0.001199s ]
NOTIC: [8] Undefined variable: order G:\Project\xcrm\App\Home\Controller\CommonController.class.php 第 81 行.
NOTIC: [8] Undefined variable: sort G:\Project\xcrm\App\Home\Controller\CommonController.class.php 第 91 行.
NOTIC: [8] Undefined variable: pageCurrent G:\Project\xcrm\App\Home\Controller\CommonController.class.php 第 99 行.
SQL: SELECT COUNT(*) AS tp_count FROM `xy_pro` LIMIT 1   [ RunTime:0.0005s ]
SQL: SELECT * FROM `xy_pro` ORDER BY `id` desc LIMIT 0,15   [ RunTime:0.0008s ]
INFO: [ view_parse ] --START--
INFO: [ template_filter ] --START--
INFO: Run Behavior\ContentReplaceBehavior [ RunTime:0.000191s ]
INFO: [ template_filter ] --END-- [ RunTime:0.000321s ]
NOTIC: [8] Undefined index: keys G:\Project\xcrm\App\Runtime\Cache\Home\8e393816a0c1a4377ad5e682d62ee611.php 第 8 行.
INFO: Run Behavior\ParseTemplateBehavior [ RunTime:0.022148s ]
INFO: [ view_parse ] --END-- [ RunTime:0.022282s ]
INFO: [ view_filter ] --START--
INFO: Run Behavior\WriteHtmlCacheBehavior [ RunTime:0.000923s ]
INFO: [ view_filter ] --END-- [ RunTime:0.001030s ]
INFO: [ app_end ] --START--
INFO: Run Behavior\ShowPageTraceBehavior [ RunTime:0.001465s ]
INFO: [ app_end ] --END-- [ RunTime:0.001574s ]

[ 2016-01-23T14:40:28+08:00 ] 127.0.0.1 /xcrm/index.php/Home/Proin/view/id/2/navTabId/Proin?_=1453531227263
INFO: [ app_begin ] --START--
INFO: Run Behavior\ReadHtmlCacheBehavior [ RunTime:0.006526s ]
INFO: [ app_begin ] --END-- [ RunTime:0.007399s ]
SQL: SELECT * FROM `xy_proin` WHERE `id` = 2 LIMIT 1   [ RunTime:0.0008s ]
INFO: [ view_parse ] --START--
INFO: [ template_filter ] --START--
INFO: Run Behavior\ContentReplaceBehavior [ RunTime:0.000092s ]
INFO: [ template_filter ] --END-- [ RunTime:0.000216s ]
INFO: Run Behavior\ParseTemplateBehavior [ RunTime:0.039742s ]
INFO: [ view_parse ] --END-- [ RunTime:0.039896s ]
INFO: [ view_filter ] --START--
INFO: Run Behavior\WriteHtmlCacheBehavior [ RunTime:0.001424s ]
INFO: [ view_filter ] --END-- [ RunTime:0.001553s ]
INFO: [ app_end ] --START--
INFO: Run Behavior\ShowPageTraceBehavior [ RunTime:0.001736s ]
INFO: [ app_end ] --END-- [ RunTime:0.001850s ]

[ 2016-01-23T14:40:36+08:00 ] 127.0.0.1 /xcrm/index.php/Home/Proin/view/id/2/navTabId/Proin?_=1453531234943
INFO: [ app_begin ] --START--
INFO: Run Behavior\ReadHtmlCacheBehavior [ RunTime:0.001245s ]
INFO: [ app_begin ] --END-- [ RunTime:0.001869s ]
SQL: SELECT * FROM `xy_proin` WHERE `id` = 2 LIMIT 1   [ RunTime:0.0006s ]
INFO: [ view_parse ] --START--
INFO: [ template_filter ] --START--
INFO: Run Behavior\ContentReplaceBehavior [ RunTime:0.000101s ]
INFO: [ template_filter ] --END-- [ RunTime:0.000273s ]
INFO: Run Behavior\ParseTemplateBehavior [ RunTime:0.016854s ]
INFO: [ view_parse ] --END-- [ RunTime:0.017074s ]
INFO: [ view_filter ] --START--
INFO: Run Behavior\WriteHtmlCacheBehavior [ RunTime:0.000938s ]
INFO: [ view_filter ] --END-- [ RunTime:0.001113s ]
INFO: [ app_end ] --START--
INFO: Run Behavior\ShowPageTraceBehavior [ RunTime:0.001806s ]
INFO: [ app_end ] --END-- [ RunTime:0.001922s ]

[ 2016-01-23T15:02:40+08:00 ] 127.0.0.1 /xcrm/index.php/home/stock/index?_=1453532559227
INFO: [ app_begin ] --START--
INFO: Run Behavior\ReadHtmlCacheBehavior [ RunTime:0.000978s ]
INFO: [ app_begin ] --END-- [ RunTime:0.001558s ]
NOTIC: [8] Undefined variable: order G:\Project\xcrm\App\Home\Controller\CommonController.class.php 第 81 行.
NOTIC: [8] Undefined variable: sort G:\Project\xcrm\App\Home\Controller\CommonController.class.php 第 91 行.
NOTIC: [8] Undefined variable: pageCurrent G:\Project\xcrm\App\Home\Controller\CommonController.class.php 第 99 行.
SQL: SELECT COUNT(*) AS tp_count FROM `xy_pro` LIMIT 1   [ RunTime:0.0005s ]
SQL: SELECT * FROM `xy_pro` ORDER BY `id` desc LIMIT 0,15   [ RunTime:0.0005s ]
INFO: [ view_parse ] --START--
INFO: [ template_filter ] --START--
INFO: Run Behavior\ContentReplaceBehavior [ RunTime:0.000122s ]
INFO: [ template_filter ] --END-- [ RunTime:0.000260s ]
NOTIC: [8] Undefined index: keys G:\Project\xcrm\App\Runtime\Cache\Home\e1d871e969a1d8602b29ecd1245d4cd7.php 第 8 行.
INFO: Run Behavior\ParseTemplateBehavior [ RunTime:0.038682s ]
INFO: [ view_parse ] --END-- [ RunTime:0.038854s ]
INFO: [ view_filter ] --START--
INFO: Run Behavior\WriteHtmlCacheBehavior [ RunTime:0.001968s ]
INFO: [ view_filter ] --END-- [ RunTime:0.002079s ]
INFO: [ app_end ] --START--
INFO: Run Behavior\ShowPageTraceBehavior [ RunTime:0.002336s ]
INFO: [ app_end ] --END-- [ RunTime:0.002450s ]

[ 2016-01-23T15:04:02+08:00 ] 127.0.0.1 /xcrm/index.php/home/stock/baojing?_=1453532641761
INFO: [ app_begin ] --START--
INFO: Run Behavior\ReadHtmlCacheBehavior [ RunTime:0.001064s ]
INFO: [ app_begin ] --END-- [ RunTime:0.001666s ]
SQL: SELECT * FROM `xy_pro` WHERE ( kucun<10 )  [ RunTime:0.0019s ]
INFO: [ view_parse ] --START--
INFO: [ template_filter ] --START--
INFO: Run Behavior\ContentReplaceBehavior [ RunTime:0.000124s ]
INFO: [ template_filter ] --END-- [ RunTime:0.000262s ]
NOTIC: [8] Undefined variable: numPerPage G:\Project\xcrm\App\Runtime\Cache\Home\e1d871e969a1d8602b29ecd1245d4cd7.php 第 4 行.
NOTIC: [8] Undefined index: keys G:\Project\xcrm\App\Runtime\Cache\Home\e1d871e969a1d8602b29ecd1245d4cd7.php 第 8 行.
NOTIC: [8] Undefined variable: totalCount G:\Project\xcrm\App\Runtime\Cache\Home\e1d871e969a1d8602b29ecd1245d4cd7.php 第 63 行.
NOTIC: [8] Undefined variable: numPerPage G:\Project\xcrm\App\Runtime\Cache\Home\e1d871e969a1d8602b29ecd1245d4cd7.php 第 63 行.
NOTIC: [8] Undefined variable: totalCount G:\Project\xcrm\App\Runtime\Cache\Home\e1d871e969a1d8602b29ecd1245d4cd7.php 第 65 行.
NOTIC: [8] Undefined variable: numPerPage G:\Project\xcrm\App\Runtime\Cache\Home\e1d871e969a1d8602b29ecd1245d4cd7.php 第 65 行.
NOTIC: [8] Undefined variable: currentPage G:\Project\xcrm\App\Runtime\Cache\Home\e1d871e969a1d8602b29ecd1245d4cd7.php 第 65 行.
INFO: Run Behavior\ParseTemplateBehavior [ RunTime:0.026121s ]
INFO: [ view_parse ] --END-- [ RunTime:0.026264s ]
INFO: [ view_filter ] --START--
INFO: Run Behavior\WriteHtmlCacheBehavior [ RunTime:0.001859s ]
INFO: [ view_filter ] --END-- [ RunTime:0.001975s ]
INFO: [ app_end ] --START--
INFO: Run Behavior\ShowPageTraceBehavior [ RunTime:0.003548s ]
INFO: [ app_end ] --END-- [ RunTime:0.003687s ]

[ 2016-01-23T15:11:37+08:00 ] 127.0.0.1 /xcrm/index.php/home/stock/index?_=1453533096448
INFO: [ app_begin ] --START--
INFO: Run Behavior\ReadHtmlCacheBehavior [ RunTime:0.001550s ]
INFO: [ app_begin ] --END-- [ RunTime:0.002754s ]
NOTIC: [8] Undefined variable: order G:\Project\xcrm\App\Home\Controller\CommonController.class.php 第 81 行.
NOTIC: [8] Undefined variable: sort G:\Project\xcrm\App\Home\Controller\CommonController.class.php 第 91 行.
NOTIC: [8] Undefined variable: pageCurrent G:\Project\xcrm\App\Home\Controller\CommonController.class.php 第 99 行.
SQL: SELECT COUNT(*) AS tp_count FROM `xy_pro` LIMIT 1   [ RunTime:0.0004s ]
SQL: SELECT * FROM `xy_pro` ORDER BY `id` desc LIMIT 0,15   [ RunTime:0.0005s ]
INFO: [ view_parse ] --START--
INFO: [ template_filter ] --START--
INFO: Run Behavior\ContentReplaceBehavior [ RunTime:0.000119s ]
INFO: [ template_filter ] --END-- [ RunTime:0.000254s ]
NOTIC: [8] Undefined index: keys G:\Project\xcrm\App\Runtime\Cache\Home\e1d871e969a1d8602b29ecd1245d4cd7.php 第 8 行.
INFO: Run Behavior\ParseTemplateBehavior [ RunTime:0.022120s ]
INFO: [ view_parse ] --END-- [ RunTime:0.022254s ]
INFO: [ view_filter ] --START--
INFO: Run Behavior\WriteHtmlCacheBehavior [ RunTime:0.001140s ]
INFO: [ view_filter ] --END-- [ RunTime:0.001247s ]
INFO: [ app_end ] --START--
INFO: Run Behavior\ShowPageTraceBehavior [ RunTime:0.001715s ]
INFO: [ app_end ] --END-- [ RunTime:0.001830s ]

[ 2016-01-23T15:11:39+08:00 ] 127.0.0.1 /xcrm/index.php/Home/Stock/view/id/2/navTabId/Stock?_=1453533098475
INFO: [ app_begin ] --START--
INFO: Run Behavior\ReadHtmlCacheBehavior [ RunTime:0.001320s ]
INFO: [ app_begin ] --END-- [ RunTime:0.002436s ]
SQL: SELECT * FROM `xy_pro` WHERE `id` = 2 LIMIT 1   [ RunTime:0.0009s ]
INFO: [ view_parse ] --START--
INFO: [ template_filter ] --START--
INFO: Run Behavior\ContentReplaceBehavior [ RunTime:0.000197s ]
INFO: [ template_filter ] --END-- [ RunTime:0.000351s ]
SQL: SELECT * FROM `xy_proin` WHERE `jpid` = 2  [ RunTime:0.0016s ]
SQL: SELECT * FROM `xy_proout` WHERE `jpid` = 2  [ RunTime:0.0008s ]
INFO: Run Behavior\ParseTemplateBehavior [ RunTime:0.073443s ]
INFO: [ view_parse ] --END-- [ RunTime:0.073578s ]
INFO: [ view_filter ] --START--
INFO: Run Behavior\WriteHtmlCacheBehavior [ RunTime:0.000998s ]
INFO: [ view_filter ] --END-- [ RunTime:0.001099s ]
INFO: [ app_end ] --START--
INFO: Run Behavior\ShowPageTraceBehavior [ RunTime:0.001462s ]
INFO: [ app_end ] --END-- [ RunTime:0.001564s ]

[ 2016-01-23T15:12:04+08:00 ] 127.0.0.1 /xcrm/index.php/home/stock/baojing?_=1453533123781
INFO: [ app_begin ] --START--
INFO: Run Behavior\ReadHtmlCacheBehavior [ RunTime:0.001283s ]
INFO: [ app_begin ] --END-- [ RunTime:0.002360s ]
SQL: SELECT * FROM `xy_pro` WHERE ( kucun<10 )  [ RunTime:0.0004s ]
INFO: [ view_parse ] --START--
INFO: [ template_filter ] --START--
INFO: Run Behavior\ContentReplaceBehavior [ RunTime:0.000134s ]
INFO: [ template_filter ] --END-- [ RunTime:0.000261s ]
NOTIC: [8] Undefined variable: numPerPage G:\Project\xcrm\App\Runtime\Cache\Home\e1d871e969a1d8602b29ecd1245d4cd7.php 第 4 行.
NOTIC: [8] Undefined index: keys G:\Project\xcrm\App\Runtime\Cache\Home\e1d871e969a1d8602b29ecd1245d4cd7.php 第 8 行.
NOTIC: [8] Undefined variable: totalCount G:\Project\xcrm\App\Runtime\Cache\Home\e1d871e969a1d8602b29ecd1245d4cd7.php 第 63 行.
NOTIC: [8] Undefined variable: numPerPage G:\Project\xcrm\App\Runtime\Cache\Home\e1d871e969a1d8602b29ecd1245d4cd7.php 第 63 行.
NOTIC: [8] Undefined variable: totalCount G:\Project\xcrm\App\Runtime\Cache\Home\e1d871e969a1d8602b29ecd1245d4cd7.php 第 65 行.
NOTIC: [8] Undefined variable: numPerPage G:\Project\xcrm\App\Runtime\Cache\Home\e1d871e969a1d8602b29ecd1245d4cd7.php 第 65 行.
NOTIC: [8] Undefined variable: currentPage G:\Project\xcrm\App\Runtime\Cache\Home\e1d871e969a1d8602b29ecd1245d4cd7.php 第 65 行.
INFO: Run Behavior\ParseTemplateBehavior [ RunTime:0.019767s ]
INFO: [ view_parse ] --END-- [ RunTime:0.019915s ]
INFO: [ view_filter ] --START--
INFO: Run Behavior\WriteHtmlCacheBehavior [ RunTime:0.000979s ]
INFO: [ view_filter ] --END-- [ RunTime:0.001101s ]
INFO: [ app_end ] --START--
INFO: Run Behavior\ShowPageTraceBehavior [ RunTime:0.001529s ]
INFO: [ app_end ] --END-- [ RunTime:0.001689s ]

[ 2016-01-23T15:53:41+08:00 ] 127.0.0.1 /xcrm/index.php/home/pro/index?_=1453535620456
INFO: [ app_begin ] --START--
INFO: Run Behavior\ReadHtmlCacheBehavior [ RunTime:0.001688s ]
INFO: [ app_begin ] --END-- [ RunTime:0.002400s ]
NOTIC: [8] Undefined variable: order G:\Project\xcrm\App\Home\Controller\CommonController.class.php 第 81 行.
NOTIC: [8] Undefined variable: sort G:\Project\xcrm\App\Home\Controller\CommonController.class.php 第 91 行.
NOTIC: [8] Undefined variable: pageCurrent G:\Project\xcrm\App\Home\Controller\CommonController.class.php 第 99 行.
SQL: SELECT COUNT(*) AS tp_count FROM `xy_pro` LIMIT 1   [ RunTime:0.0004s ]
SQL: SELECT * FROM `xy_pro` ORDER BY `id` desc LIMIT 0,15   [ RunTime:0.0005s ]
INFO: [ view_parse ] --START--
INFO: [ template_filter ] --START--
INFO: Run Behavior\ContentReplaceBehavior [ RunTime:0.000091s ]
INFO: [ template_filter ] --END-- [ RunTime:0.000174s ]
NOTIC: [8] Undefined index: keys G:\Project\xcrm\App\Runtime\Cache\Home\8e393816a0c1a4377ad5e682d62ee611.php 第 8 行.
INFO: Run Behavior\ParseTemplateBehavior [ RunTime:0.028464s ]
INFO: [ view_parse ] --END-- [ RunTime:0.028571s ]
INFO: [ view_filter ] --START--
INFO: Run Behavior\WriteHtmlCacheBehavior [ RunTime:0.001966s ]
INFO: [ view_filter ] --END-- [ RunTime:0.002039s ]
INFO: [ app_end ] --START--
INFO: Run Behavior\ShowPageTraceBehavior [ RunTime:0.002315s ]
INFO: [ app_end ] --END-- [ RunTime:0.002390s ]

[ 2016-01-23T15:53:43+08:00 ] 127.0.0.1 /xcrm/index.php/Home/Pro/add/navTabId/Pro?_=1453535623495
INFO: [ app_begin ] --START--
INFO: Run Behavior\ReadHtmlCacheBehavior [ RunTime:0.001507s ]
INFO: [ app_begin ] --END-- [ RunTime:0.002178s ]
INFO: [ view_parse ] --START--
INFO: [ template_filter ] --START--
INFO: Run Behavior\ContentReplaceBehavior [ RunTime:0.000059s ]
INFO: [ template_filter ] --END-- [ RunTime:0.000129s ]
NOTIC: [8] Undefined variable: id G:\Project\xcrm\App\Runtime\Cache\Home\20f3dc773c701d88d761238f19bc9db4.php 第 3 行.
NOTIC: [8] Undefined variable: Rs G:\Project\xcrm\App\Runtime\Cache\Home\20f3dc773c701d88d761238f19bc9db4.php 第 7 行.
NOTIC: [8] Undefined variable: Rs G:\Project\xcrm\App\Runtime\Cache\Home\20f3dc773c701d88d761238f19bc9db4.php 第 7 行.
NOTIC: [8] Undefined variable: Rs G:\Project\xcrm\App\Runtime\Cache\Home\20f3dc773c701d88d761238f19bc9db4.php 第 8 行.
NOTIC: [8] Undefined variable: Rs G:\Project\xcrm\App\Runtime\Cache\Home\20f3dc773c701d88d761238f19bc9db4.php 第 8 行.
NOTIC: [8] Undefined variable: Rs G:\Project\xcrm\App\Runtime\Cache\Home\20f3dc773c701d88d761238f19bc9db4.php 第 9 行.
NOTIC: [8] Undefined variable: Rs G:\Project\xcrm\App\Runtime\Cache\Home\20f3dc773c701d88d761238f19bc9db4.php 第 9 行.
NOTIC: [8] Undefined variable: Rs G:\Project\xcrm\App\Runtime\Cache\Home\20f3dc773c701d88d761238f19bc9db4.php 第 9 行.
NOTIC: [8] Undefined variable: Rs G:\Project\xcrm\App\Runtime\Cache\Home\20f3dc773c701d88d761238f19bc9db4.php 第 9 行.
NOTIC: [8] Undefined variable: Rs G:\Project\xcrm\App\Runtime\Cache\Home\20f3dc773c701d88d761238f19bc9db4.php 第 9 行.
NOTIC: [8] Undefined variable: Rs G:\Project\xcrm\App\Runtime\Cache\Home\20f3dc773c701d88d761238f19bc9db4.php 第 11 行.
INFO: Run Behavior\ParseTemplateBehavior [ RunTime:0.020998s ]
INFO: [ view_parse ] --END-- [ RunTime:0.021073s ]
INFO: [ view_filter ] --START--
INFO: Run Behavior\WriteHtmlCacheBehavior [ RunTime:0.002218s ]
INFO: [ view_filter ] --END-- [ RunTime:0.002407s ]
NOTIC: [2] Missing argument 1 for Home\Controller\ProController::_after_add() G:\Project\xcrm\App\Home\Controller\ProController.class.php 第 40 行.
INFO: [ app_end ] --START--
INFO: Run Behavior\ShowPageTraceBehavior [ RunTime:0.003006s ]
INFO: [ app_end ] --END-- [ RunTime:0.003091s ]

[ 2016-01-23T15:53:51+08:00 ] 127.0.0.1 /xcrm/index.php/Home/public/procate/navTabId/Pro?_=1453535630064
INFO: [ app_begin ] --START--
INFO: Run Behavior\ReadHtmlCacheBehavior [ RunTime:0.001165s ]
INFO: [ app_begin ] --END-- [ RunTime:0.002271s ]
SQL: SELECT DISTINCT  `fenlei` FROM `xy_pro`  [ RunTime:0.0148s ]
INFO: [ view_parse ] --START--
INFO: [ template_filter ] --START--
INFO: Run Behavior\ContentReplaceBehavior [ RunTime:0.000087s ]
INFO: [ template_filter ] --END-- [ RunTime:0.000230s ]
INFO: Run Behavior\ParseTemplateBehavior [ RunTime:0.041855s ]
INFO: [ view_parse ] --END-- [ RunTime:0.042120s ]
INFO: [ view_filter ] --START--
INFO: Run Behavior\WriteHtmlCacheBehavior [ RunTime:0.001396s ]
INFO: [ view_filter ] --END-- [ RunTime:0.001510s ]
INFO: [ app_end ] --START--
INFO: Run Behavior\ShowPageTraceBehavior [ RunTime:0.002537s ]
INFO: [ app_end ] --END-- [ RunTime:0.002672s ]

[ 2016-01-23T15:54:10+08:00 ] 127.0.0.1 /xcrm/index.php/Home/Pro/add/navTabId/Pro
INFO: [ app_begin ] --START--
INFO: Run Behavior\ReadHtmlCacheBehavior [ RunTime:0.000681s ]
INFO: [ app_begin ] --END-- [ RunTime:0.001894s ]
ERR: SQLSTATE[HY000]: General error: 1364 Field 'uuid' doesn't have a default value

[ 2016-01-23T15:54:53+08:00 ] 127.0.0.1 /xcrm/index.php/Home/Pro/view/id/2/navTabId/Pro?_=1453535692460
INFO: [ app_begin ] --START--
INFO: Run Behavior\ReadHtmlCacheBehavior [ RunTime:0.000735s ]
INFO: [ app_begin ] --END-- [ RunTime:0.001281s ]
SQL: SELECT * FROM `xy_pro` WHERE `id` = 2 LIMIT 1   [ RunTime:0.0005s ]
INFO: [ view_parse ] --START--
INFO: [ template_filter ] --START--
INFO: Run Behavior\ContentReplaceBehavior [ RunTime:0.000137s ]
INFO: [ template_filter ] --END-- [ RunTime:0.000272s ]
SQL: SELECT * FROM `xy_proin` WHERE `jpid` = 2  [ RunTime:0.0005s ]
SQL: SELECT * FROM `xy_proout` WHERE `jpid` = 2  [ RunTime:0.0005s ]
INFO: Run Behavior\ParseTemplateBehavior [ RunTime:0.054313s ]
INFO: [ view_parse ] --END-- [ RunTime:0.054440s ]
INFO: [ view_filter ] --START--
INFO: Run Behavior\WriteHtmlCacheBehavior [ RunTime:0.001559s ]
INFO: [ view_filter ] --END-- [ RunTime:0.001672s ]
INFO: [ app_end ] --START--
INFO: Run Behavior\ShowPageTraceBehavior [ RunTime:0.001964s ]
INFO: [ app_end ] --END-- [ RunTime:0.002109s ]

[ 2016-01-23T15:55:22+08:00 ] 127.0.0.1 /xcrm/index.php/Home/Pro/view/id/2/navTabId/Pro?_=1453535720940
INFO: [ app_begin ] --START--
INFO: Run Behavior\ReadHtmlCacheBehavior [ RunTime:0.000594s ]
INFO: [ app_begin ] --END-- [ RunTime:0.001067s ]
SQL: SELECT * FROM `xy_pro` WHERE `id` = 2 LIMIT 1   [ RunTime:0.0006s ]
INFO: [ view_parse ] --START--
INFO: [ template_filter ] --START--
INFO: Run Behavior\ContentReplaceBehavior [ RunTime:0.000224s ]
INFO: [ template_filter ] --END-- [ RunTime:0.000351s ]
SQL: SELECT * FROM `xy_proin` WHERE `jpid` = 2  [ RunTime:0.0003s ]
SQL: SELECT * FROM `xy_proout` WHERE `jpid` = 2  [ RunTime:0.0002s ]
INFO: Run Behavior\ParseTemplateBehavior [ RunTime:0.031472s ]
INFO: [ view_parse ] --END-- [ RunTime:0.031577s ]
INFO: [ view_filter ] --START--
INFO: Run Behavior\WriteHtmlCacheBehavior [ RunTime:0.000955s ]
INFO: [ view_filter ] --END-- [ RunTime:0.001028s ]
INFO: [ app_end ] --START--
INFO: Run Behavior\ShowPageTraceBehavior [ RunTime:0.001055s ]
INFO: [ app_end ] --END-- [ RunTime:0.001128s ]

[ 2016-01-23T15:55:35+08:00 ] 127.0.0.1 /xcrm/index.php/Home/Pro/add/navTabId/Pro?_=1453535735217
INFO: [ app_begin ] --START--
INFO: Run Behavior\ReadHtmlCacheBehavior [ RunTime:0.001394s ]
INFO: [ app_begin ] --END-- [ RunTime:0.002937s ]
INFO: [ view_parse ] --START--
INFO: [ template_filter ] --START--
INFO: Run Behavior\ContentReplaceBehavior [ RunTime:0.000114s ]
INFO: [ template_filter ] --END-- [ RunTime:0.000298s ]
NOTIC: [8] Undefined variable: id G:\Project\xcrm\App\Runtime\Cache\Home\20f3dc773c701d88d761238f19bc9db4.php 第 3 行.
NOTIC: [8] Undefined variable: Rs G:\Project\xcrm\App\Runtime\Cache\Home\20f3dc773c701d88d761238f19bc9db4.php 第 7 行.
NOTIC: [8] Undefined variable: Rs G:\Project\xcrm\App\Runtime\Cache\Home\20f3dc773c701d88d761238f19bc9db4.php 第 7 行.
NOTIC: [8] Undefined variable: Rs G:\Project\xcrm\App\Runtime\Cache\Home\20f3dc773c701d88d761238f19bc9db4.php 第 8 行.
NOTIC: [8] Undefined variable: Rs G:\Project\xcrm\App\Runtime\Cache\Home\20f3dc773c701d88d761238f19bc9db4.php 第 8 行.
NOTIC: [8] Undefined variable: Rs G:\Project\xcrm\App\Runtime\Cache\Home\20f3dc773c701d88d761238f19bc9db4.php 第 9 行.
NOTIC: [8] Undefined variable: Rs G:\Project\xcrm\App\Runtime\Cache\Home\20f3dc773c701d88d761238f19bc9db4.php 第 9 行.
NOTIC: [8] Undefined variable: Rs G:\Project\xcrm\App\Runtime\Cache\Home\20f3dc773c701d88d761238f19bc9db4.php 第 9 行.
NOTIC: [8] Undefined variable: Rs G:\Project\xcrm\App\Runtime\Cache\Home\20f3dc773c701d88d761238f19bc9db4.php 第 9 行.
NOTIC: [8] Undefined variable: Rs G:\Project\xcrm\App\Runtime\Cache\Home\20f3dc773c701d88d761238f19bc9db4.php 第 9 行.
NOTIC: [8] Undefined variable: Rs G:\Project\xcrm\App\Runtime\Cache\Home\20f3dc773c701d88d761238f19bc9db4.php 第 11 行.
INFO: Run Behavior\ParseTemplateBehavior [ RunTime:0.016602s ]
INFO: [ view_parse ] --END-- [ RunTime:0.016670s ]
INFO: [ view_filter ] --START--
INFO: Run Behavior\WriteHtmlCacheBehavior [ RunTime:0.000643s ]
INFO: [ view_filter ] --END-- [ RunTime:0.000713s ]
NOTIC: [2] Missing argument 1 for Home\Controller\ProController::_after_add() G:\Project\xcrm\App\Home\Controller\ProController.class.php 第 40 行.
INFO: [ app_end ] --START--
INFO: Run Behavior\ShowPageTraceBehavior [ RunTime:0.001241s ]
INFO: [ app_end ] --END-- [ RunTime:0.001334s ]

[ 2016-01-23T15:55:47+08:00 ] 127.0.0.1 /xcrm/index.php/Home/Pro/view/id/2/navTabId/Pro?_=1453535746106
INFO: [ app_begin ] --START--
INFO: Run Behavior\ReadHtmlCacheBehavior [ RunTime:0.001038s ]
INFO: [ app_begin ] --END-- [ RunTime:0.001889s ]
SQL: SELECT * FROM `xy_pro` WHERE `id` = 2 LIMIT 1   [ RunTime:0.0007s ]
INFO: [ view_parse ] --START--
INFO: [ template_filter ] --START--
INFO: Run Behavior\ContentReplaceBehavior [ RunTime:0.000242s ]
INFO: [ template_filter ] --END-- [ RunTime:0.000438s ]
SQL: SELECT * FROM `xy_proin` WHERE `jpid` = 2  [ RunTime:0.0005s ]
SQL: SELECT * FROM `xy_proout` WHERE `jpid` = 2  [ RunTime:0.0002s ]
INFO: Run Behavior\ParseTemplateBehavior [ RunTime:0.036797s ]
INFO: [ view_parse ] --END-- [ RunTime:0.036927s ]
INFO: [ view_filter ] --START--
INFO: Run Behavior\WriteHtmlCacheBehavior [ RunTime:0.000690s ]
INFO: [ view_filter ] --END-- [ RunTime:0.000745s ]
INFO: [ app_end ] --START--
INFO: Run Behavior\ShowPageTraceBehavior [ RunTime:0.000903s ]
INFO: [ app_end ] --END-- [ RunTime:0.000960s ]

