[ 2016-01-20T09:05:38+08:00 ] 127.0.0.1 /xcrm/index.php/home/proout/index?_=1453251937327
INFO: [ app_begin ] --START--
INFO: Run Behavior\ReadHtmlCacheBehavior [ RunTime:0.000562s ]
INFO: [ app_begin ] --END-- [ RunTime:0.001087s ]
NOTIC: [8] Undefined variable: order G:\Project\xcrm\App\Home\Controller\CommonController.class.php 第 81 行.
NOTIC: [8] Undefined variable: sort G:\Project\xcrm\App\Home\Controller\CommonController.class.php 第 91 行.
NOTIC: [8] Undefined variable: pageCurrent G:\Project\xcrm\App\Home\Controller\CommonController.class.php 第 99 行.
SQL: SELECT COUNT(*) AS tp_count FROM `xy_proout` LIMIT 1   [ RunTime:0.0005s ]
SQL: SELECT * FROM `xy_proout` ORDER BY `id` desc LIMIT 0,15   [ RunTime:0.0009s ]
INFO: [ view_parse ] --START--
INFO: [ template_filter ] --START--
INFO: Run Behavior\ContentReplaceBehavior [ RunTime:0.000059s ]
INFO: [ template_filter ] --END-- [ RunTime:0.000122s ]
NOTIC: [8] Undefined index: keys G:\Project\xcrm\App\Runtime\Cache\Home\5103d74e41c59917968d1d3b2ea437f3.php 第 8 行.
INFO: Run Behavior\ParseTemplateBehavior [ RunTime:0.040797s ]
INFO: [ view_parse ] --END-- [ RunTime:0.040911s ]
INFO: [ view_filter ] --START--
INFO: Run Behavior\WriteHtmlCacheBehavior [ RunTime:0.000417s ]
INFO: [ view_filter ] --END-- [ RunTime:0.000470s ]
INFO: [ app_end ] --START--
INFO: Run Behavior\ShowPageTraceBehavior [ RunTime:0.000627s ]
INFO: [ app_end ] --END-- [ RunTime:0.000682s ]

[ 2016-01-20T09:07:26+08:00 ] 127.0.0.1 /xcrm/index.php/Home/Proout/edit/id/2/navTabId/Proout?_=1453252045607
INFO: [ app_begin ] --START--
INFO: Run Behavior\ReadHtmlCacheBehavior [ RunTime:0.001662s ]
INFO: [ app_begin ] --END-- [ RunTime:0.002494s ]
SQL: SELECT * FROM `xy_proout` WHERE `id` = 2 LIMIT 1   [ RunTime:0.0009s ]
NOTIC: [8] Undefined index: attid G:\Project\xcrm\App\Home\Controller\ProoutController.class.php 第 52 行.
SQL: SELECT * FROM `xy_proout` WHERE `id` = 2 LIMIT 1   [ RunTime:0.0004s ]
INFO: [ view_parse ] --START--
INFO: [ template_filter ] --START--
INFO: Run Behavior\ContentReplaceBehavior [ RunTime:0.000135s ]
INFO: [ template_filter ] --END-- [ RunTime:0.000269s ]
INFO: Run Behavior\ParseTemplateBehavior [ RunTime:0.049766s ]
INFO: [ view_parse ] --END-- [ RunTime:0.049948s ]
INFO: [ view_filter ] --START--
INFO: Run Behavior\WriteHtmlCacheBehavior [ RunTime:0.001465s ]
INFO: [ view_filter ] --END-- [ RunTime:0.001580s ]
NOTIC: [2] Missing argument 1 for Home\Controller\ProoutController::_after_edit() G:\Project\xcrm\App\Home\Controller\ProoutController.class.php 第 60 行.
INFO: [ app_end ] --START--
INFO: Run Behavior\ShowPageTraceBehavior [ RunTime:0.001773s ]
INFO: [ app_end ] --END-- [ RunTime:0.001893s ]

[ 2016-01-20T09:07:47+08:00 ] 127.0.0.1 /xcrm/index.php/Home/public/htname/navTabId/Proout?_=1453252066088
INFO: [ app_begin ] --START--
INFO: Run Behavior\ReadHtmlCacheBehavior [ RunTime:0.000812s ]
INFO: [ app_begin ] --END-- [ RunTime:0.001380s ]
NOTIC: [8] Undefined variable: order G:\Project\xcrm\App\Home\Controller\PublicController.class.php 第 390 行.
NOTIC: [8] Undefined variable: sort G:\Project\xcrm\App\Home\Controller\PublicController.class.php 第 393 行.
NOTIC: [8] Undefined variable: asc G:\Project\xcrm\App\Home\Controller\PublicController.class.php 第 393 行.
NOTIC: [8] Undefined variable: pageCurrent G:\Project\xcrm\App\Home\Controller\PublicController.class.php 第 396 行.
NOTIC: [8] Undefined variable: where G:\Project\xcrm\App\Home\Controller\PublicController.class.php 第 411 行.
SQL: SELECT * FROM `xy_hetong` ORDER BY `id` desc LIMIT 0,10   [ RunTime:0.0269s ]
NOTIC: [8] Undefined variable: where G:\Project\xcrm\App\Home\Controller\PublicController.class.php 第 413 行.
SQL: SELECT COUNT(*) AS tp_count FROM `xy_hetong` LIMIT 1   [ RunTime:0.0005s ]
INFO: [ view_parse ] --START--
INFO: [ template_filter ] --START--
INFO: Run Behavior\ContentReplaceBehavior [ RunTime:0.000110s ]
INFO: [ template_filter ] --END-- [ RunTime:0.000267s ]
NOTIC: [8] Undefined index: keys G:\Project\xcrm\App\Runtime\Cache\Home\0da068a9d5671e9cd146885f1fb72f9b.php 第 11 行.
INFO: Run Behavior\ParseTemplateBehavior [ RunTime:0.036806s ]
INFO: [ view_parse ] --END-- [ RunTime:0.036980s ]
INFO: [ view_filter ] --START--
INFO: Run Behavior\WriteHtmlCacheBehavior [ RunTime:0.001302s ]
INFO: [ view_filter ] --END-- [ RunTime:0.001407s ]
INFO: [ app_end ] --START--
INFO: Run Behavior\ShowPageTraceBehavior [ RunTime:0.001462s ]
INFO: [ app_end ] --END-- [ RunTime:0.001566s ]

[ 2016-01-20T09:08:02+08:00 ] 127.0.0.1 /xcrm/index.php/Home/public/htname/navTabId/Proout?_=1453252081704
INFO: [ app_begin ] --START--
INFO: Run Behavior\ReadHtmlCacheBehavior [ RunTime:0.000873s ]
INFO: [ app_begin ] --END-- [ RunTime:0.001665s ]
NOTIC: [8] Undefined variable: order G:\Project\xcrm\App\Home\Controller\PublicController.class.php 第 390 行.
NOTIC: [8] Undefined variable: sort G:\Project\xcrm\App\Home\Controller\PublicController.class.php 第 393 行.
NOTIC: [8] Undefined variable: asc G:\Project\xcrm\App\Home\Controller\PublicController.class.php 第 393 行.
NOTIC: [8] Undefined variable: pageCurrent G:\Project\xcrm\App\Home\Controller\PublicController.class.php 第 396 行.
NOTIC: [8] Undefined variable: where G:\Project\xcrm\App\Home\Controller\PublicController.class.php 第 411 行.
SQL: SELECT * FROM `xy_hetong` ORDER BY `id` desc LIMIT 0,10   [ RunTime:0.0007s ]
NOTIC: [8] Undefined variable: where G:\Project\xcrm\App\Home\Controller\PublicController.class.php 第 413 行.
SQL: SELECT COUNT(*) AS tp_count FROM `xy_hetong` LIMIT 1   [ RunTime:0.0003s ]
INFO: [ view_parse ] --START--
INFO: [ template_filter ] --START--
INFO: Run Behavior\ContentReplaceBehavior [ RunTime:0.000117s ]
INFO: [ template_filter ] --END-- [ RunTime:0.000251s ]
NOTIC: [8] Undefined index: keys G:\Project\xcrm\App\Runtime\Cache\Home\0da068a9d5671e9cd146885f1fb72f9b.php 第 11 行.
INFO: Run Behavior\ParseTemplateBehavior [ RunTime:0.024017s ]
INFO: [ view_parse ] --END-- [ RunTime:0.024169s ]
INFO: [ view_filter ] --START--
INFO: Run Behavior\WriteHtmlCacheBehavior [ RunTime:0.001318s ]
INFO: [ view_filter ] --END-- [ RunTime:0.001432s ]
INFO: [ app_end ] --START--
INFO: Run Behavior\ShowPageTraceBehavior [ RunTime:0.001662s ]
INFO: [ app_end ] --END-- [ RunTime:0.001785s ]

[ 2016-01-20T09:09:26+08:00 ] 127.0.0.1 /xcrm/index.php/Home/Proout/edit/id/1/navTabId/Proout?_=1453252165852
INFO: [ app_begin ] --START--
INFO: Run Behavior\ReadHtmlCacheBehavior [ RunTime:0.000774s ]
INFO: [ app_begin ] --END-- [ RunTime:0.001234s ]
SQL: SELECT * FROM `xy_proout` WHERE `id` = 1 LIMIT 1   [ RunTime:0.0011s ]
NOTIC: [8] Undefined index: attid G:\Project\xcrm\App\Home\Controller\ProoutController.class.php 第 52 行.
SQL: SELECT * FROM `xy_proout` WHERE `id` = 1 LIMIT 1   [ RunTime:0.0005s ]
INFO: [ view_parse ] --START--
INFO: [ template_filter ] --START--
INFO: Run Behavior\ContentReplaceBehavior [ RunTime:0.000158s ]
INFO: [ template_filter ] --END-- [ RunTime:0.000303s ]
INFO: Run Behavior\ParseTemplateBehavior [ RunTime:0.017661s ]
INFO: [ view_parse ] --END-- [ RunTime:0.017810s ]
INFO: [ view_filter ] --START--
INFO: Run Behavior\WriteHtmlCacheBehavior [ RunTime:0.001537s ]
INFO: [ view_filter ] --END-- [ RunTime:0.001653s ]
NOTIC: [2] Missing argument 1 for Home\Controller\ProoutController::_after_edit() G:\Project\xcrm\App\Home\Controller\ProoutController.class.php 第 60 行.
INFO: [ app_end ] --START--
INFO: Run Behavior\ShowPageTraceBehavior [ RunTime:0.001219s ]
INFO: [ app_end ] --END-- [ RunTime:0.001301s ]

[ 2016-01-20T09:09:45+08:00 ] 127.0.0.1 /xcrm/index.php/Home/Proout/edit/navTabId/Proout
INFO: [ app_begin ] --START--
INFO: Run Behavior\ReadHtmlCacheBehavior [ RunTime:0.000739s ]
INFO: [ app_begin ] --END-- [ RunTime:0.001305s ]
SQL: UPDATE `xy_proout` SET `juid`='3',`juname`='王冬冬',`title`='合同需要',`jhid`='2',`jhname`='网络服务',`uuid`='1',`uuname`='陈高明',`updatetime`='2016-01-20 09:09:43' WHERE `id` = 1 [ RunTime:0.0009s ]
SQL: UPDATE `xy_user` SET `update_time`='1453252185' WHERE `id` = 1 [ RunTime:0.0005s ]
SQL: INSERT INTO `xy_log` (`username`,`content`,`os`,`url`,`addtime`,`ip`) VALUES ('admin','编辑成功','Mozilla/5.0 (Windows NT 6.1; WOW64) AppleWebKit/537.36 (KHTML, like Gecko) Chrome/47.0.2526.106 Safari/537.36','/xcrm/index.php?m=Home&c=Proout&a=edit','2016-01-20 09:09:45','127.0.0.1') [ RunTime:0.0007s ]

[ 2016-01-20T09:09:46+08:00 ] 127.0.0.1 /xcrm/index.php/home/proout/index?_=1453252185134
INFO: [ app_begin ] --START--
INFO: Run Behavior\ReadHtmlCacheBehavior [ RunTime:0.001026s ]
INFO: [ app_begin ] --END-- [ RunTime:0.002505s ]
NOTIC: [8] Undefined variable: order G:\Project\xcrm\App\Home\Controller\CommonController.class.php 第 81 行.
NOTIC: [8] Undefined variable: sort G:\Project\xcrm\App\Home\Controller\CommonController.class.php 第 91 行.
NOTIC: [8] Undefined variable: pageCurrent G:\Project\xcrm\App\Home\Controller\CommonController.class.php 第 99 行.
SQL: SELECT COUNT(*) AS tp_count FROM `xy_proout` LIMIT 1   [ RunTime:0.0002s ]
SQL: SELECT * FROM `xy_proout` ORDER BY `id` desc LIMIT 0,15   [ RunTime:0.0004s ]
INFO: [ view_parse ] --START--
INFO: [ template_filter ] --START--
INFO: Run Behavior\ContentReplaceBehavior [ RunTime:0.000059s ]
INFO: [ template_filter ] --END-- [ RunTime:0.000124s ]
NOTIC: [8] Undefined index: keys G:\Project\xcrm\App\Runtime\Cache\Home\5103d74e41c59917968d1d3b2ea437f3.php 第 8 行.
INFO: Run Behavior\ParseTemplateBehavior [ RunTime:0.011831s ]
INFO: [ view_parse ] --END-- [ RunTime:0.011898s ]
INFO: [ view_filter ] --START--
INFO: Run Behavior\WriteHtmlCacheBehavior [ RunTime:0.000473s ]
INFO: [ view_filter ] --END-- [ RunTime:0.000524s ]
INFO: [ app_end ] --START--
INFO: Run Behavior\ShowPageTraceBehavior [ RunTime:0.000701s ]
INFO: [ app_end ] --END-- [ RunTime:0.000750s ]

[ 2016-01-20T09:10:32+08:00 ] 127.0.0.1 /xcrm/index.php/home/stock/index?_=1453252231666
INFO: [ app_begin ] --START--
INFO: Run Behavior\ReadHtmlCacheBehavior [ RunTime:0.001540s ]
INFO: [ app_begin ] --END-- [ RunTime:0.002954s ]
NOTIC: [8] Undefined variable: order G:\Project\xcrm\App\Home\Controller\CommonController.class.php 第 81 行.
NOTIC: [8] Undefined variable: sort G:\Project\xcrm\App\Home\Controller\CommonController.class.php 第 91 行.
NOTIC: [8] Undefined variable: pageCurrent G:\Project\xcrm\App\Home\Controller\CommonController.class.php 第 99 行.
SQL: SELECT COUNT(*) AS tp_count FROM `xy_pro` LIMIT 1   [ RunTime:0.0005s ]
SQL: SELECT * FROM `xy_pro` ORDER BY `id` desc LIMIT 0,15   [ RunTime:0.0007s ]
INFO: [ view_parse ] --START--
INFO: [ template_filter ] --START--
INFO: Run Behavior\ContentReplaceBehavior [ RunTime:0.000116s ]
INFO: [ template_filter ] --END-- [ RunTime:0.000243s ]
NOTIC: [8] Undefined index: keys G:\Project\xcrm\App\Runtime\Cache\Home\e1d871e969a1d8602b29ecd1245d4cd7.php 第 8 行.
INFO: Run Behavior\ParseTemplateBehavior [ RunTime:0.049807s ]
INFO: [ view_parse ] --END-- [ RunTime:0.049956s ]
INFO: [ view_filter ] --START--
INFO: Run Behavior\WriteHtmlCacheBehavior [ RunTime:0.000884s ]
INFO: [ view_filter ] --END-- [ RunTime:0.000992s ]
INFO: [ app_end ] --START--
INFO: Run Behavior\ShowPageTraceBehavior [ RunTime:0.001792s ]
INFO: [ app_end ] --END-- [ RunTime:0.001907s ]

[ 2016-01-20T09:12:48+08:00 ] 127.0.0.1 /xcrm/index.php/home/pro/index?_=1453252367750
INFO: [ app_begin ] --START--
INFO: Run Behavior\ReadHtmlCacheBehavior [ RunTime:0.001349s ]
INFO: [ app_begin ] --END-- [ RunTime:0.002104s ]
NOTIC: [8] Undefined variable: order G:\Project\xcrm\App\Home\Controller\CommonController.class.php 第 81 行.
NOTIC: [8] Undefined variable: sort G:\Project\xcrm\App\Home\Controller\CommonController.class.php 第 91 行.
NOTIC: [8] Undefined variable: pageCurrent G:\Project\xcrm\App\Home\Controller\CommonController.class.php 第 99 行.
SQL: SELECT COUNT(*) AS tp_count FROM `xy_pro` LIMIT 1   [ RunTime:0.0003s ]
SQL: SELECT * FROM `xy_pro` ORDER BY `id` desc LIMIT 0,15   [ RunTime:0.0004s ]
INFO: [ view_parse ] --START--
INFO: [ template_filter ] --START--
INFO: Run Behavior\ContentReplaceBehavior [ RunTime:0.000112s ]
INFO: [ template_filter ] --END-- [ RunTime:0.000213s ]
NOTIC: [8] Undefined index: keys G:\Project\xcrm\App\Runtime\Cache\Home\8e393816a0c1a4377ad5e682d62ee611.php 第 8 行.
INFO: Run Behavior\ParseTemplateBehavior [ RunTime:0.038402s ]
INFO: [ view_parse ] --END-- [ RunTime:0.038502s ]
INFO: [ view_filter ] --START--
INFO: Run Behavior\WriteHtmlCacheBehavior [ RunTime:0.001010s ]
INFO: [ view_filter ] --END-- [ RunTime:0.001099s ]
INFO: [ app_end ] --START--
INFO: Run Behavior\ShowPageTraceBehavior [ RunTime:0.001382s ]
INFO: [ app_end ] --END-- [ RunTime:0.001472s ]

[ 2016-01-20T09:14:23+08:00 ] 127.0.0.1 /xcrm/index.php/home/stock/baojing?_=1453252462609
INFO: [ app_begin ] --START--
INFO: Run Behavior\ReadHtmlCacheBehavior [ RunTime:0.000932s ]
INFO: [ app_begin ] --END-- [ RunTime:0.001653s ]
SQL: SELECT * FROM `xy_pro` WHERE ( kucun<10 )  [ RunTime:0.0009s ]
INFO: [ view_parse ] --START--
INFO: [ template_filter ] --START--
INFO: Run Behavior\ContentReplaceBehavior [ RunTime:0.000118s ]
INFO: [ template_filter ] --END-- [ RunTime:0.000277s ]
NOTIC: [8] Undefined variable: numPerPage G:\Project\xcrm\App\Runtime\Cache\Home\e1d871e969a1d8602b29ecd1245d4cd7.php 第 4 行.
NOTIC: [8] Undefined index: keys G:\Project\xcrm\App\Runtime\Cache\Home\e1d871e969a1d8602b29ecd1245d4cd7.php 第 8 行.
NOTIC: [8] Undefined variable: totalCount G:\Project\xcrm\App\Runtime\Cache\Home\e1d871e969a1d8602b29ecd1245d4cd7.php 第 63 行.
NOTIC: [8] Undefined variable: numPerPage G:\Project\xcrm\App\Runtime\Cache\Home\e1d871e969a1d8602b29ecd1245d4cd7.php 第 63 行.
NOTIC: [8] Undefined variable: totalCount G:\Project\xcrm\App\Runtime\Cache\Home\e1d871e969a1d8602b29ecd1245d4cd7.php 第 65 行.
NOTIC: [8] Undefined variable: numPerPage G:\Project\xcrm\App\Runtime\Cache\Home\e1d871e969a1d8602b29ecd1245d4cd7.php 第 65 行.
NOTIC: [8] Undefined variable: currentPage G:\Project\xcrm\App\Runtime\Cache\Home\e1d871e969a1d8602b29ecd1245d4cd7.php 第 65 行.
INFO: Run Behavior\ParseTemplateBehavior [ RunTime:0.019967s ]
INFO: [ view_parse ] --END-- [ RunTime:0.020107s ]
INFO: [ view_filter ] --START--
INFO: Run Behavior\WriteHtmlCacheBehavior [ RunTime:0.000814s ]
INFO: [ view_filter ] --END-- [ RunTime:0.000923s ]
INFO: [ app_end ] --START--
INFO: Run Behavior\ShowPageTraceBehavior [ RunTime:0.001497s ]
INFO: [ app_end ] --END-- [ RunTime:0.001614s ]

[ 2016-01-20T09:16:33+08:00 ] 127.0.0.1 /xcrm/index.php/Home/Stock/view/id/2/navTabId/Stock?_=1453252592236
INFO: [ app_begin ] --START--
INFO: Run Behavior\ReadHtmlCacheBehavior [ RunTime:0.006835s ]
INFO: [ app_begin ] --END-- [ RunTime:0.012052s ]
SQL: SELECT * FROM `xy_pro` WHERE `id` = 2 LIMIT 1   [ RunTime:0.0009s ]
INFO: [ view_parse ] --START--
INFO: [ template_filter ] --START--
INFO: Run Behavior\ContentReplaceBehavior [ RunTime:0.000125s ]
INFO: [ template_filter ] --END-- [ RunTime:0.000249s ]
SQL: SELECT * FROM `xy_proin` WHERE `jpid` = 2  [ RunTime:0.0005s ]
SQL: SELECT * FROM `xy_proout` WHERE `jpid` = 2  [ RunTime:0.0004s ]
INFO: Run Behavior\ParseTemplateBehavior [ RunTime:0.059069s ]
INFO: [ view_parse ] --END-- [ RunTime:0.059181s ]
INFO: [ view_filter ] --START--
INFO: Run Behavior\WriteHtmlCacheBehavior [ RunTime:0.000813s ]
INFO: [ view_filter ] --END-- [ RunTime:0.000881s ]
INFO: [ app_end ] --START--
INFO: Run Behavior\ShowPageTraceBehavior [ RunTime:0.001005s ]
INFO: [ app_end ] --END-- [ RunTime:0.001078s ]

[ 2016-01-20T09:19:43+08:00 ] 127.0.0.1 /xcrm/index.php/home/hr/index?_=1453252782166
INFO: [ app_begin ] --START--
INFO: Run Behavior\ReadHtmlCacheBehavior [ RunTime:0.001212s ]
INFO: [ app_begin ] --END-- [ RunTime:0.002854s ]
NOTIC: [8] Undefined variable: order G:\Project\xcrm\App\Home\Controller\CommonController.class.php 第 81 行.
NOTIC: [8] Undefined variable: sort G:\Project\xcrm\App\Home\Controller\CommonController.class.php 第 91 行.
NOTIC: [8] Undefined variable: pageCurrent G:\Project\xcrm\App\Home\Controller\CommonController.class.php 第 99 行.
SQL: SELECT COUNT(*) AS tp_count FROM `xy_hr` LIMIT 1   [ RunTime:0.0005s ]
SQL: SELECT * FROM `xy_hr` ORDER BY `id` desc LIMIT 0,15   [ RunTime:0.0011s ]
INFO: [ view_parse ] --START--
INFO: [ template_filter ] --START--
INFO: Run Behavior\ContentReplaceBehavior [ RunTime:0.000179s ]
INFO: [ template_filter ] --END-- [ RunTime:0.000320s ]
NOTIC: [8] Undefined index: keys G:\Project\xcrm\App\Runtime\Cache\Home\914533bfd624db1d63f61d42bbceaa97.php 第 8 行.
INFO: Run Behavior\ParseTemplateBehavior [ RunTime:0.050693s ]
INFO: [ view_parse ] --END-- [ RunTime:0.050890s ]
INFO: [ view_filter ] --START--
INFO: Run Behavior\WriteHtmlCacheBehavior [ RunTime:0.001277s ]
INFO: [ view_filter ] --END-- [ RunTime:0.001386s ]
INFO: [ app_end ] --START--
INFO: Run Behavior\ShowPageTraceBehavior [ RunTime:0.001521s ]
INFO: [ app_end ] --END-- [ RunTime:0.001592s ]

[ 2016-01-20T09:20:14+08:00 ] 127.0.0.1 /xcrm/index.php/Home/Hr/view/id/3/navTabId/Hr?_=1453252813281
INFO: [ app_begin ] --START--
INFO: Run Behavior\ReadHtmlCacheBehavior [ RunTime:0.002927s ]
INFO: [ app_begin ] --END-- [ RunTime:0.004700s ]
SQL: SELECT * FROM `xy_hr` WHERE `id` = 3 LIMIT 1   [ RunTime:0.0011s ]
INFO: [ view_parse ] --START--
INFO: [ template_filter ] --START--
INFO: Run Behavior\ContentReplaceBehavior [ RunTime:0.000237s ]
INFO: [ template_filter ] --END-- [ RunTime:0.000432s ]
SQL: SELECT * FROM `xy_files` WHERE ( attid=1425628757 )  [ RunTime:0.0313s ]
SQL: SELECT * FROM `xy_hrht` WHERE `juid` = 3  [ RunTime:0.0647s ]
SQL: SELECT * FROM `xy_hrjf` WHERE `juid` = 3  [ RunTime:0.0151s ]
SQL: SELECT * FROM `xy_hrzz` WHERE `juid` = 3  [ RunTime:0.0059s ]
SQL: SELECT * FROM `xy_hrpx` WHERE `juid` = 3  [ RunTime:0.0062s ]
SQL: SELECT * FROM `xy_hrdd` WHERE `juid` = 3  [ RunTime:0.0092s ]
SQL: SELECT * FROM `xy_hrgh` WHERE `juid` = 3  [ RunTime:0.0058s ]
INFO: Run Behavior\ParseTemplateBehavior [ RunTime:0.254439s ]
INFO: [ view_parse ] --END-- [ RunTime:0.254621s ]
INFO: [ view_filter ] --START--
INFO: Run Behavior\WriteHtmlCacheBehavior [ RunTime:0.000823s ]
INFO: [ view_filter ] --END-- [ RunTime:0.000918s ]
INFO: [ app_end ] --START--
INFO: Run Behavior\ShowPageTraceBehavior [ RunTime:0.001226s ]
INFO: [ app_end ] --END-- [ RunTime:0.001332s ]

[ 2016-01-20T09:26:18+08:00 ] 127.0.0.1 /xcrm/index.php/Home/Hr/view/id/3/navTabId/Hr?_=1453253176982
INFO: [ app_begin ] --START--
INFO: Run Behavior\ReadHtmlCacheBehavior [ RunTime:0.002138s ]
INFO: [ app_begin ] --END-- [ RunTime:0.003193s ]
SQL: SELECT * FROM `xy_hr` WHERE `id` = 3 LIMIT 1   [ RunTime:0.0009s ]
INFO: [ view_parse ] --START--
INFO: [ template_filter ] --START--
INFO: Run Behavior\ContentReplaceBehavior [ RunTime:0.000134s ]
INFO: [ template_filter ] --END-- [ RunTime:0.000258s ]
SQL: SELECT * FROM `xy_files` WHERE ( attid=1425628757 )  [ RunTime:0.0003s ]
SQL: SELECT * FROM `xy_hrht` WHERE `juid` = 3  [ RunTime:0.0002s ]
SQL: SELECT * FROM `xy_hrjf` WHERE `juid` = 3  [ RunTime:0.0002s ]
SQL: SELECT * FROM `xy_hrzz` WHERE `juid` = 3  [ RunTime:0.0002s ]
SQL: SELECT * FROM `xy_hrpx` WHERE `juid` = 3  [ RunTime:0.0002s ]
SQL: SELECT * FROM `xy_hrdd` WHERE `juid` = 3  [ RunTime:0.0003s ]
SQL: SELECT * FROM `xy_hrgh` WHERE `juid` = 3  [ RunTime:0.0002s ]
INFO: Run Behavior\ParseTemplateBehavior [ RunTime:0.045455s ]
INFO: [ view_parse ] --END-- [ RunTime:0.045617s ]
INFO: [ view_filter ] --START--
INFO: Run Behavior\WriteHtmlCacheBehavior [ RunTime:0.000800s ]
INFO: [ view_filter ] --END-- [ RunTime:0.000857s ]
INFO: [ app_end ] --START--
INFO: Run Behavior\ShowPageTraceBehavior [ RunTime:0.001168s ]
INFO: [ app_end ] --END-- [ RunTime:0.001248s ]

[ 2016-01-20T09:27:16+08:00 ] 127.0.0.1 /xcrm/index.php/Home/Hr/view/id/1/navTabId/Hr?_=1453253234992
INFO: [ app_begin ] --START--
INFO: Run Behavior\ReadHtmlCacheBehavior [ RunTime:0.000751s ]
INFO: [ app_begin ] --END-- [ RunTime:0.001456s ]
SQL: SELECT * FROM `xy_hr` WHERE `id` = 1 LIMIT 1   [ RunTime:0.0012s ]
INFO: [ view_parse ] --START--
INFO: [ template_filter ] --START--
INFO: Run Behavior\ContentReplaceBehavior [ RunTime:0.000132s ]
INFO: [ template_filter ] --END-- [ RunTime:0.000230s ]
SQL: SELECT * FROM `xy_files` WHERE ( attid=1425131004 )  [ RunTime:0.0005s ]
SQL: SELECT `truename` FROM `xy_user` WHERE ( id=1 ) LIMIT 1   [ RunTime:0.0009s ]
SQL: SELECT * FROM `xy_hrht` WHERE `juid` = 1  [ RunTime:0.0004s ]
SQL: SELECT * FROM `xy_hrjf` WHERE `juid` = 1  [ RunTime:0.0004s ]
SQL: SELECT * FROM `xy_hrzz` WHERE `juid` = 1  [ RunTime:0.0003s ]
SQL: SELECT * FROM `xy_hrpx` WHERE `juid` = 1  [ RunTime:0.0003s ]
SQL: SELECT * FROM `xy_hrdd` WHERE `juid` = 1  [ RunTime:0.0003s ]
SQL: SELECT * FROM `xy_hrgh` WHERE `juid` = 1  [ RunTime:0.0005s ]
INFO: Run Behavior\ParseTemplateBehavior [ RunTime:0.055419s ]
INFO: [ view_parse ] --END-- [ RunTime:0.055594s ]
INFO: [ view_filter ] --START--
INFO: Run Behavior\WriteHtmlCacheBehavior [ RunTime:0.000700s ]
INFO: [ view_filter ] --END-- [ RunTime:0.000759s ]
INFO: [ app_end ] --START--
INFO: Run Behavior\ShowPageTraceBehavior [ RunTime:0.000993s ]
INFO: [ app_end ] --END-- [ RunTime:0.001068s ]

[ 2016-01-20T09:29:12+08:00 ] 127.0.0.1 /xcrm/index.php/Home/Hr/edit/id/3/navTabId/Hr?_=1453253351346
INFO: [ app_begin ] --START--
INFO: Run Behavior\ReadHtmlCacheBehavior [ RunTime:0.002237s ]
INFO: [ app_begin ] --END-- [ RunTime:0.003081s ]
SQL: SELECT * FROM `xy_hr` WHERE `id` = 3 LIMIT 1   [ RunTime:0.0007s ]
SQL: SELECT * FROM `xy_hr` WHERE `id` = 3 LIMIT 1   [ RunTime:0.0005s ]
INFO: [ view_parse ] --START--
INFO: [ template_filter ] --START--
INFO: Run Behavior\ContentReplaceBehavior [ RunTime:0.000272s ]
INFO: [ template_filter ] --END-- [ RunTime:0.000402s ]
INFO: Run Behavior\ParseTemplateBehavior [ RunTime:0.056499s ]
INFO: [ view_parse ] --END-- [ RunTime:0.056675s ]
INFO: [ view_filter ] --START--
INFO: Run Behavior\WriteHtmlCacheBehavior [ RunTime:0.000844s ]
INFO: [ view_filter ] --END-- [ RunTime:0.000908s ]
NOTIC: [2] Missing argument 1 for Home\Controller\HrController::_after_edit() G:\Project\xcrm\App\Home\Controller\HrController.class.php 第 61 行.
INFO: [ app_end ] --START--
INFO: Run Behavior\ShowPageTraceBehavior [ RunTime:0.001675s ]
INFO: [ app_end ] --END-- [ RunTime:0.001759s ]

[ 2016-01-20T09:30:01+08:00 ] 127.0.0.1 /xcrm/index.php/Home/Hr/view/id/1/navTabId/Hr?_=1453253400784
INFO: [ app_begin ] --START--
INFO: Run Behavior\ReadHtmlCacheBehavior [ RunTime:0.001692s ]
INFO: [ app_begin ] --END-- [ RunTime:0.002937s ]
SQL: SELECT * FROM `xy_hr` WHERE `id` = 1 LIMIT 1   [ RunTime:0.0007s ]
INFO: [ view_parse ] --START--
INFO: [ template_filter ] --START--
INFO: Run Behavior\ContentReplaceBehavior [ RunTime:0.000130s ]
INFO: [ template_filter ] --END-- [ RunTime:0.000235s ]
SQL: SELECT * FROM `xy_files` WHERE ( attid=1425131004 )  [ RunTime:0.0002s ]
SQL: SELECT `truename` FROM `xy_user` WHERE ( id=1 ) LIMIT 1   [ RunTime:0.0001s ]
SQL: SELECT * FROM `xy_hrht` WHERE `juid` = 1  [ RunTime:0.0002s ]
SQL: SELECT * FROM `xy_hrjf` WHERE `juid` = 1  [ RunTime:0.0002s ]
SQL: SELECT * FROM `xy_hrzz` WHERE `juid` = 1  [ RunTime:0.0005s ]
SQL: SELECT * FROM `xy_hrpx` WHERE `juid` = 1  [ RunTime:0.0002s ]
SQL: SELECT * FROM `xy_hrdd` WHERE `juid` = 1  [ RunTime:0.0002s ]
SQL: SELECT * FROM `xy_hrgh` WHERE `juid` = 1  [ RunTime:0.0002s ]
INFO: Run Behavior\ParseTemplateBehavior [ RunTime:0.039230s ]
INFO: [ view_parse ] --END-- [ RunTime:0.039365s ]
INFO: [ view_filter ] --START--
INFO: Run Behavior\WriteHtmlCacheBehavior [ RunTime:0.000587s ]
INFO: [ view_filter ] --END-- [ RunTime:0.000690s ]
INFO: [ app_end ] --START--
INFO: Run Behavior\ShowPageTraceBehavior [ RunTime:0.000755s ]
INFO: [ app_end ] --END-- [ RunTime:0.000824s ]

[ 2016-01-20T09:54:17+08:00 ] 127.0.0.1 /xcrm/index.php/Home/Hr/edit/id/1/navTabId/Hr?_=1453254856468
INFO: [ app_begin ] --START--
INFO: Run Behavior\ReadHtmlCacheBehavior [ RunTime:0.001553s ]
INFO: [ app_begin ] --END-- [ RunTime:0.006435s ]
SQL: SELECT * FROM `xy_hr` WHERE `id` = 1 LIMIT 1   [ RunTime:0.0008s ]
SQL: SELECT * FROM `xy_hr` WHERE `id` = 1 LIMIT 1   [ RunTime:0.0005s ]
INFO: [ view_parse ] --START--
INFO: [ template_filter ] --START--
INFO: Run Behavior\ContentReplaceBehavior [ RunTime:0.000139s ]
INFO: [ template_filter ] --END-- [ RunTime:0.000220s ]
INFO: Run Behavior\ParseTemplateBehavior [ RunTime:0.034856s ]
INFO: [ view_parse ] --END-- [ RunTime:0.034998s ]
INFO: [ view_filter ] --START--
INFO: Run Behavior\WriteHtmlCacheBehavior [ RunTime:0.001219s ]
INFO: [ view_filter ] --END-- [ RunTime:0.001333s ]
NOTIC: [2] Missing argument 1 for Home\Controller\HrController::_after_edit() G:\Project\xcrm\App\Home\Controller\HrController.class.php 第 61 行.
INFO: [ app_end ] --START--
INFO: Run Behavior\ShowPageTraceBehavior [ RunTime:0.001126s ]
INFO: [ app_end ] --END-- [ RunTime:0.001206s ]

[ 2016-01-20T09:55:02+08:00 ] 127.0.0.1 /xcrm/index.php/Home/Hr/edit/navTabId/Hr
INFO: [ app_begin ] --START--
INFO: Run Behavior\ReadHtmlCacheBehavior [ RunTime:0.001425s ]
INFO: [ app_begin ] --END-- [ RunTime:0.002099s ]
SQL: UPDATE `xy_hr` SET `xingming`='陈高明',`sex`='男',`gonghao`='1001',`bumen`='综合办公室',`zhiwei`='总经理',`shenfenzheng`='320821198202013562',`shengri`='1982-02-01',`jiankang`='健康',`hunyin`='已婚',`minzu`='汉族',`jiguan`='江苏省灌南县',`zhengzhi`='群众',`rudang`='0000-00-00',`hukou`='本地城镇居民',`hukoudi`='连云港市海州区',`jiadizhi`='连云港市灌南县',`jiadianhua`='0518526525',`type`='正式员工',`ruzhi`='2007-01-01',`zaizhi`='在职',`lizhi`='0000-00-00',`xuexiao`='北化大学',`biye`='2004-07-01',`zhuanye`='工商管理',`xueli`='本科',`xuewei`='学士',`shehui`='',`xuexi`='北华大学',`gongzuo`='工作经',`jineng`='什么都会一点',`beizhu`='&lt;p&gt;
	补充
&lt;/p&gt;',`attid`='1425131004',`uuid`='1',`uuname`='陈高明',`updatetime`='2016-01-20 09:55:01',`birthday`='02' WHERE `id` = 1 [ RunTime:0.0013s ]
SQL: UPDATE `xy_user` SET `update_time`='1453254902' WHERE `id` = 1 [ RunTime:0.0013s ]
SQL: INSERT INTO `xy_log` (`username`,`content`,`os`,`url`,`addtime`,`ip`) VALUES ('admin','编辑成功1','Mozilla/5.0 (Windows NT 6.1; WOW64) AppleWebKit/537.36 (KHTML, like Gecko) Chrome/47.0.2526.106 Safari/537.36','/xcrm/index.php?m=Home&c=Hr&a=edit','2016-01-20 09:55:02','127.0.0.1') [ RunTime:0.0010s ]

[ 2016-01-20T09:55:04+08:00 ] 127.0.0.1 /xcrm/index.php/home/hr/index?_=1453254902985
INFO: [ app_begin ] --START--
INFO: Run Behavior\ReadHtmlCacheBehavior [ RunTime:0.001008s ]
INFO: [ app_begin ] --END-- [ RunTime:0.001773s ]
NOTIC: [8] Undefined variable: order G:\Project\xcrm\App\Home\Controller\CommonController.class.php 第 81 行.
NOTIC: [8] Undefined variable: sort G:\Project\xcrm\App\Home\Controller\CommonController.class.php 第 91 行.
NOTIC: [8] Undefined variable: pageCurrent G:\Project\xcrm\App\Home\Controller\CommonController.class.php 第 99 行.
SQL: SELECT COUNT(*) AS tp_count FROM `xy_hr` LIMIT 1   [ RunTime:0.0004s ]
SQL: SELECT * FROM `xy_hr` ORDER BY `id` desc LIMIT 0,15   [ RunTime:0.0012s ]
INFO: [ view_parse ] --START--
INFO: [ template_filter ] --START--
INFO: Run Behavior\ContentReplaceBehavior [ RunTime:0.000151s ]
INFO: [ template_filter ] --END-- [ RunTime:0.000289s ]
NOTIC: [8] Undefined index: keys G:\Project\xcrm\App\Runtime\Cache\Home\914533bfd624db1d63f61d42bbceaa97.php 第 8 行.
INFO: Run Behavior\ParseTemplateBehavior [ RunTime:0.023477s ]
INFO: [ view_parse ] --END-- [ RunTime:0.023736s ]
INFO: [ view_filter ] --START--
INFO: Run Behavior\WriteHtmlCacheBehavior [ RunTime:0.001369s ]
INFO: [ view_filter ] --END-- [ RunTime:0.001484s ]
INFO: [ app_end ] --START--
INFO: Run Behavior\ShowPageTraceBehavior [ RunTime:0.001403s ]
INFO: [ app_end ] --END-- [ RunTime:0.001518s ]

[ 2016-01-20T09:55:07+08:00 ] 127.0.0.1 /xcrm/index.php/Home/Hr/view/id/1/navTabId/Hr?_=1453254906794
INFO: [ app_begin ] --START--
INFO: Run Behavior\ReadHtmlCacheBehavior [ RunTime:0.000681s ]
INFO: [ app_begin ] --END-- [ RunTime:0.001246s ]
SQL: SELECT * FROM `xy_hr` WHERE `id` = 1 LIMIT 1   [ RunTime:0.0009s ]
INFO: [ view_parse ] --START--
INFO: [ template_filter ] --START--
INFO: Run Behavior\ContentReplaceBehavior [ RunTime:0.000115s ]
INFO: [ template_filter ] --END-- [ RunTime:0.000187s ]
SQL: SELECT * FROM `xy_files` WHERE ( attid=1425131004 )  [ RunTime:0.0002s ]
SQL: SELECT `truename` FROM `xy_user` WHERE ( id=1 ) LIMIT 1   [ RunTime:0.0005s ]
SQL: SELECT * FROM `xy_hrht` WHERE `juid` = 1  [ RunTime:0.0002s ]
SQL: SELECT * FROM `xy_hrjf` WHERE `juid` = 1  [ RunTime:0.0002s ]
SQL: SELECT * FROM `xy_hrzz` WHERE `juid` = 1  [ RunTime:0.0003s ]
SQL: SELECT * FROM `xy_hrpx` WHERE `juid` = 1  [ RunTime:0.0002s ]
SQL: SELECT * FROM `xy_hrdd` WHERE `juid` = 1  [ RunTime:0.0002s ]
SQL: SELECT * FROM `xy_hrgh` WHERE `juid` = 1  [ RunTime:0.0002s ]
INFO: Run Behavior\ParseTemplateBehavior [ RunTime:0.043577s ]
INFO: [ view_parse ] --END-- [ RunTime:0.043720s ]
INFO: [ view_filter ] --START--
INFO: Run Behavior\WriteHtmlCacheBehavior [ RunTime:0.000708s ]
INFO: [ view_filter ] --END-- [ RunTime:0.000765s ]
INFO: [ app_end ] --START--
INFO: Run Behavior\ShowPageTraceBehavior [ RunTime:0.001004s ]
INFO: [ app_end ] --END-- [ RunTime:0.001084s ]

[ 2016-01-20T09:56:32+08:00 ] 127.0.0.1 /xcrm/index.php/home/hrht/index?_=1453254990917
INFO: [ app_begin ] --START--
INFO: Run Behavior\ReadHtmlCacheBehavior [ RunTime:0.000789s ]
INFO: [ app_begin ] --END-- [ RunTime:0.001516s ]
NOTIC: [8] Undefined variable: order G:\Project\xcrm\App\Home\Controller\CommonController.class.php 第 81 行.
NOTIC: [8] Undefined variable: sort G:\Project\xcrm\App\Home\Controller\CommonController.class.php 第 91 行.
NOTIC: [8] Undefined variable: pageCurrent G:\Project\xcrm\App\Home\Controller\CommonController.class.php 第 99 行.
SQL: SELECT COUNT(*) AS tp_count FROM `xy_hrht` LIMIT 1   [ RunTime:0.0016s ]
SQL: SELECT * FROM `xy_hrht` ORDER BY `id` desc LIMIT 0,15   [ RunTime:0.0008s ]
INFO: [ view_parse ] --START--
INFO: [ template_filter ] --START--
INFO: Run Behavior\ContentReplaceBehavior [ RunTime:0.000125s ]
INFO: [ template_filter ] --END-- [ RunTime:0.000247s ]
NOTIC: [8] Undefined index: keys G:\Project\xcrm\App\Runtime\Cache\Home\7f327a738bb733838878d1dff0a8d2e1.php 第 8 行.
INFO: Run Behavior\ParseTemplateBehavior [ RunTime:0.052951s ]
INFO: [ view_parse ] --END-- [ RunTime:0.053075s ]
INFO: [ view_filter ] --START--
INFO: Run Behavior\WriteHtmlCacheBehavior [ RunTime:0.001372s ]
INFO: [ view_filter ] --END-- [ RunTime:0.001549s ]
INFO: [ app_end ] --START--
INFO: Run Behavior\ShowPageTraceBehavior [ RunTime:0.001523s ]
INFO: [ app_end ] --END-- [ RunTime:0.001632s ]

[ 2016-01-20T09:56:37+08:00 ] 127.0.0.1 /xcrm/index.php/home/hrjf/index?_=1453254996869
INFO: [ app_begin ] --START--
INFO: Run Behavior\ReadHtmlCacheBehavior [ RunTime:0.000565s ]
INFO: [ app_begin ] --END-- [ RunTime:0.000999s ]
NOTIC: [8] Undefined variable: order G:\Project\xcrm\App\Home\Controller\CommonController.class.php 第 81 行.
NOTIC: [8] Undefined variable: sort G:\Project\xcrm\App\Home\Controller\CommonController.class.php 第 91 行.
NOTIC: [8] Undefined variable: pageCurrent G:\Project\xcrm\App\Home\Controller\CommonController.class.php 第 99 行.
SQL: SELECT COUNT(*) AS tp_count FROM `xy_hrjf` LIMIT 1   [ RunTime:0.0011s ]
SQL: SELECT * FROM `xy_hrjf` ORDER BY `id` desc LIMIT 0,15   [ RunTime:0.0005s ]
INFO: [ view_parse ] --START--
INFO: [ template_filter ] --START--
INFO: Run Behavior\ContentReplaceBehavior [ RunTime:0.000065s ]
INFO: [ template_filter ] --END-- [ RunTime:0.000128s ]
NOTIC: [8] Undefined index: keys G:\Project\xcrm\App\Runtime\Cache\Home\f3a13fbeb69175387971571bdebe1932.php 第 8 行.
INFO: Run Behavior\ParseTemplateBehavior [ RunTime:0.012816s ]
INFO: [ view_parse ] --END-- [ RunTime:0.012902s ]
INFO: [ view_filter ] --START--
INFO: Run Behavior\WriteHtmlCacheBehavior [ RunTime:0.000576s ]
INFO: [ view_filter ] --END-- [ RunTime:0.000629s ]
INFO: [ app_end ] --START--
INFO: Run Behavior\ShowPageTraceBehavior [ RunTime:0.000666s ]
INFO: [ app_end ] --END-- [ RunTime:0.000719s ]

[ 2016-01-20T09:56:41+08:00 ] 127.0.0.1 /xcrm/index.php/home/hrzz/index?_=1453255000077
INFO: [ app_begin ] --START--
INFO: Run Behavior\ReadHtmlCacheBehavior [ RunTime:0.000575s ]
INFO: [ app_begin ] --END-- [ RunTime:0.001054s ]
NOTIC: [8] Undefined variable: order G:\Project\xcrm\App\Home\Controller\CommonController.class.php 第 81 行.
NOTIC: [8] Undefined variable: sort G:\Project\xcrm\App\Home\Controller\CommonController.class.php 第 91 行.
NOTIC: [8] Undefined variable: pageCurrent G:\Project\xcrm\App\Home\Controller\CommonController.class.php 第 99 行.
SQL: SELECT COUNT(*) AS tp_count FROM `xy_hrzz` LIMIT 1   [ RunTime:0.0014s ]
SQL: SELECT * FROM `xy_hrzz` ORDER BY `id` desc LIMIT 0,15   [ RunTime:0.0007s ]
INFO: [ view_parse ] --START--
INFO: [ template_filter ] --START--
INFO: Run Behavior\ContentReplaceBehavior [ RunTime:0.000144s ]
INFO: [ template_filter ] --END-- [ RunTime:0.000279s ]
NOTIC: [8] Undefined index: keys G:\Project\xcrm\App\Runtime\Cache\Home\c4673f6ef3f8284e30048ab7ca2b1789.php 第 8 行.
INFO: Run Behavior\ParseTemplateBehavior [ RunTime:0.024972s ]
INFO: [ view_parse ] --END-- [ RunTime:0.025145s ]
INFO: [ view_filter ] --START--
INFO: Run Behavior\WriteHtmlCacheBehavior [ RunTime:0.000876s ]
INFO: [ view_filter ] --END-- [ RunTime:0.000952s ]
INFO: [ app_end ] --START--
INFO: Run Behavior\ShowPageTraceBehavior [ RunTime:0.001026s ]
INFO: [ app_end ] --END-- [ RunTime:0.001099s ]

[ 2016-01-20T09:56:44+08:00 ] 127.0.0.1 /xcrm/index.php/home/hrpx/index?_=1453255002902
INFO: [ app_begin ] --START--
INFO: Run Behavior\ReadHtmlCacheBehavior [ RunTime:0.000663s ]
INFO: [ app_begin ] --END-- [ RunTime:0.001276s ]
NOTIC: [8] Undefined variable: order G:\Project\xcrm\App\Home\Controller\CommonController.class.php 第 81 行.
NOTIC: [8] Undefined variable: sort G:\Project\xcrm\App\Home\Controller\CommonController.class.php 第 91 行.
NOTIC: [8] Undefined variable: pageCurrent G:\Project\xcrm\App\Home\Controller\CommonController.class.php 第 99 行.
SQL: SELECT COUNT(*) AS tp_count FROM `xy_hrpx` LIMIT 1   [ RunTime:0.0014s ]
SQL: SELECT * FROM `xy_hrpx` ORDER BY `id` desc LIMIT 0,15   [ RunTime:0.0007s ]
INFO: [ view_parse ] --START--
INFO: [ template_filter ] --START--
INFO: Run Behavior\ContentReplaceBehavior [ RunTime:0.000112s ]
INFO: [ template_filter ] --END-- [ RunTime:0.000193s ]
NOTIC: [8] Undefined index: keys G:\Project\xcrm\App\Runtime\Cache\Home\c5ecbdf79d15a12dfafe30e9a2d3e204.php 第 8 行.
INFO: Run Behavior\ParseTemplateBehavior [ RunTime:0.021052s ]
INFO: [ view_parse ] --END-- [ RunTime:0.021154s ]
INFO: [ view_filter ] --START--
INFO: Run Behavior\WriteHtmlCacheBehavior [ RunTime:0.000773s ]
INFO: [ view_filter ] --END-- [ RunTime:0.000841s ]
INFO: [ app_end ] --START--
INFO: Run Behavior\ShowPageTraceBehavior [ RunTime:0.000849s ]
INFO: [ app_end ] --END-- [ RunTime:0.000912s ]

[ 2016-01-20T09:56:46+08:00 ] 127.0.0.1 /xcrm/index.php/home/hrdd/index?_=1453255005727
INFO: [ app_begin ] --START--
INFO: Run Behavior\ReadHtmlCacheBehavior [ RunTime:0.001522s ]
INFO: [ app_begin ] --END-- [ RunTime:0.002290s ]
NOTIC: [8] Undefined variable: order G:\Project\xcrm\App\Home\Controller\CommonController.class.php 第 81 行.
NOTIC: [8] Undefined variable: sort G:\Project\xcrm\App\Home\Controller\CommonController.class.php 第 91 行.
NOTIC: [8] Undefined variable: pageCurrent G:\Project\xcrm\App\Home\Controller\CommonController.class.php 第 99 行.
SQL: SELECT COUNT(*) AS tp_count FROM `xy_hrdd` LIMIT 1   [ RunTime:0.0014s ]
SQL: SELECT * FROM `xy_hrdd` ORDER BY `id` desc LIMIT 0,15   [ RunTime:0.0007s ]
INFO: [ view_parse ] --START--
INFO: [ template_filter ] --START--
INFO: Run Behavior\ContentReplaceBehavior [ RunTime:0.000139s ]
INFO: [ template_filter ] --END-- [ RunTime:0.000281s ]
NOTIC: [8] Undefined index: keys G:\Project\xcrm\App\Runtime\Cache\Home\3873acfb54f12d08722bb2c53d95bc9d.php 第 8 行.
INFO: Run Behavior\ParseTemplateBehavior [ RunTime:0.024112s ]
INFO: [ view_parse ] --END-- [ RunTime:0.024252s ]
INFO: [ view_filter ] --START--
INFO: Run Behavior\WriteHtmlCacheBehavior [ RunTime:0.001211s ]
INFO: [ view_filter ] --END-- [ RunTime:0.001387s ]
INFO: [ app_end ] --START--
INFO: Run Behavior\ShowPageTraceBehavior [ RunTime:0.001853s ]
INFO: [ app_end ] --END-- [ RunTime:0.001990s ]

[ 2016-01-20T09:56:49+08:00 ] 127.0.0.1 /xcrm/index.php/home/hrgh/index?_=1453255008281
INFO: [ app_begin ] --START--
INFO: Run Behavior\ReadHtmlCacheBehavior [ RunTime:0.000728s ]
INFO: [ app_begin ] --END-- [ RunTime:0.001220s ]
NOTIC: [8] Undefined variable: order G:\Project\xcrm\App\Home\Controller\CommonController.class.php 第 81 行.
NOTIC: [8] Undefined variable: sort G:\Project\xcrm\App\Home\Controller\CommonController.class.php 第 91 行.
NOTIC: [8] Undefined variable: pageCurrent G:\Project\xcrm\App\Home\Controller\CommonController.class.php 第 99 行.
SQL: SELECT COUNT(*) AS tp_count FROM `xy_hrgh` LIMIT 1   [ RunTime:0.0014s ]
SQL: SELECT * FROM `xy_hrgh` ORDER BY `id` desc LIMIT 0,15   [ RunTime:0.0016s ]
INFO: [ view_parse ] --START--
INFO: [ template_filter ] --START--
INFO: Run Behavior\ContentReplaceBehavior [ RunTime:0.000135s ]
INFO: [ template_filter ] --END-- [ RunTime:0.000273s ]
NOTIC: [8] Undefined index: keys G:\Project\xcrm\App\Runtime\Cache\Home\ff31bc6185d8e31047338041892c3a6f.php 第 8 行.
INFO: Run Behavior\ParseTemplateBehavior [ RunTime:0.074832s ]
INFO: [ view_parse ] --END-- [ RunTime:0.075063s ]
INFO: [ view_filter ] --START--
INFO: Run Behavior\WriteHtmlCacheBehavior [ RunTime:0.001477s ]
INFO: [ view_filter ] --END-- [ RunTime:0.001603s ]
INFO: [ app_end ] --START--
INFO: Run Behavior\ShowPageTraceBehavior [ RunTime:0.001859s ]
INFO: [ app_end ] --END-- [ RunTime:0.001988s ]

[ 2016-01-20T10:12:13+08:00 ] 127.0.0.1 /xcrm/index.php/Home/Hrht/view/id/2/navTabId/Hrht?_=1453255932301
INFO: [ app_begin ] --START--
INFO: Run Behavior\ReadHtmlCacheBehavior [ RunTime:0.001224s ]
INFO: [ app_begin ] --END-- [ RunTime:0.002701s ]
SQL: SELECT * FROM `xy_hrht` WHERE `id` = 2 LIMIT 1   [ RunTime:0.0011s ]
INFO: [ view_parse ] --START--
INFO: [ template_filter ] --START--
INFO: Run Behavior\ContentReplaceBehavior [ RunTime:0.000101s ]
INFO: [ template_filter ] --END-- [ RunTime:0.000287s ]
SQL: SELECT * FROM `xy_files` WHERE ( attid=1425267063 )  [ RunTime:0.0008s ]
INFO: Run Behavior\ParseTemplateBehavior [ RunTime:0.039975s ]
INFO: [ view_parse ] --END-- [ RunTime:0.040119s ]
INFO: [ view_filter ] --START--
INFO: Run Behavior\WriteHtmlCacheBehavior [ RunTime:0.001298s ]
INFO: [ view_filter ] --END-- [ RunTime:0.001405s ]
INFO: [ app_end ] --START--
INFO: Run Behavior\ShowPageTraceBehavior [ RunTime:0.001645s ]
INFO: [ app_end ] --END-- [ RunTime:0.001759s ]

[ 2016-01-20T10:14:14+08:00 ] 127.0.0.1 /xcrm/index.php/Home/Hrht/view/id/1/navTabId/Hrht?_=1453256053434
INFO: [ app_begin ] --START--
INFO: Run Behavior\ReadHtmlCacheBehavior [ RunTime:0.003237s ]
INFO: [ app_begin ] --END-- [ RunTime:0.004250s ]
SQL: SELECT * FROM `xy_hrht` WHERE `id` = 1 LIMIT 1   [ RunTime:0.0016s ]
INFO: [ view_parse ] --START--
INFO: [ template_filter ] --START--
INFO: Run Behavior\ContentReplaceBehavior [ RunTime:0.000100s ]
INFO: [ template_filter ] --END-- [ RunTime:0.000256s ]
SQL: SELECT * FROM `xy_files` WHERE ( attid=1425186778 )  [ RunTime:0.0007s ]
INFO: Run Behavior\ParseTemplateBehavior [ RunTime:0.023421s ]
INFO: [ view_parse ] --END-- [ RunTime:0.023587s ]
INFO: [ view_filter ] --START--
INFO: Run Behavior\WriteHtmlCacheBehavior [ RunTime:0.001449s ]
INFO: [ view_filter ] --END-- [ RunTime:0.001555s ]
INFO: [ app_end ] --START--
INFO: Run Behavior\ShowPageTraceBehavior [ RunTime:0.001836s ]
INFO: [ app_end ] --END-- [ RunTime:0.001966s ]

[ 2016-01-20T10:14:28+08:00 ] 127.0.0.1 /xcrm/index.php/Home/Hrht/edit/id/1/navTabId/Hrht?_=1453256066865
INFO: [ app_begin ] --START--
INFO: Run Behavior\ReadHtmlCacheBehavior [ RunTime:0.000605s ]
INFO: [ app_begin ] --END-- [ RunTime:0.001325s ]
SQL: SELECT * FROM `xy_hrht` WHERE `id` = 1 LIMIT 1   [ RunTime:0.0005s ]
SQL: SELECT * FROM `xy_hrht` WHERE `id` = 1 LIMIT 1   [ RunTime:0.0004s ]
INFO: [ view_parse ] --START--
INFO: [ template_filter ] --START--
INFO: Run Behavior\ContentReplaceBehavior [ RunTime:0.000129s ]
INFO: [ template_filter ] --END-- [ RunTime:0.000323s ]
INFO: Run Behavior\ParseTemplateBehavior [ RunTime:0.045676s ]
INFO: [ view_parse ] --END-- [ RunTime:0.045902s ]
INFO: [ view_filter ] --START--
INFO: Run Behavior\WriteHtmlCacheBehavior [ RunTime:0.001548s ]
INFO: [ view_filter ] --END-- [ RunTime:0.001673s ]
NOTIC: [2] Missing argument 1 for Home\Controller\HrhtController::_after_edit() G:\Project\xcrm\App\Home\Controller\HrhtController.class.php 第 58 行.
INFO: [ app_end ] --START--
INFO: Run Behavior\ShowPageTraceBehavior [ RunTime:0.001565s ]
INFO: [ app_end ] --END-- [ RunTime:0.001690s ]

[ 2016-01-20T10:23:20+08:00 ] 127.0.0.1 /xcrm/index.php/Home/Hrjf/view/id/2/navTabId/Hrjf?_=1453256599771
INFO: [ app_begin ] --START--
INFO: Run Behavior\ReadHtmlCacheBehavior [ RunTime:0.001523s ]
INFO: [ app_begin ] --END-- [ RunTime:0.003670s ]
SQL: SELECT * FROM `xy_hrjf` WHERE `id` = 2 LIMIT 1   [ RunTime:0.0024s ]
INFO: [ view_parse ] --START--
INFO: [ template_filter ] --START--
INFO: Run Behavior\ContentReplaceBehavior [ RunTime:0.000104s ]
INFO: [ template_filter ] --END-- [ RunTime:0.000235s ]
SQL: SELECT * FROM `xy_files` WHERE ( attid=1425197524 )  [ RunTime:0.0021s ]
INFO: Run Behavior\ParseTemplateBehavior [ RunTime:0.052846s ]
INFO: [ view_parse ] --END-- [ RunTime:0.052996s ]
INFO: [ view_filter ] --START--
INFO: Run Behavior\WriteHtmlCacheBehavior [ RunTime:0.001490s ]
INFO: [ view_filter ] --END-- [ RunTime:0.001608s ]
INFO: [ app_end ] --START--
INFO: Run Behavior\ShowPageTraceBehavior [ RunTime:0.002210s ]
INFO: [ app_end ] --END-- [ RunTime:0.002329s ]

[ 2016-01-20T10:33:00+08:00 ] 127.0.0.1 /xcrm/index.php/Home/Hrzz/view/id/1/navTabId/Hrzz?_=1453257179330
INFO: [ app_begin ] --START--
INFO: Run Behavior\ReadHtmlCacheBehavior [ RunTime:0.002732s ]
INFO: [ app_begin ] --END-- [ RunTime:0.004576s ]
SQL: SELECT * FROM `xy_hrzz` WHERE `id` = 1 LIMIT 1   [ RunTime:0.0009s ]
INFO: [ view_parse ] --START--
INFO: [ template_filter ] --START--
INFO: Run Behavior\ContentReplaceBehavior [ RunTime:0.000097s ]
INFO: [ template_filter ] --END-- [ RunTime:0.000219s ]
SQL: SELECT * FROM `xy_files` WHERE ( attid=1425203786 )  [ RunTime:0.0006s ]
INFO: Run Behavior\ParseTemplateBehavior [ RunTime:0.034282s ]
INFO: [ view_parse ] --END-- [ RunTime:0.034411s ]
INFO: [ view_filter ] --START--
INFO: Run Behavior\WriteHtmlCacheBehavior [ RunTime:0.001368s ]
INFO: [ view_filter ] --END-- [ RunTime:0.001505s ]
INFO: [ app_end ] --START--
INFO: Run Behavior\ShowPageTraceBehavior [ RunTime:0.002033s ]
INFO: [ app_end ] --END-- [ RunTime:0.002221s ]

[ 2016-01-20T11:12:25+08:00 ] 127.0.0.1 /xcrm/index.php/home/hrht/daoqi?_=1453259544027
INFO: [ app_begin ] --START--
INFO: Run Behavior\ReadHtmlCacheBehavior [ RunTime:0.001196s ]
INFO: [ app_begin ] --END-- [ RunTime:0.001957s ]
SQL: SELECT * FROM `xy_hrht` WHERE ( `jsrj` >= '2015-11-20' AND `jsrj` <= '2016-02-20'  )  [ RunTime:0.0016s ]
INFO: [ view_parse ] --START--
INFO: [ template_filter ] --START--
INFO: Run Behavior\ContentReplaceBehavior [ RunTime:0.000169s ]
INFO: [ template_filter ] --END-- [ RunTime:0.000304s ]
NOTIC: [8] Undefined variable: numPerPage G:\Project\xcrm\App\Runtime\Cache\Home\7f327a738bb733838878d1dff0a8d2e1.php 第 4 行.
NOTIC: [8] Undefined index: keys G:\Project\xcrm\App\Runtime\Cache\Home\7f327a738bb733838878d1dff0a8d2e1.php 第 8 行.
NOTIC: [8] Undefined variable: totalCount G:\Project\xcrm\App\Runtime\Cache\Home\7f327a738bb733838878d1dff0a8d2e1.php 第 61 行.
NOTIC: [8] Undefined variable: numPerPage G:\Project\xcrm\App\Runtime\Cache\Home\7f327a738bb733838878d1dff0a8d2e1.php 第 61 行.
NOTIC: [8] Undefined variable: totalCount G:\Project\xcrm\App\Runtime\Cache\Home\7f327a738bb733838878d1dff0a8d2e1.php 第 63 行.
NOTIC: [8] Undefined variable: numPerPage G:\Project\xcrm\App\Runtime\Cache\Home\7f327a738bb733838878d1dff0a8d2e1.php 第 63 行.
NOTIC: [8] Undefined variable: currentPage G:\Project\xcrm\App\Runtime\Cache\Home\7f327a738bb733838878d1dff0a8d2e1.php 第 63 行.
INFO: Run Behavior\ParseTemplateBehavior [ RunTime:0.022177s ]
INFO: [ view_parse ] --END-- [ RunTime:0.022304s ]
INFO: [ view_filter ] --START--
INFO: Run Behavior\WriteHtmlCacheBehavior [ RunTime:0.000851s ]
INFO: [ view_filter ] --END-- [ RunTime:0.000952s ]
INFO: [ app_end ] --START--
INFO: Run Behavior\ShowPageTraceBehavior [ RunTime:0.001391s ]
INFO: [ app_end ] --END-- [ RunTime:0.001513s ]

[ 2016-01-20T11:12:27+08:00 ] 127.0.0.1 /xcrm/index.php/home/hr/birthday?_=1453259546687
INFO: [ app_begin ] --START--
INFO: Run Behavior\ReadHtmlCacheBehavior [ RunTime:0.001179s ]
INFO: [ app_begin ] --END-- [ RunTime:0.002014s ]
SQL: SELECT * FROM `xy_hr` WHERE ( birthday=01 or birthday=02 )  [ RunTime:0.0016s ]
INFO: [ view_parse ] --START--
INFO: [ template_filter ] --START--
INFO: Run Behavior\ContentReplaceBehavior [ RunTime:0.000143s ]
INFO: [ template_filter ] --END-- [ RunTime:0.000292s ]
NOTIC: [8] Undefined variable: numPerPage G:\Project\xcrm\App\Runtime\Cache\Home\914533bfd624db1d63f61d42bbceaa97.php 第 4 行.
NOTIC: [8] Undefined index: keys G:\Project\xcrm\App\Runtime\Cache\Home\914533bfd624db1d63f61d42bbceaa97.php 第 8 行.
NOTIC: [8] Undefined variable: totalCount G:\Project\xcrm\App\Runtime\Cache\Home\914533bfd624db1d63f61d42bbceaa97.php 第 67 行.
NOTIC: [8] Undefined variable: numPerPage G:\Project\xcrm\App\Runtime\Cache\Home\914533bfd624db1d63f61d42bbceaa97.php 第 67 行.
NOTIC: [8] Undefined variable: totalCount G:\Project\xcrm\App\Runtime\Cache\Home\914533bfd624db1d63f61d42bbceaa97.php 第 69 行.
NOTIC: [8] Undefined variable: numPerPage G:\Project\xcrm\App\Runtime\Cache\Home\914533bfd624db1d63f61d42bbceaa97.php 第 69 行.
NOTIC: [8] Undefined variable: currentPage G:\Project\xcrm\App\Runtime\Cache\Home\914533bfd624db1d63f61d42bbceaa97.php 第 69 行.
INFO: Run Behavior\ParseTemplateBehavior [ RunTime:0.020501s ]
INFO: [ view_parse ] --END-- [ RunTime:0.020608s ]
INFO: [ view_filter ] --START--
INFO: Run Behavior\WriteHtmlCacheBehavior [ RunTime:0.000952s ]
INFO: [ view_filter ] --END-- [ RunTime:0.001046s ]
INFO: [ app_end ] --START--
INFO: Run Behavior\ShowPageTraceBehavior [ RunTime:0.002031s ]
INFO: [ app_end ] --END-- [ RunTime:0.002140s ]

[ 2016-01-20T11:12:31+08:00 ] 127.0.0.1 /xcrm/index.php/Home/Hr/view/id/1/navTabId/Hr?_=1453259549903
INFO: [ app_begin ] --START--
INFO: Run Behavior\ReadHtmlCacheBehavior [ RunTime:0.000728s ]
INFO: [ app_begin ] --END-- [ RunTime:0.001263s ]
SQL: SELECT * FROM `xy_hr` WHERE `id` = 1 LIMIT 1   [ RunTime:0.0007s ]
INFO: [ view_parse ] --START--
INFO: [ template_filter ] --START--
INFO: Run Behavior\ContentReplaceBehavior [ RunTime:0.000118s ]
INFO: [ template_filter ] --END-- [ RunTime:0.000206s ]
SQL: SELECT * FROM `xy_files` WHERE ( attid=1425131004 )  [ RunTime:0.0003s ]
SQL: SELECT `truename` FROM `xy_user` WHERE ( id=1 ) LIMIT 1   [ RunTime:0.0004s ]
SQL: SELECT * FROM `xy_hrht` WHERE `juid` = 1  [ RunTime:0.0003s ]
SQL: SELECT * FROM `xy_hrjf` WHERE `juid` = 1  [ RunTime:0.0003s ]
SQL: SELECT * FROM `xy_hrzz` WHERE `juid` = 1  [ RunTime:0.0002s ]
SQL: SELECT * FROM `xy_hrpx` WHERE `juid` = 1  [ RunTime:0.0002s ]
SQL: SELECT * FROM `xy_hrdd` WHERE `juid` = 1  [ RunTime:0.0002s ]
SQL: SELECT * FROM `xy_hrgh` WHERE `juid` = 1  [ RunTime:0.0002s ]
INFO: Run Behavior\ParseTemplateBehavior [ RunTime:0.049720s ]
INFO: [ view_parse ] --END-- [ RunTime:0.049834s ]
INFO: [ view_filter ] --START--
INFO: Run Behavior\WriteHtmlCacheBehavior [ RunTime:0.000464s ]
INFO: [ view_filter ] --END-- [ RunTime:0.000518s ]
INFO: [ app_end ] --START--
INFO: Run Behavior\ShowPageTraceBehavior [ RunTime:0.002838s ]
INFO: [ app_end ] --END-- [ RunTime:0.002925s ]

[ 2016-01-20T11:15:30+08:00 ] 127.0.0.1 /xcrm/index.php/home/hr/fenxi?_=1453259730209
INFO: [ app_begin ] --START--
INFO: Run Behavior\ReadHtmlCacheBehavior [ RunTime:0.000819s ]
INFO: [ app_begin ] --END-- [ RunTime:0.001431s ]
INFO: [ view_parse ] --START--
INFO: [ template_filter ] --START--
INFO: Run Behavior\ContentReplaceBehavior [ RunTime:0.000048s ]
INFO: [ template_filter ] --END-- [ RunTime:0.000122s ]
INFO: Run Behavior\ParseTemplateBehavior [ RunTime:0.026080s ]
INFO: [ view_parse ] --END-- [ RunTime:0.026175s ]
INFO: [ view_filter ] --START--
INFO: Run Behavior\WriteHtmlCacheBehavior [ RunTime:0.000587s ]
INFO: [ view_filter ] --END-- [ RunTime:0.000691s ]
INFO: [ app_end ] --START--
INFO: Run Behavior\ShowPageTraceBehavior [ RunTime:0.001562s ]
INFO: [ app_end ] --END-- [ RunTime:0.001745s ]

[ 2016-01-20T12:07:12+08:00 ] 127.0.0.1 /xcrm/index.php/Home/Hr/view/id/1/navTabId/Hr?_=1453262831115
INFO: [ app_begin ] --START--
INFO: Run Behavior\ReadHtmlCacheBehavior [ RunTime:0.002566s ]
INFO: [ app_begin ] --END-- [ RunTime:0.004755s ]
SQL: SELECT * FROM `xy_hr` WHERE `id` = 1 LIMIT 1   [ RunTime:0.0008s ]
INFO: [ view_parse ] --START--
INFO: [ template_filter ] --START--
INFO: Run Behavior\ContentReplaceBehavior [ RunTime:0.000098s ]
INFO: [ template_filter ] --END-- [ RunTime:0.000169s ]
SQL: SELECT * FROM `xy_files` WHERE ( attid=1425131004 )  [ RunTime:0.0003s ]
SQL: SELECT `truename` FROM `xy_user` WHERE ( id=1 ) LIMIT 1   [ RunTime:0.0002s ]
SQL: SELECT * FROM `xy_hrht` WHERE `juid` = 1  [ RunTime:0.0002s ]
SQL: SELECT * FROM `xy_hrjf` WHERE `juid` = 1  [ RunTime:0.0002s ]
SQL: SELECT * FROM `xy_hrzz` WHERE `juid` = 1  [ RunTime:0.0003s ]
SQL: SELECT * FROM `xy_hrpx` WHERE `juid` = 1  [ RunTime:0.0003s ]
SQL: SELECT * FROM `xy_hrdd` WHERE `juid` = 1  [ RunTime:0.0006s ]
SQL: SELECT * FROM `xy_hrgh` WHERE `juid` = 1  [ RunTime:0.0002s ]
INFO: Run Behavior\ParseTemplateBehavior [ RunTime:0.063839s ]
INFO: [ view_parse ] --END-- [ RunTime:0.063955s ]
INFO: [ view_filter ] --START--
INFO: Run Behavior\WriteHtmlCacheBehavior [ RunTime:0.000708s ]
INFO: [ view_filter ] --END-- [ RunTime:0.000759s ]
INFO: [ app_end ] --START--
INFO: Run Behavior\ShowPageTraceBehavior [ RunTime:0.000890s ]
INFO: [ app_end ] --END-- [ RunTime:0.000951s ]

[ 2016-01-20T12:10:27+08:00 ] 127.0.0.1 /xcrm/index.php/home/pro/index?_=1453263026219
INFO: [ app_begin ] --START--
INFO: Run Behavior\ReadHtmlCacheBehavior [ RunTime:0.001608s ]
INFO: [ app_begin ] --END-- [ RunTime:0.002267s ]
NOTIC: [8] Undefined variable: order G:\Project\xcrm\App\Home\Controller\CommonController.class.php 第 81 行.
NOTIC: [8] Undefined variable: sort G:\Project\xcrm\App\Home\Controller\CommonController.class.php 第 91 行.
NOTIC: [8] Undefined variable: pageCurrent G:\Project\xcrm\App\Home\Controller\CommonController.class.php 第 99 行.
SQL: SELECT COUNT(*) AS tp_count FROM `xy_pro` LIMIT 1   [ RunTime:0.0004s ]
SQL: SELECT * FROM `xy_pro` ORDER BY `id` desc LIMIT 0,15   [ RunTime:0.0005s ]
INFO: [ view_parse ] --START--
INFO: [ template_filter ] --START--
INFO: Run Behavior\ContentReplaceBehavior [ RunTime:0.000086s ]
INFO: [ template_filter ] --END-- [ RunTime:0.000169s ]
NOTIC: [8] Undefined index: keys G:\Project\xcrm\App\Runtime\Cache\Home\8e393816a0c1a4377ad5e682d62ee611.php 第 8 行.
INFO: Run Behavior\ParseTemplateBehavior [ RunTime:0.043026s ]
INFO: [ view_parse ] --END-- [ RunTime:0.043152s ]
INFO: [ view_filter ] --START--
INFO: Run Behavior\WriteHtmlCacheBehavior [ RunTime:0.000918s ]
INFO: [ view_filter ] --END-- [ RunTime:0.001038s ]
INFO: [ app_end ] --START--
INFO: Run Behavior\ShowPageTraceBehavior [ RunTime:0.001243s ]
INFO: [ app_end ] --END-- [ RunTime:0.001325s ]

[ 2016-01-20T12:10:44+08:00 ] 127.0.0.1 /xcrm/index.php/Home/Pro/view/id/2/navTabId/Pro?_=1453263043485
INFO: [ app_begin ] --START--
INFO: Run Behavior\ReadHtmlCacheBehavior [ RunTime:0.000804s ]
INFO: [ app_begin ] --END-- [ RunTime:0.001356s ]
SQL: SELECT * FROM `xy_pro` WHERE `id` = 2 LIMIT 1   [ RunTime:0.0006s ]
INFO: [ view_parse ] --START--
INFO: [ template_filter ] --START--
INFO: Run Behavior\ContentReplaceBehavior [ RunTime:0.000163s ]
INFO: [ template_filter ] --END-- [ RunTime:0.000357s ]
SQL: SELECT * FROM `xy_proin` WHERE `jpid` = 2  [ RunTime:0.0005s ]
SQL: SELECT * FROM `xy_proout` WHERE `jpid` = 2  [ RunTime:0.0005s ]
INFO: Run Behavior\ParseTemplateBehavior [ RunTime:0.115843s ]
INFO: [ view_parse ] --END-- [ RunTime:0.116003s ]
INFO: [ view_filter ] --START--
INFO: Run Behavior\WriteHtmlCacheBehavior [ RunTime:0.001650s ]
INFO: [ view_filter ] --END-- [ RunTime:0.001782s ]
INFO: [ app_end ] --START--
INFO: Run Behavior\ShowPageTraceBehavior [ RunTime:0.002151s ]
INFO: [ app_end ] --END-- [ RunTime:0.002280s ]

[ 2016-01-20T12:11:33+08:00 ] 127.0.0.1 /xcrm/index.php/Home/Pro/view/id/1/navTabId/Pro?_=1453263092357
INFO: [ app_begin ] --START--
INFO: Run Behavior\ReadHtmlCacheBehavior [ RunTime:0.000818s ]
INFO: [ app_begin ] --END-- [ RunTime:0.001402s ]
SQL: SELECT * FROM `xy_pro` WHERE `id` = 1 LIMIT 1   [ RunTime:0.0468s ]
INFO: [ view_parse ] --START--
INFO: [ template_filter ] --START--
INFO: Run Behavior\ContentReplaceBehavior [ RunTime:0.000160s ]
INFO: [ template_filter ] --END-- [ RunTime:0.000375s ]
SQL: SELECT * FROM `xy_proin` WHERE `jpid` = 1  [ RunTime:0.0034s ]
SQL: SELECT * FROM `xy_proout` WHERE `jpid` = 1  [ RunTime:0.0139s ]
INFO: Run Behavior\ParseTemplateBehavior [ RunTime:0.048171s ]
INFO: [ view_parse ] --END-- [ RunTime:0.048309s ]
INFO: [ view_filter ] --START--
INFO: Run Behavior\WriteHtmlCacheBehavior [ RunTime:0.000774s ]
INFO: [ view_filter ] --END-- [ RunTime:0.000828s ]
INFO: [ app_end ] --START--
INFO: Run Behavior\ShowPageTraceBehavior [ RunTime:0.000867s ]
INFO: [ app_end ] --END-- [ RunTime:0.000919s ]

[ 2016-01-20T12:11:51+08:00 ] 127.0.0.1 /xcrm/index.php/Home/Pro/view/id/2/navTabId/Pro?_=1453263110547
INFO: [ app_begin ] --START--
INFO: Run Behavior\ReadHtmlCacheBehavior [ RunTime:0.000902s ]
INFO: [ app_begin ] --END-- [ RunTime:0.001506s ]
SQL: SELECT * FROM `xy_pro` WHERE `id` = 2 LIMIT 1   [ RunTime:0.0005s ]
INFO: [ view_parse ] --START--
INFO: [ template_filter ] --START--
INFO: Run Behavior\ContentReplaceBehavior [ RunTime:0.000138s ]
INFO: [ template_filter ] --END-- [ RunTime:0.000277s ]
SQL: SELECT * FROM `xy_proin` WHERE `jpid` = 2  [ RunTime:0.0005s ]
SQL: SELECT * FROM `xy_proout` WHERE `jpid` = 2  [ RunTime:0.0003s ]
INFO: Run Behavior\ParseTemplateBehavior [ RunTime:0.036646s ]
INFO: [ view_parse ] --END-- [ RunTime:0.036767s ]
INFO: [ view_filter ] --START--
INFO: Run Behavior\WriteHtmlCacheBehavior [ RunTime:0.000834s ]
INFO: [ view_filter ] --END-- [ RunTime:0.000899s ]
INFO: [ app_end ] --START--
INFO: Run Behavior\ShowPageTraceBehavior [ RunTime:0.001126s ]
INFO: [ app_end ] --END-- [ RunTime:0.001190s ]

[ 2016-01-20T13:30:40+08:00 ] 127.0.0.1 /xcrm/index.php/home/hr/fenxi?_=1453267840041
INFO: [ app_begin ] --START--
INFO: Run Behavior\ReadHtmlCacheBehavior [ RunTime:0.000986s ]
INFO: [ app_begin ] --END-- [ RunTime:0.001631s ]
INFO: [ view_parse ] --START--
INFO: [ template_filter ] --START--
INFO: Run Behavior\ContentReplaceBehavior [ RunTime:0.000048s ]
INFO: [ template_filter ] --END-- [ RunTime:0.000118s ]
INFO: Run Behavior\ParseTemplateBehavior [ RunTime:0.027665s ]
INFO: [ view_parse ] --END-- [ RunTime:0.027761s ]
INFO: [ view_filter ] --START--
INFO: Run Behavior\WriteHtmlCacheBehavior [ RunTime:0.000886s ]
INFO: [ view_filter ] --END-- [ RunTime:0.000952s ]
INFO: [ app_end ] --START--
INFO: Run Behavior\ShowPageTraceBehavior [ RunTime:0.000920s ]
INFO: [ app_end ] --END-- [ RunTime:0.000992s ]

[ 2016-01-20T13:31:29+08:00 ] 127.0.0.1 /xcrm/index.php/home/hrht/daoqi?_=1453267888334
INFO: [ app_begin ] --START--
INFO: Run Behavior\ReadHtmlCacheBehavior [ RunTime:0.000899s ]
INFO: [ app_begin ] --END-- [ RunTime:0.001439s ]
SQL: SELECT * FROM `xy_hrht` WHERE ( `jsrj` >= '2015-11-20' AND `jsrj` <= '2016-02-20'  )  [ RunTime:0.0006s ]
INFO: [ view_parse ] --START--
INFO: [ template_filter ] --START--
INFO: Run Behavior\ContentReplaceBehavior [ RunTime:0.000185s ]
INFO: [ template_filter ] --END-- [ RunTime:0.000931s ]
NOTIC: [8] Undefined variable: numPerPage G:\Project\xcrm\App\Runtime\Cache\Home\7f327a738bb733838878d1dff0a8d2e1.php 第 4 行.
NOTIC: [8] Undefined index: keys G:\Project\xcrm\App\Runtime\Cache\Home\7f327a738bb733838878d1dff0a8d2e1.php 第 8 行.
NOTIC: [8] Undefined variable: totalCount G:\Project\xcrm\App\Runtime\Cache\Home\7f327a738bb733838878d1dff0a8d2e1.php 第 61 行.
NOTIC: [8] Undefined variable: numPerPage G:\Project\xcrm\App\Runtime\Cache\Home\7f327a738bb733838878d1dff0a8d2e1.php 第 61 行.
NOTIC: [8] Undefined variable: totalCount G:\Project\xcrm\App\Runtime\Cache\Home\7f327a738bb733838878d1dff0a8d2e1.php 第 63 行.
NOTIC: [8] Undefined variable: numPerPage G:\Project\xcrm\App\Runtime\Cache\Home\7f327a738bb733838878d1dff0a8d2e1.php 第 63 行.
NOTIC: [8] Undefined variable: currentPage G:\Project\xcrm\App\Runtime\Cache\Home\7f327a738bb733838878d1dff0a8d2e1.php 第 63 行.
INFO: Run Behavior\ParseTemplateBehavior [ RunTime:0.068490s ]
INFO: [ view_parse ] --END-- [ RunTime:0.068595s ]
INFO: [ view_filter ] --START--
INFO: Run Behavior\WriteHtmlCacheBehavior [ RunTime:0.000668s ]
INFO: [ view_filter ] --END-- [ RunTime:0.000724s ]
INFO: [ app_end ] --START--
INFO: Run Behavior\ShowPageTraceBehavior [ RunTime:0.000686s ]
INFO: [ app_end ] --END-- [ RunTime:0.000740s ]

[ 2016-01-20T13:32:57+08:00 ] 127.0.0.1 /xcrm/index.php/home/user/index?_=1453267976568
INFO: [ app_begin ] --START--
INFO: Run Behavior\ReadHtmlCacheBehavior [ RunTime:0.000861s ]
INFO: [ app_begin ] --END-- [ RunTime:0.001393s ]
NOTIC: [8] Undefined variable: order G:\Project\xcrm\App\Home\Controller\CommonController.class.php 第 81 行.
NOTIC: [8] Undefined variable: sort G:\Project\xcrm\App\Home\Controller\CommonController.class.php 第 91 行.
NOTIC: [8] Undefined variable: pageCurrent G:\Project\xcrm\App\Home\Controller\CommonController.class.php 第 99 行.
SQL: SELECT COUNT(*) AS tp_count FROM `xy_user` LIMIT 1   [ RunTime:0.0258s ]
SQL: SELECT * FROM `xy_user` ORDER BY `id` desc LIMIT 0,15   [ RunTime:0.0011s ]
INFO: [ view_parse ] --START--
INFO: [ template_filter ] --START--
INFO: Run Behavior\ContentReplaceBehavior [ RunTime:0.000191s ]
INFO: [ template_filter ] --END-- [ RunTime:0.000367s ]
NOTIC: [8] Undefined index: keys G:\Project\xcrm\App\Runtime\Cache\Home\64032f3cba072b42246c94805e3ede75.php 第 8 行.
SQL: DELETE FROM `xy_auth_group_access` WHERE `group_id` = 0 [ RunTime:0.1117s ]
SQL: SELECT COUNT(*) AS tp_count FROM `xy_auth_group_access` WHERE `uid` = 4 LIMIT 1   [ RunTime:0.0010s ]
SQL: DELETE FROM `xy_auth_group_access` WHERE `group_id` = 0 [ RunTime:0.0004s ]
SQL: SELECT COUNT(*) AS tp_count FROM `xy_auth_group_access` WHERE `uid` = 3 LIMIT 1   [ RunTime:0.0005s ]
SQL: DELETE FROM `xy_auth_group_access` WHERE `group_id` = 0 [ RunTime:0.0003s ]
SQL: SELECT COUNT(*) AS tp_count FROM `xy_auth_group_access` WHERE `uid` = 2 LIMIT 1   [ RunTime:0.0005s ]
SQL: DELETE FROM `xy_auth_group_access` WHERE `group_id` = 0 [ RunTime:0.0003s ]
SQL: SELECT COUNT(*) AS tp_count FROM `xy_auth_group_access` WHERE `uid` = 1 LIMIT 1   [ RunTime:0.0004s ]
INFO: Run Behavior\ParseTemplateBehavior [ RunTime:0.169127s ]
INFO: [ view_parse ] --END-- [ RunTime:0.169270s ]
INFO: [ view_filter ] --START--
INFO: Run Behavior\WriteHtmlCacheBehavior [ RunTime:0.001714s ]
INFO: [ view_filter ] --END-- [ RunTime:0.001829s ]
INFO: [ app_end ] --START--
INFO: Run Behavior\ShowPageTraceBehavior [ RunTime:0.001833s ]
INFO: [ app_end ] --END-- [ RunTime:0.001952s ]

[ 2016-01-20T13:33:18+08:00 ] 127.0.0.1 /xcrm/index.php/home/mygo/index?_=1453267997089
INFO: [ app_begin ] --START--
INFO: Run Behavior\ReadHtmlCacheBehavior [ RunTime:0.002028s ]
INFO: [ app_begin ] --END-- [ RunTime:0.002809s ]
NOTIC: [8] Undefined variable: order G:\Project\xcrm\App\Home\Controller\CommonController.class.php 第 81 行.
NOTIC: [8] Undefined variable: sort G:\Project\xcrm\App\Home\Controller\CommonController.class.php 第 91 行.
NOTIC: [8] Undefined variable: pageCurrent G:\Project\xcrm\App\Home\Controller\CommonController.class.php 第 99 行.
SQL: SELECT COUNT(*) AS tp_count FROM `xy_mygo` WHERE `uid` = '1' LIMIT 1   [ RunTime:0.0102s ]
SQL: SELECT * FROM `xy_mygo` WHERE `uid` = '1' ORDER BY `id` desc LIMIT 0,15   [ RunTime:0.0008s ]
INFO: [ view_parse ] --START--
INFO: [ template_filter ] --START--
INFO: Run Behavior\ContentReplaceBehavior [ RunTime:0.000236s ]
INFO: [ template_filter ] --END-- [ RunTime:0.000422s ]
NOTIC: [8] Undefined index: keys G:\Project\xcrm\App\Runtime\Cache\Home\cefd9d174d64118d7dbe18529e2338a2.php 第 8 行.
INFO: Run Behavior\ParseTemplateBehavior [ RunTime:0.029264s ]
INFO: [ view_parse ] --END-- [ RunTime:0.029446s ]
INFO: [ view_filter ] --START--
INFO: Run Behavior\WriteHtmlCacheBehavior [ RunTime:0.000875s ]
INFO: [ view_filter ] --END-- [ RunTime:0.000951s ]
INFO: [ app_end ] --START--
INFO: Run Behavior\ShowPageTraceBehavior [ RunTime:0.000725s ]
INFO: [ app_end ] --END-- [ RunTime:0.000776s ]

[ 2016-01-20T13:33:21+08:00 ] 127.0.0.1 /xcrm/index.php/Home/Mygo/view/id/3/navTabId/Mygo?_=1453268000169
INFO: [ app_begin ] --START--
INFO: Run Behavior\ReadHtmlCacheBehavior [ RunTime:0.000808s ]
INFO: [ app_begin ] --END-- [ RunTime:0.001372s ]
SQL: SELECT * FROM `xy_mygo` WHERE `id` = 3 LIMIT 1   [ RunTime:0.0007s ]
INFO: [ view_parse ] --START--
INFO: [ template_filter ] --START--
INFO: Run Behavior\ContentReplaceBehavior [ RunTime:0.000102s ]
INFO: [ template_filter ] --END-- [ RunTime:0.000247s ]
INFO: Run Behavior\ParseTemplateBehavior [ RunTime:0.035952s ]
INFO: [ view_parse ] --END-- [ RunTime:0.036160s ]
INFO: [ view_filter ] --START--
INFO: Run Behavior\WriteHtmlCacheBehavior [ RunTime:0.001413s ]
INFO: [ view_filter ] --END-- [ RunTime:0.001551s ]
INFO: [ app_end ] --START--
INFO: Run Behavior\ShowPageTraceBehavior [ RunTime:0.001633s ]
INFO: [ app_end ] --END-- [ RunTime:0.001769s ]

[ 2016-01-20T13:34:35+08:00 ] 127.0.0.1 /xcrm/index.php/home/hrgh/index?_=1453268074275
INFO: [ app_begin ] --START--
INFO: Run Behavior\ReadHtmlCacheBehavior [ RunTime:0.001747s ]
INFO: [ app_begin ] --END-- [ RunTime:0.002748s ]
NOTIC: [8] Undefined variable: order G:\Project\xcrm\App\Home\Controller\CommonController.class.php 第 81 行.
NOTIC: [8] Undefined variable: sort G:\Project\xcrm\App\Home\Controller\CommonController.class.php 第 91 行.
NOTIC: [8] Undefined variable: pageCurrent G:\Project\xcrm\App\Home\Controller\CommonController.class.php 第 99 行.
SQL: SELECT COUNT(*) AS tp_count FROM `xy_hrgh` LIMIT 1   [ RunTime:0.0004s ]
SQL: SELECT * FROM `xy_hrgh` ORDER BY `id` desc LIMIT 0,15   [ RunTime:0.0004s ]
INFO: [ view_parse ] --START--
INFO: [ template_filter ] --START--
INFO: Run Behavior\ContentReplaceBehavior [ RunTime:0.000158s ]
INFO: [ template_filter ] --END-- [ RunTime:0.000311s ]
NOTIC: [8] Undefined index: keys G:\Project\xcrm\App\Runtime\Cache\Home\ff31bc6185d8e31047338041892c3a6f.php 第 8 行.
INFO: Run Behavior\ParseTemplateBehavior [ RunTime:0.025973s ]
INFO: [ view_parse ] --END-- [ RunTime:0.026161s ]
INFO: [ view_filter ] --START--
INFO: Run Behavior\WriteHtmlCacheBehavior [ RunTime:0.001414s ]
INFO: [ view_filter ] --END-- [ RunTime:0.001528s ]
INFO: [ app_end ] --START--
INFO: Run Behavior\ShowPageTraceBehavior [ RunTime:0.001518s ]
INFO: [ app_end ] --END-- [ RunTime:0.001632s ]

[ 2016-01-20T13:36:11+08:00 ] 127.0.0.1 /xcrm/index.php/Home/Hrgh/view/id/1/navTabId/Hrgh?_=1453268170122
INFO: [ app_begin ] --START--
INFO: Run Behavior\ReadHtmlCacheBehavior [ RunTime:0.001273s ]
INFO: [ app_begin ] --END-- [ RunTime:0.001985s ]
SQL: SELECT * FROM `xy_hrgh` WHERE `id` = 1 LIMIT 1   [ RunTime:0.0314s ]
INFO: [ view_parse ] --START--
INFO: [ template_filter ] --START--
INFO: Run Behavior\ContentReplaceBehavior [ RunTime:0.000110s ]
INFO: [ template_filter ] --END-- [ RunTime:0.000301s ]
SQL: SELECT * FROM `xy_files` WHERE ( attid=1425214124 )  [ RunTime:0.0252s ]
INFO: Run Behavior\ParseTemplateBehavior [ RunTime:0.100250s ]
INFO: [ view_parse ] --END-- [ RunTime:0.100348s ]
INFO: [ view_filter ] --START--
INFO: Run Behavior\WriteHtmlCacheBehavior [ RunTime:0.000910s ]
INFO: [ view_filter ] --END-- [ RunTime:0.000973s ]
INFO: [ app_end ] --START--
INFO: Run Behavior\ShowPageTraceBehavior [ RunTime:0.001305s ]
INFO: [ app_end ] --END-- [ RunTime:0.001375s ]

[ 2016-01-20T13:38:53+08:00 ] 127.0.0.1 /xcrm/index.php/home/hrht/index?_=1453268332408
INFO: [ app_begin ] --START--
INFO: Run Behavior\ReadHtmlCacheBehavior [ RunTime:0.000999s ]
INFO: [ app_begin ] --END-- [ RunTime:0.001605s ]
NOTIC: [8] Undefined variable: order G:\Project\xcrm\App\Home\Controller\CommonController.class.php 第 81 行.
NOTIC: [8] Undefined variable: sort G:\Project\xcrm\App\Home\Controller\CommonController.class.php 第 91 行.
NOTIC: [8] Undefined variable: pageCurrent G:\Project\xcrm\App\Home\Controller\CommonController.class.php 第 99 行.
SQL: SELECT COUNT(*) AS tp_count FROM `xy_hrht` LIMIT 1   [ RunTime:0.0003s ]
SQL: SELECT * FROM `xy_hrht` ORDER BY `id` desc LIMIT 0,15   [ RunTime:0.0006s ]
INFO: [ view_parse ] --START--
INFO: [ template_filter ] --START--
INFO: Run Behavior\ContentReplaceBehavior [ RunTime:0.000138s ]
INFO: [ template_filter ] --END-- [ RunTime:0.000304s ]
NOTIC: [8] Undefined index: keys G:\Project\xcrm\App\Runtime\Cache\Home\7f327a738bb733838878d1dff0a8d2e1.php 第 8 行.
INFO: Run Behavior\ParseTemplateBehavior [ RunTime:0.028759s ]
INFO: [ view_parse ] --END-- [ RunTime:0.028914s ]
INFO: [ view_filter ] --START--
INFO: Run Behavior\WriteHtmlCacheBehavior [ RunTime:0.003089s ]
INFO: [ view_filter ] --END-- [ RunTime:0.003226s ]
INFO: [ app_end ] --START--
INFO: Run Behavior\ShowPageTraceBehavior [ RunTime:0.002166s ]
INFO: [ app_end ] --END-- [ RunTime:0.002290s ]

[ 2016-01-20T13:39:17+08:00 ] 127.0.0.1 /xcrm/index.php/Home/Hrht/view/id/2/navTabId/Hrht?_=1453268356318
INFO: [ app_begin ] --START--
INFO: Run Behavior\ReadHtmlCacheBehavior [ RunTime:0.000984s ]
INFO: [ app_begin ] --END-- [ RunTime:0.002070s ]
SQL: SELECT * FROM `xy_hrht` WHERE `id` = 2 LIMIT 1   [ RunTime:0.0007s ]
INFO: [ view_parse ] --START--
INFO: [ template_filter ] --START--
INFO: Run Behavior\ContentReplaceBehavior [ RunTime:0.000109s ]
INFO: [ template_filter ] --END-- [ RunTime:0.000243s ]
SQL: SELECT * FROM `xy_files` WHERE ( attid=1425267063 )  [ RunTime:0.0005s ]
INFO: Run Behavior\ParseTemplateBehavior [ RunTime:0.044822s ]
INFO: [ view_parse ] --END-- [ RunTime:0.044976s ]
INFO: [ view_filter ] --START--
INFO: Run Behavior\WriteHtmlCacheBehavior [ RunTime:0.001741s ]
INFO: [ view_filter ] --END-- [ RunTime:0.001859s ]
INFO: [ app_end ] --START--
INFO: Run Behavior\ShowPageTraceBehavior [ RunTime:0.003817s ]
INFO: [ app_end ] --END-- [ RunTime:0.003923s ]

[ 2016-01-20T13:48:26+08:00 ] 127.0.0.1 /xcrm/index.php/Home/Pro/view/id/1/navTabId/Pro?_=1453268905466
INFO: [ app_begin ] --START--
INFO: Run Behavior\ReadHtmlCacheBehavior [ RunTime:0.001476s ]
INFO: [ app_begin ] --END-- [ RunTime:0.002236s ]
SQL: SELECT * FROM `xy_pro` WHERE `id` = 1 LIMIT 1   [ RunTime:0.0006s ]
INFO: [ view_parse ] --START--
INFO: [ template_filter ] --START--
INFO: Run Behavior\ContentReplaceBehavior [ RunTime:0.000134s ]
INFO: [ template_filter ] --END-- [ RunTime:0.000271s ]
SQL: SELECT * FROM `xy_proin` WHERE `jpid` = 1  [ RunTime:0.0005s ]
SQL: SELECT * FROM `xy_proout` WHERE `jpid` = 1  [ RunTime:0.0002s ]
INFO: Run Behavior\ParseTemplateBehavior [ RunTime:0.034793s ]
INFO: [ view_parse ] --END-- [ RunTime:0.034936s ]
INFO: [ view_filter ] --START--
INFO: Run Behavior\WriteHtmlCacheBehavior [ RunTime:0.000893s ]
INFO: [ view_filter ] --END-- [ RunTime:0.000960s ]
INFO: [ app_end ] --START--
INFO: Run Behavior\ShowPageTraceBehavior [ RunTime:0.000865s ]
INFO: [ app_end ] --END-- [ RunTime:0.000917s ]

[ 2016-01-20T13:48:38+08:00 ] 127.0.0.1 /xcrm/index.php/home/hr/index?_=1453268917284
INFO: [ app_begin ] --START--
INFO: Run Behavior\ReadHtmlCacheBehavior [ RunTime:0.001155s ]
INFO: [ app_begin ] --END-- [ RunTime:0.002026s ]
NOTIC: [8] Undefined variable: order G:\Project\xcrm\App\Home\Controller\CommonController.class.php 第 81 行.
NOTIC: [8] Undefined variable: sort G:\Project\xcrm\App\Home\Controller\CommonController.class.php 第 91 行.
NOTIC: [8] Undefined variable: pageCurrent G:\Project\xcrm\App\Home\Controller\CommonController.class.php 第 99 行.
SQL: SELECT COUNT(*) AS tp_count FROM `xy_hr` LIMIT 1   [ RunTime:0.0003s ]
SQL: SELECT * FROM `xy_hr` ORDER BY `id` desc LIMIT 0,15   [ RunTime:0.0009s ]
INFO: [ view_parse ] --START--
INFO: [ template_filter ] --START--
INFO: Run Behavior\ContentReplaceBehavior [ RunTime:0.000143s ]
INFO: [ template_filter ] --END-- [ RunTime:0.000298s ]
NOTIC: [8] Undefined index: keys G:\Project\xcrm\App\Runtime\Cache\Home\914533bfd624db1d63f61d42bbceaa97.php 第 8 行.
INFO: Run Behavior\ParseTemplateBehavior [ RunTime:0.049416s ]
INFO: [ view_parse ] --END-- [ RunTime:0.049569s ]
INFO: [ view_filter ] --START--
INFO: Run Behavior\WriteHtmlCacheBehavior [ RunTime:0.001547s ]
INFO: [ view_filter ] --END-- [ RunTime:0.001673s ]
INFO: [ app_end ] --START--
INFO: Run Behavior\ShowPageTraceBehavior [ RunTime:0.002055s ]
INFO: [ app_end ] --END-- [ RunTime:0.002182s ]

[ 2016-01-20T13:48:41+08:00 ] 127.0.0.1 /xcrm/index.php/Home/Hr/view/id/1/navTabId/Hr?_=1453268920249
INFO: [ app_begin ] --START--
INFO: Run Behavior\ReadHtmlCacheBehavior [ RunTime:0.001005s ]
INFO: [ app_begin ] --END-- [ RunTime:0.001629s ]
SQL: SELECT * FROM `xy_hr` WHERE `id` = 1 LIMIT 1   [ RunTime:0.0008s ]
INFO: [ view_parse ] --START--
INFO: [ template_filter ] --START--
INFO: Run Behavior\ContentReplaceBehavior [ RunTime:0.000252s ]
INFO: [ template_filter ] --END-- [ RunTime:0.000394s ]
SQL: SELECT * FROM `xy_files` WHERE ( attid=1425131004 )  [ RunTime:0.0003s ]
SQL: SELECT `truename` FROM `xy_user` WHERE ( id=1 ) LIMIT 1   [ RunTime:0.0002s ]
SQL: SELECT * FROM `xy_hrht` WHERE `juid` = 1  [ RunTime:0.0002s ]
SQL: SELECT * FROM `xy_hrjf` WHERE `juid` = 1  [ RunTime:0.0002s ]
SQL: SELECT * FROM `xy_hrzz` WHERE `juid` = 1  [ RunTime:0.0003s ]
SQL: SELECT * FROM `xy_hrpx` WHERE `juid` = 1  [ RunTime:0.0002s ]
SQL: SELECT * FROM `xy_hrdd` WHERE `juid` = 1  [ RunTime:0.0002s ]
SQL: SELECT * FROM `xy_hrgh` WHERE `juid` = 1  [ RunTime:0.0002s ]
INFO: Run Behavior\ParseTemplateBehavior [ RunTime:0.057596s ]
INFO: [ view_parse ] --END-- [ RunTime:0.057756s ]
INFO: [ view_filter ] --START--
INFO: Run Behavior\WriteHtmlCacheBehavior [ RunTime:0.000897s ]
INFO: [ view_filter ] --END-- [ RunTime:0.000967s ]
INFO: [ app_end ] --START--
INFO: Run Behavior\ShowPageTraceBehavior [ RunTime:0.001078s ]
INFO: [ app_end ] --END-- [ RunTime:0.001156s ]

[ 2016-01-20T13:50:15+08:00 ] 127.0.0.1 /xcrm/index.php/home/hr/fenxi?_=1453269015684
INFO: [ app_begin ] --START--
INFO: Run Behavior\ReadHtmlCacheBehavior [ RunTime:0.000855s ]
INFO: [ app_begin ] --END-- [ RunTime:0.001407s ]
INFO: [ view_parse ] --START--
INFO: [ template_filter ] --START--
INFO: Run Behavior\ContentReplaceBehavior [ RunTime:0.000048s ]
INFO: [ template_filter ] --END-- [ RunTime:0.000111s ]
INFO: Run Behavior\ParseTemplateBehavior [ RunTime:0.007102s ]
INFO: [ view_parse ] --END-- [ RunTime:0.007174s ]
INFO: [ view_filter ] --START--
INFO: Run Behavior\WriteHtmlCacheBehavior [ RunTime:0.000600s ]
INFO: [ view_filter ] --END-- [ RunTime:0.000647s ]
INFO: [ app_end ] --START--
INFO: Run Behavior\ShowPageTraceBehavior [ RunTime:0.000703s ]
INFO: [ app_end ] --END-- [ RunTime:0.000754s ]

[ 2016-01-20T13:55:25+08:00 ] 127.0.0.1 /xcrm/index.php/home/pro/index?_=1453269324064
INFO: [ app_begin ] --START--
INFO: Run Behavior\ReadHtmlCacheBehavior [ RunTime:0.001038s ]
INFO: [ app_begin ] --END-- [ RunTime:0.001689s ]
NOTIC: [8] Undefined variable: order G:\Project\xcrm\App\Home\Controller\CommonController.class.php 第 81 行.
NOTIC: [8] Undefined variable: sort G:\Project\xcrm\App\Home\Controller\CommonController.class.php 第 91 行.
NOTIC: [8] Undefined variable: pageCurrent G:\Project\xcrm\App\Home\Controller\CommonController.class.php 第 99 行.
SQL: SELECT COUNT(*) AS tp_count FROM `xy_pro` LIMIT 1   [ RunTime:0.0003s ]
SQL: SELECT * FROM `xy_pro` ORDER BY `id` desc LIMIT 0,15   [ RunTime:0.0005s ]
INFO: [ view_parse ] --START--
INFO: [ template_filter ] --START--
INFO: Run Behavior\ContentReplaceBehavior [ RunTime:0.000151s ]
INFO: [ template_filter ] --END-- [ RunTime:0.000284s ]
NOTIC: [8] Undefined index: keys G:\Project\xcrm\App\Runtime\Cache\Home\8e393816a0c1a4377ad5e682d62ee611.php 第 8 行.
INFO: Run Behavior\ParseTemplateBehavior [ RunTime:0.029268s ]
INFO: [ view_parse ] --END-- [ RunTime:0.029412s ]
INFO: [ view_filter ] --START--
INFO: Run Behavior\WriteHtmlCacheBehavior [ RunTime:0.001626s ]
INFO: [ view_filter ] --END-- [ RunTime:0.001702s ]
INFO: [ app_end ] --START--
INFO: Run Behavior\ShowPageTraceBehavior [ RunTime:0.000944s ]
INFO: [ app_end ] --END-- [ RunTime:0.000995s ]

[ 2016-01-20T13:58:24+08:00 ] 127.0.0.1 /xcrm/index.php/Home/Pro/view/id/2/navTabId/Pro?_=1453269503472
INFO: [ app_begin ] --START--
INFO: Run Behavior\ReadHtmlCacheBehavior [ RunTime:0.000833s ]
INFO: [ app_begin ] --END-- [ RunTime:0.001348s ]
SQL: SELECT * FROM `xy_pro` WHERE `id` = 2 LIMIT 1   [ RunTime:0.0005s ]
INFO: [ view_parse ] --START--
INFO: [ template_filter ] --START--
INFO: Run Behavior\ContentReplaceBehavior [ RunTime:0.000176s ]
INFO: [ template_filter ] --END-- [ RunTime:0.000364s ]
SQL: SELECT * FROM `xy_proin` WHERE `jpid` = 2  [ RunTime:0.0005s ]
SQL: SELECT * FROM `xy_proout` WHERE `jpid` = 2  [ RunTime:0.0004s ]
INFO: Run Behavior\ParseTemplateBehavior [ RunTime:0.038082s ]
INFO: [ view_parse ] --END-- [ RunTime:0.038241s ]
INFO: [ view_filter ] --START--
INFO: Run Behavior\WriteHtmlCacheBehavior [ RunTime:0.001686s ]
INFO: [ view_filter ] --END-- [ RunTime:0.001810s ]
INFO: [ app_end ] --START--
INFO: Run Behavior\ShowPageTraceBehavior [ RunTime:0.001631s ]
INFO: [ app_end ] --END-- [ RunTime:0.001722s ]

[ 2016-01-20T14:08:33+08:00 ] 127.0.0.1 /xcrm/index.php/Home/Pro/add/navTabId/Pro?_=1453270113492
INFO: [ app_begin ] --START--
INFO: Run Behavior\ReadHtmlCacheBehavior [ RunTime:0.000858s ]
INFO: [ app_begin ] --END-- [ RunTime:0.001403s ]
INFO: [ view_parse ] --START--
INFO: [ template_filter ] --START--
INFO: Run Behavior\ContentReplaceBehavior [ RunTime:0.000098s ]
INFO: [ template_filter ] --END-- [ RunTime:0.000206s ]
NOTIC: [8] Undefined variable: id G:\Project\xcrm\App\Runtime\Cache\Home\20f3dc773c701d88d761238f19bc9db4.php 第 3 行.
NOTIC: [8] Undefined variable: Rs G:\Project\xcrm\App\Runtime\Cache\Home\20f3dc773c701d88d761238f19bc9db4.php 第 7 行.
NOTIC: [8] Undefined variable: Rs G:\Project\xcrm\App\Runtime\Cache\Home\20f3dc773c701d88d761238f19bc9db4.php 第 7 行.
NOTIC: [8] Undefined variable: Rs G:\Project\xcrm\App\Runtime\Cache\Home\20f3dc773c701d88d761238f19bc9db4.php 第 8 行.
NOTIC: [8] Undefined variable: Rs G:\Project\xcrm\App\Runtime\Cache\Home\20f3dc773c701d88d761238f19bc9db4.php 第 8 行.
NOTIC: [8] Undefined variable: Rs G:\Project\xcrm\App\Runtime\Cache\Home\20f3dc773c701d88d761238f19bc9db4.php 第 9 行.
NOTIC: [8] Undefined variable: Rs G:\Project\xcrm\App\Runtime\Cache\Home\20f3dc773c701d88d761238f19bc9db4.php 第 9 行.
NOTIC: [8] Undefined variable: Rs G:\Project\xcrm\App\Runtime\Cache\Home\20f3dc773c701d88d761238f19bc9db4.php 第 9 行.
NOTIC: [8] Undefined variable: Rs G:\Project\xcrm\App\Runtime\Cache\Home\20f3dc773c701d88d761238f19bc9db4.php 第 9 行.
NOTIC: [8] Undefined variable: Rs G:\Project\xcrm\App\Runtime\Cache\Home\20f3dc773c701d88d761238f19bc9db4.php 第 9 行.
NOTIC: [8] Undefined variable: Rs G:\Project\xcrm\App\Runtime\Cache\Home\20f3dc773c701d88d761238f19bc9db4.php 第 11 行.
INFO: Run Behavior\ParseTemplateBehavior [ RunTime:0.037600s ]
INFO: [ view_parse ] --END-- [ RunTime:0.037697s ]
INFO: [ view_filter ] --START--
INFO: Run Behavior\WriteHtmlCacheBehavior [ RunTime:0.001059s ]
INFO: [ view_filter ] --END-- [ RunTime:0.001150s ]
NOTIC: [2] Missing argument 1 for Home\Controller\ProController::_after_add() G:\Project\xcrm\App\Home\Controller\ProController.class.php 第 40 行.
INFO: [ app_end ] --START--
INFO: Run Behavior\ShowPageTraceBehavior [ RunTime:0.001433s ]
INFO: [ app_end ] --END-- [ RunTime:0.001514s ]

[ 2016-01-20T14:08:40+08:00 ] 127.0.0.1 /xcrm/index.php/Home/Pro/add/navTabId/Pro?_=1453270120399
INFO: [ app_begin ] --START--
INFO: Run Behavior\ReadHtmlCacheBehavior [ RunTime:0.000925s ]
INFO: [ app_begin ] --END-- [ RunTime:0.001515s ]
INFO: [ view_parse ] --START--
INFO: [ template_filter ] --START--
INFO: Run Behavior\ContentReplaceBehavior [ RunTime:0.000059s ]
INFO: [ template_filter ] --END-- [ RunTime:0.000127s ]
NOTIC: [8] Undefined variable: id G:\Project\xcrm\App\Runtime\Cache\Home\20f3dc773c701d88d761238f19bc9db4.php 第 3 行.
NOTIC: [8] Undefined variable: Rs G:\Project\xcrm\App\Runtime\Cache\Home\20f3dc773c701d88d761238f19bc9db4.php 第 7 行.
NOTIC: [8] Undefined variable: Rs G:\Project\xcrm\App\Runtime\Cache\Home\20f3dc773c701d88d761238f19bc9db4.php 第 7 行.
NOTIC: [8] Undefined variable: Rs G:\Project\xcrm\App\Runtime\Cache\Home\20f3dc773c701d88d761238f19bc9db4.php 第 8 行.
NOTIC: [8] Undefined variable: Rs G:\Project\xcrm\App\Runtime\Cache\Home\20f3dc773c701d88d761238f19bc9db4.php 第 8 行.
NOTIC: [8] Undefined variable: Rs G:\Project\xcrm\App\Runtime\Cache\Home\20f3dc773c701d88d761238f19bc9db4.php 第 9 行.
NOTIC: [8] Undefined variable: Rs G:\Project\xcrm\App\Runtime\Cache\Home\20f3dc773c701d88d761238f19bc9db4.php 第 9 行.
NOTIC: [8] Undefined variable: Rs G:\Project\xcrm\App\Runtime\Cache\Home\20f3dc773c701d88d761238f19bc9db4.php 第 9 行.
NOTIC: [8] Undefined variable: Rs G:\Project\xcrm\App\Runtime\Cache\Home\20f3dc773c701d88d761238f19bc9db4.php 第 9 行.
NOTIC: [8] Undefined variable: Rs G:\Project\xcrm\App\Runtime\Cache\Home\20f3dc773c701d88d761238f19bc9db4.php 第 9 行.
NOTIC: [8] Undefined variable: Rs G:\Project\xcrm\App\Runtime\Cache\Home\20f3dc773c701d88d761238f19bc9db4.php 第 11 行.
INFO: Run Behavior\ParseTemplateBehavior [ RunTime:0.014062s ]
INFO: [ view_parse ] --END-- [ RunTime:0.014195s ]
INFO: [ view_filter ] --START--
INFO: Run Behavior\WriteHtmlCacheBehavior [ RunTime:0.002857s ]
INFO: [ view_filter ] --END-- [ RunTime:0.003179s ]
NOTIC: [2] Missing argument 1 for Home\Controller\ProController::_after_add() G:\Project\xcrm\App\Home\Controller\ProController.class.php 第 40 行.
INFO: [ app_end ] --START--
INFO: Run Behavior\ShowPageTraceBehavior [ RunTime:0.001545s ]
INFO: [ app_end ] --END-- [ RunTime:0.001639s ]

[ 2016-01-20T14:08:48+08:00 ] 127.0.0.1 /xcrm/index.php/Home/Pro/view/id/2/navTabId/Pro?_=1453270127579
INFO: [ app_begin ] --START--
INFO: Run Behavior\ReadHtmlCacheBehavior [ RunTime:0.002196s ]
INFO: [ app_begin ] --END-- [ RunTime:0.002959s ]
SQL: SELECT * FROM `xy_pro` WHERE `id` = 2 LIMIT 1   [ RunTime:0.0005s ]
INFO: [ view_parse ] --START--
INFO: [ template_filter ] --START--
INFO: Run Behavior\ContentReplaceBehavior [ RunTime:0.000128s ]
INFO: [ template_filter ] --END-- [ RunTime:0.000257s ]
SQL: SELECT * FROM `xy_proin` WHERE `jpid` = 2  [ RunTime:0.0005s ]
SQL: SELECT * FROM `xy_proout` WHERE `jpid` = 2  [ RunTime:0.0007s ]
INFO: Run Behavior\ParseTemplateBehavior [ RunTime:0.034474s ]
INFO: [ view_parse ] --END-- [ RunTime:0.034614s ]
INFO: [ view_filter ] --START--
INFO: Run Behavior\WriteHtmlCacheBehavior [ RunTime:0.001885s ]
INFO: [ view_filter ] --END-- [ RunTime:0.002007s ]
INFO: [ app_end ] --START--
INFO: Run Behavior\ShowPageTraceBehavior [ RunTime:0.001677s ]
INFO: [ app_end ] --END-- [ RunTime:0.001755s ]

[ 2016-01-20T14:10:30+08:00 ] 127.0.0.1 /xcrm/index.php/Home/Pro/view/id/2/navTabId/Pro?_=1453270229505
INFO: [ app_begin ] --START--
INFO: Run Behavior\ReadHtmlCacheBehavior [ RunTime:0.001166s ]
INFO: [ app_begin ] --END-- [ RunTime:0.001706s ]
SQL: SELECT * FROM `xy_pro` WHERE `id` = 2 LIMIT 1   [ RunTime:0.0005s ]
INFO: [ view_parse ] --START--
INFO: [ template_filter ] --START--
INFO: Run Behavior\ContentReplaceBehavior [ RunTime:0.000100s ]
INFO: [ template_filter ] --END-- [ RunTime:0.000262s ]
SQL: SELECT * FROM `xy_proin` WHERE `jpid` = 2  [ RunTime:0.0004s ]
SQL: SELECT * FROM `xy_proout` WHERE `jpid` = 2  [ RunTime:0.0003s ]
INFO: Run Behavior\ParseTemplateBehavior [ RunTime:0.029243s ]
INFO: [ view_parse ] --END-- [ RunTime:0.029377s ]
INFO: [ view_filter ] --START--
INFO: Run Behavior\WriteHtmlCacheBehavior [ RunTime:0.000941s ]
INFO: [ view_filter ] --END-- [ RunTime:0.001015s ]
INFO: [ app_end ] --START--
INFO: Run Behavior\ShowPageTraceBehavior [ RunTime:0.001641s ]
INFO: [ app_end ] --END-- [ RunTime:0.001720s ]

[ 2016-01-20T14:10:47+08:00 ] 127.0.0.1 /xcrm/index.php/Home/Pro/edit/id/1/navTabId/Pro?_=1453270246644
INFO: [ app_begin ] --START--
INFO: Run Behavior\ReadHtmlCacheBehavior [ RunTime:0.001102s ]
INFO: [ app_begin ] --END-- [ RunTime:0.001640s ]
SQL: SELECT * FROM `xy_pro` WHERE `id` = 1 LIMIT 1   [ RunTime:0.0005s ]
NOTIC: [8] Undefined index: attid G:\Project\xcrm\App\Home\Controller\ProController.class.php 第 52 行.
SQL: SELECT * FROM `xy_pro` WHERE `id` = 1 LIMIT 1   [ RunTime:0.0007s ]
INFO: [ view_parse ] --START--
INFO: [ template_filter ] --START--
INFO: Run Behavior\ContentReplaceBehavior [ RunTime:0.000130s ]
INFO: [ template_filter ] --END-- [ RunTime:0.000294s ]
INFO: Run Behavior\ParseTemplateBehavior [ RunTime:0.053119s ]
INFO: [ view_parse ] --END-- [ RunTime:0.053353s ]
INFO: [ view_filter ] --START--
INFO: Run Behavior\WriteHtmlCacheBehavior [ RunTime:0.001681s ]
INFO: [ view_filter ] --END-- [ RunTime:0.001809s ]
NOTIC: [2] Missing argument 1 for Home\Controller\ProController::_after_edit() G:\Project\xcrm\App\Home\Controller\ProController.class.php 第 60 行.
INFO: [ app_end ] --START--
INFO: Run Behavior\ShowPageTraceBehavior [ RunTime:0.002350s ]
INFO: [ app_end ] --END-- [ RunTime:0.002500s ]

[ 2016-01-20T14:11:07+08:00 ] 127.0.0.1 /xcrm/index.php/Home/Pro/edit/navTabId/Pro
INFO: [ app_begin ] --START--
INFO: Run Behavior\ReadHtmlCacheBehavior [ RunTime:0.000831s ]
INFO: [ app_begin ] --END-- [ RunTime:0.001351s ]
SQL: UPDATE `xy_pro` SET `name`='打印纸',`fenlei`='办公用品',`jiage`='96',`sjiage`='0',`type`='只',`title`='10包/箱',`beizhu`='&lt;p&gt;
	调动
&lt;/p&gt;',`uuid`='1',`uuname`='陈高明',`updatetime`='2016-01-20 14:11:06' WHERE `id` = 1 [ RunTime:0.0020s ]
SQL: UPDATE `xy_user` SET `update_time`='1453270267' WHERE `id` = 1 [ RunTime:0.0017s ]
SQL: INSERT INTO `xy_log` (`username`,`content`,`os`,`url`,`addtime`,`ip`) VALUES ('admin','编辑成功','Mozilla/5.0 (Windows NT 6.1; WOW64) AppleWebKit/537.36 (KHTML, like Gecko) Chrome/47.0.2526.106 Safari/537.36','/xcrm/index.php?m=Home&c=Pro&a=edit','2016-01-20 14:11:07','127.0.0.1') [ RunTime:0.0446s ]

[ 2016-01-20T14:11:08+08:00 ] 127.0.0.1 /xcrm/index.php/home/pro/index?_=1453270267731
INFO: [ app_begin ] --START--
INFO: Run Behavior\ReadHtmlCacheBehavior [ RunTime:0.002022s ]
INFO: [ app_begin ] --END-- [ RunTime:0.002872s ]
NOTIC: [8] Undefined variable: order G:\Project\xcrm\App\Home\Controller\CommonController.class.php 第 81 行.
NOTIC: [8] Undefined variable: sort G:\Project\xcrm\App\Home\Controller\CommonController.class.php 第 91 行.
NOTIC: [8] Undefined variable: pageCurrent G:\Project\xcrm\App\Home\Controller\CommonController.class.php 第 99 行.
SQL: SELECT COUNT(*) AS tp_count FROM `xy_pro` LIMIT 1   [ RunTime:0.0005s ]
SQL: SELECT * FROM `xy_pro` ORDER BY `id` desc LIMIT 0,15   [ RunTime:0.0008s ]
INFO: [ view_parse ] --START--
INFO: [ template_filter ] --START--
INFO: Run Behavior\ContentReplaceBehavior [ RunTime:0.000156s ]
INFO: [ template_filter ] --END-- [ RunTime:0.000299s ]
NOTIC: [8] Undefined index: keys G:\Project\xcrm\App\Runtime\Cache\Home\8e393816a0c1a4377ad5e682d62ee611.php 第 8 行.
INFO: Run Behavior\ParseTemplateBehavior [ RunTime:0.025564s ]
INFO: [ view_parse ] --END-- [ RunTime:0.025663s ]
INFO: [ view_filter ] --START--
INFO: Run Behavior\WriteHtmlCacheBehavior [ RunTime:0.000759s ]
INFO: [ view_filter ] --END-- [ RunTime:0.000808s ]
INFO: [ app_end ] --START--
INFO: Run Behavior\ShowPageTraceBehavior [ RunTime:0.001215s ]
INFO: [ app_end ] --END-- [ RunTime:0.001291s ]

[ 2016-01-20T14:11:11+08:00 ] 127.0.0.1 /xcrm/index.php/Home/Pro/view/id/1/navTabId/Pro?_=1453270270574
INFO: [ app_begin ] --START--
INFO: Run Behavior\ReadHtmlCacheBehavior [ RunTime:0.001134s ]
INFO: [ app_begin ] --END-- [ RunTime:0.001799s ]
SQL: SELECT * FROM `xy_pro` WHERE `id` = 1 LIMIT 1   [ RunTime:0.0009s ]
INFO: [ view_parse ] --START--
INFO: [ template_filter ] --START--
INFO: Run Behavior\ContentReplaceBehavior [ RunTime:0.000077s ]
INFO: [ template_filter ] --END-- [ RunTime:0.000174s ]
SQL: SELECT * FROM `xy_proin` WHERE `jpid` = 1  [ RunTime:0.0003s ]
SQL: SELECT * FROM `xy_proout` WHERE `jpid` = 1  [ RunTime:0.0002s ]
INFO: Run Behavior\ParseTemplateBehavior [ RunTime:0.029446s ]
INFO: [ view_parse ] --END-- [ RunTime:0.029546s ]
INFO: [ view_filter ] --START--
INFO: Run Behavior\WriteHtmlCacheBehavior [ RunTime:0.000869s ]
INFO: [ view_filter ] --END-- [ RunTime:0.000935s ]
INFO: [ app_end ] --START--
INFO: Run Behavior\ShowPageTraceBehavior [ RunTime:0.001191s ]
INFO: [ app_end ] --END-- [ RunTime:0.001262s ]

[ 2016-01-20T14:13:32+08:00 ] 127.0.0.1 /xcrm/index.php/Home/Pro/view/id/2/navTabId/Pro?_=1453270411514
INFO: [ app_begin ] --START--
INFO: Run Behavior\ReadHtmlCacheBehavior [ RunTime:0.001749s ]
INFO: [ app_begin ] --END-- [ RunTime:0.005033s ]
SQL: SELECT * FROM `xy_pro` WHERE `id` = 2 LIMIT 1   [ RunTime:0.0009s ]
INFO: [ view_parse ] --START--
INFO: [ template_filter ] --START--
INFO: Run Behavior\ContentReplaceBehavior [ RunTime:0.000083s ]
INFO: [ template_filter ] --END-- [ RunTime:0.000194s ]
SQL: SELECT * FROM `xy_proin` WHERE `jpid` = 2  [ RunTime:0.0003s ]
SQL: SELECT * FROM `xy_proout` WHERE `jpid` = 2  [ RunTime:0.0003s ]
INFO: Run Behavior\ParseTemplateBehavior [ RunTime:0.026210s ]
INFO: [ view_parse ] --END-- [ RunTime:0.026310s ]
INFO: [ view_filter ] --START--
INFO: Run Behavior\WriteHtmlCacheBehavior [ RunTime:0.000792s ]
INFO: [ view_filter ] --END-- [ RunTime:0.000858s ]
INFO: [ app_end ] --START--
INFO: Run Behavior\ShowPageTraceBehavior [ RunTime:0.001054s ]
INFO: [ app_end ] --END-- [ RunTime:0.001121s ]

[ 2016-01-20T14:26:20+08:00 ] 127.0.0.1 /xcrm/index.php/home/hr/index?_=1453271178930
INFO: [ app_begin ] --START--
INFO: Run Behavior\ReadHtmlCacheBehavior [ RunTime:0.001784s ]
INFO: [ app_begin ] --END-- [ RunTime:0.002587s ]
NOTIC: [8] Undefined variable: order G:\Project\xcrm\App\Home\Controller\CommonController.class.php 第 81 行.
NOTIC: [8] Undefined variable: sort G:\Project\xcrm\App\Home\Controller\CommonController.class.php 第 91 行.
NOTIC: [8] Undefined variable: pageCurrent G:\Project\xcrm\App\Home\Controller\CommonController.class.php 第 99 行.
SQL: SELECT COUNT(*) AS tp_count FROM `xy_hr` LIMIT 1   [ RunTime:0.0003s ]
SQL: SELECT * FROM `xy_hr` ORDER BY `id` desc LIMIT 0,15   [ RunTime:0.0007s ]
INFO: [ view_parse ] --START--
INFO: [ template_filter ] --START--
INFO: Run Behavior\ContentReplaceBehavior [ RunTime:0.000074s ]
INFO: [ template_filter ] --END-- [ RunTime:0.000149s ]
NOTIC: [8] Undefined index: keys G:\Project\xcrm\App\Runtime\Cache\Home\914533bfd624db1d63f61d42bbceaa97.php 第 8 行.
INFO: Run Behavior\ParseTemplateBehavior [ RunTime:0.020985s ]
INFO: [ view_parse ] --END-- [ RunTime:0.021090s ]
INFO: [ view_filter ] --START--
INFO: Run Behavior\WriteHtmlCacheBehavior [ RunTime:0.000763s ]
INFO: [ view_filter ] --END-- [ RunTime:0.000819s ]
INFO: [ app_end ] --START--
INFO: Run Behavior\ShowPageTraceBehavior [ RunTime:0.000974s ]
INFO: [ app_end ] --END-- [ RunTime:0.001034s ]

