[ 2016-01-24T09:10:18+08:00 ] 127.0.0.1 /xcrm/index.php/home/pro/index?_=1453597817165
INFO: [ app_begin ] --START--
INFO: Run Behavior\ReadHtmlCacheBehavior [ RunTime:0.000926s ]
INFO: [ app_begin ] --END-- [ RunTime:0.001438s ]
NOTIC: [8] Undefined variable: order G:\Project\xcrm\App\Home\Controller\CommonController.class.php 第 81 行.
NOTIC: [8] Undefined variable: sort G:\Project\xcrm\App\Home\Controller\CommonController.class.php 第 91 行.
NOTIC: [8] Undefined variable: pageCurrent G:\Project\xcrm\App\Home\Controller\CommonController.class.php 第 99 行.
SQL: SELECT COUNT(*) AS tp_count FROM `xy_pro` LIMIT 1   [ RunTime:0.0017s ]
SQL: SELECT * FROM `xy_pro` ORDER BY `id` desc LIMIT 0,15   [ RunTime:0.0007s ]
INFO: [ view_parse ] --START--
INFO: [ template_filter ] --START--
INFO: Run Behavior\ContentReplaceBehavior [ RunTime:0.000066s ]
INFO: [ template_filter ] --END-- [ RunTime:0.000128s ]
NOTIC: [8] Undefined index: keys G:\Project\xcrm\App\Runtime\Cache\Home\8e393816a0c1a4377ad5e682d62ee611.php 第 8 行.
INFO: Run Behavior\ParseTemplateBehavior [ RunTime:0.151681s ]
INFO: [ view_parse ] --END-- [ RunTime:0.151805s ]
INFO: [ view_filter ] --START--
INFO: Run Behavior\WriteHtmlCacheBehavior [ RunTime:0.000727s ]
INFO: [ view_filter ] --END-- [ RunTime:0.000804s ]
INFO: [ app_end ] --START--
INFO: Run Behavior\ShowPageTraceBehavior [ RunTime:0.001099s ]
INFO: [ app_end ] --END-- [ RunTime:0.001174s ]

[ 2016-01-24T09:10:21+08:00 ] 127.0.0.1 /xcrm/index.php/Home/Pro/add/navTabId/Pro?_=1453597821262
INFO: [ app_begin ] --START--
INFO: Run Behavior\ReadHtmlCacheBehavior [ RunTime:0.000858s ]
INFO: [ app_begin ] --END-- [ RunTime:0.001549s ]
INFO: [ view_parse ] --START--
INFO: [ template_filter ] --START--
INFO: Run Behavior\ContentReplaceBehavior [ RunTime:0.000087s ]
INFO: [ template_filter ] --END-- [ RunTime:0.000184s ]
NOTIC: [8] Undefined variable: id G:\Project\xcrm\App\Runtime\Cache\Home\20f3dc773c701d88d761238f19bc9db4.php 第 3 行.
NOTIC: [8] Undefined variable: Rs G:\Project\xcrm\App\Runtime\Cache\Home\20f3dc773c701d88d761238f19bc9db4.php 第 7 行.
NOTIC: [8] Undefined variable: Rs G:\Project\xcrm\App\Runtime\Cache\Home\20f3dc773c701d88d761238f19bc9db4.php 第 7 行.
NOTIC: [8] Undefined variable: Rs G:\Project\xcrm\App\Runtime\Cache\Home\20f3dc773c701d88d761238f19bc9db4.php 第 8 行.
NOTIC: [8] Undefined variable: Rs G:\Project\xcrm\App\Runtime\Cache\Home\20f3dc773c701d88d761238f19bc9db4.php 第 8 行.
NOTIC: [8] Undefined variable: Rs G:\Project\xcrm\App\Runtime\Cache\Home\20f3dc773c701d88d761238f19bc9db4.php 第 9 行.
NOTIC: [8] Undefined variable: Rs G:\Project\xcrm\App\Runtime\Cache\Home\20f3dc773c701d88d761238f19bc9db4.php 第 9 行.
NOTIC: [8] Undefined variable: Rs G:\Project\xcrm\App\Runtime\Cache\Home\20f3dc773c701d88d761238f19bc9db4.php 第 9 行.
NOTIC: [8] Undefined variable: Rs G:\Project\xcrm\App\Runtime\Cache\Home\20f3dc773c701d88d761238f19bc9db4.php 第 9 行.
NOTIC: [8] Undefined variable: Rs G:\Project\xcrm\App\Runtime\Cache\Home\20f3dc773c701d88d761238f19bc9db4.php 第 9 行.
NOTIC: [8] Undefined variable: Rs G:\Project\xcrm\App\Runtime\Cache\Home\20f3dc773c701d88d761238f19bc9db4.php 第 11 行.
INFO: Run Behavior\ParseTemplateBehavior [ RunTime:0.012213s ]
INFO: [ view_parse ] --END-- [ RunTime:0.012297s ]
INFO: [ view_filter ] --START--
INFO: Run Behavior\WriteHtmlCacheBehavior [ RunTime:0.001008s ]
INFO: [ view_filter ] --END-- [ RunTime:0.001105s ]
NOTIC: [2] Missing argument 1 for Home\Controller\ProController::_after_add() G:\Project\xcrm\App\Home\Controller\ProController.class.php 第 40 行.
INFO: [ app_end ] --START--
INFO: Run Behavior\ShowPageTraceBehavior [ RunTime:0.001392s ]
INFO: [ app_end ] --END-- [ RunTime:0.001515s ]

[ 2016-01-24T09:10:36+08:00 ] 127.0.0.1 /xcrm/index.php/Home/public/procate/navTabId/Pro?_=1453597835358
INFO: [ app_begin ] --START--
INFO: Run Behavior\ReadHtmlCacheBehavior [ RunTime:0.001809s ]
INFO: [ app_begin ] --END-- [ RunTime:0.002597s ]
SQL: SELECT DISTINCT  `fenlei` FROM `xy_pro`  [ RunTime:0.0009s ]
INFO: [ view_parse ] --START--
INFO: [ template_filter ] --START--
INFO: Run Behavior\ContentReplaceBehavior [ RunTime:0.000086s ]
INFO: [ template_filter ] --END-- [ RunTime:0.000230s ]
INFO: Run Behavior\ParseTemplateBehavior [ RunTime:0.040068s ]
INFO: [ view_parse ] --END-- [ RunTime:0.040225s ]
INFO: [ view_filter ] --START--
INFO: Run Behavior\WriteHtmlCacheBehavior [ RunTime:0.001259s ]
INFO: [ view_filter ] --END-- [ RunTime:0.001377s ]
INFO: [ app_end ] --START--
INFO: Run Behavior\ShowPageTraceBehavior [ RunTime:0.002447s ]
INFO: [ app_end ] --END-- [ RunTime:0.002656s ]

[ 2016-01-24T09:11:15+08:00 ] 127.0.0.1 /xcrm/index.php/Home/Pro/add/navTabId/Pro
INFO: [ app_begin ] --START--
INFO: Run Behavior\ReadHtmlCacheBehavior [ RunTime:0.001038s ]
INFO: [ app_begin ] --END-- [ RunTime:0.001971s ]
ERR: SQLSTATE[HY000]: General error: 1364 Field 'uuid' doesn't have a default value

[ 2016-01-24T19:25:50+08:00 ] 127.0.0.1 /xcrm/index.php/home/mygo/index?_=1453634749257
INFO: [ app_begin ] --START--
INFO: Run Behavior\ReadHtmlCacheBehavior [ RunTime:0.000589s ]
INFO: [ app_begin ] --END-- [ RunTime:0.001058s ]
NOTIC: [8] Undefined variable: order G:\Project\xcrm\App\Home\Controller\CommonController.class.php 第 81 行.
NOTIC: [8] Undefined variable: sort G:\Project\xcrm\App\Home\Controller\CommonController.class.php 第 91 行.
NOTIC: [8] Undefined variable: pageCurrent G:\Project\xcrm\App\Home\Controller\CommonController.class.php 第 99 行.
SQL: SELECT COUNT(*) AS tp_count FROM `xy_mygo` WHERE `uid` = '1' LIMIT 1   [ RunTime:0.0005s ]
SQL: SELECT * FROM `xy_mygo` WHERE `uid` = '1' ORDER BY `id` desc LIMIT 0,15   [ RunTime:0.0005s ]
INFO: [ view_parse ] --START--
INFO: [ template_filter ] --START--
INFO: Run Behavior\ContentReplaceBehavior [ RunTime:0.000105s ]
INFO: [ template_filter ] --END-- [ RunTime:0.000340s ]
NOTIC: [8] Undefined index: keys G:\Project\xcrm\App\Runtime\Cache\Home\cefd9d174d64118d7dbe18529e2338a2.php 第 8 行.
INFO: Run Behavior\ParseTemplateBehavior [ RunTime:0.028026s ]
INFO: [ view_parse ] --END-- [ RunTime:0.028139s ]
INFO: [ view_filter ] --START--
INFO: Run Behavior\WriteHtmlCacheBehavior [ RunTime:0.000783s ]
INFO: [ view_filter ] --END-- [ RunTime:0.000870s ]
INFO: [ app_end ] --START--
INFO: Run Behavior\ShowPageTraceBehavior [ RunTime:0.001383s ]
INFO: [ app_end ] --END-- [ RunTime:0.001473s ]

[ 2016-01-24T19:25:54+08:00 ] 127.0.0.1 /xcrm/index.php/home/pro/index?_=1453634753223
INFO: [ app_begin ] --START--
INFO: Run Behavior\ReadHtmlCacheBehavior [ RunTime:0.001081s ]
INFO: [ app_begin ] --END-- [ RunTime:0.002386s ]
NOTIC: [8] Undefined variable: order G:\Project\xcrm\App\Home\Controller\CommonController.class.php 第 81 行.
NOTIC: [8] Undefined variable: sort G:\Project\xcrm\App\Home\Controller\CommonController.class.php 第 91 行.
NOTIC: [8] Undefined variable: pageCurrent G:\Project\xcrm\App\Home\Controller\CommonController.class.php 第 99 行.
SQL: SELECT COUNT(*) AS tp_count FROM `xy_pro` LIMIT 1   [ RunTime:0.0003s ]
SQL: SELECT * FROM `xy_pro` ORDER BY `id` desc LIMIT 0,15   [ RunTime:0.0005s ]
INFO: [ view_parse ] --START--
INFO: [ template_filter ] --START--
INFO: Run Behavior\ContentReplaceBehavior [ RunTime:0.000102s ]
INFO: [ template_filter ] --END-- [ RunTime:0.000205s ]
NOTIC: [8] Undefined index: keys G:\Project\xcrm\App\Runtime\Cache\Home\8e393816a0c1a4377ad5e682d62ee611.php 第 8 行.
INFO: Run Behavior\ParseTemplateBehavior [ RunTime:0.018879s ]
INFO: [ view_parse ] --END-- [ RunTime:0.019005s ]
INFO: [ view_filter ] --START--
INFO: Run Behavior\WriteHtmlCacheBehavior [ RunTime:0.000796s ]
INFO: [ view_filter ] --END-- [ RunTime:0.000887s ]
INFO: [ app_end ] --START--
INFO: Run Behavior\ShowPageTraceBehavior [ RunTime:0.001071s ]
INFO: [ app_end ] --END-- [ RunTime:0.001156s ]

[ 2016-01-24T19:25:57+08:00 ] 127.0.0.1 /xcrm/index.php/Home/Pro/edit/id/2/navTabId/Pro?_=1453634756263
INFO: [ app_begin ] --START--
INFO: Run Behavior\ReadHtmlCacheBehavior [ RunTime:0.001110s ]
INFO: [ app_begin ] --END-- [ RunTime:0.001898s ]
SQL: SELECT * FROM `xy_pro` WHERE `id` = 2 LIMIT 1   [ RunTime:0.0015s ]
NOTIC: [8] Undefined index: attid G:\Project\xcrm\App\Home\Controller\ProController.class.php 第 52 行.
SQL: SELECT * FROM `xy_pro` WHERE `id` = 2 LIMIT 1   [ RunTime:0.0004s ]
INFO: [ view_parse ] --START--
INFO: [ template_filter ] --START--
INFO: Run Behavior\ContentReplaceBehavior [ RunTime:0.000054s ]
INFO: [ template_filter ] --END-- [ RunTime:0.000119s ]
INFO: Run Behavior\ParseTemplateBehavior [ RunTime:0.014601s ]
INFO: [ view_parse ] --END-- [ RunTime:0.014710s ]
INFO: [ view_filter ] --START--
INFO: Run Behavior\WriteHtmlCacheBehavior [ RunTime:0.000474s ]
INFO: [ view_filter ] --END-- [ RunTime:0.000524s ]
NOTIC: [2] Missing argument 1 for Home\Controller\ProController::_after_edit() G:\Project\xcrm\App\Home\Controller\ProController.class.php 第 60 行.
INFO: [ app_end ] --START--
INFO: Run Behavior\ShowPageTraceBehavior [ RunTime:0.000676s ]
INFO: [ app_end ] --END-- [ RunTime:0.000727s ]

[ 2016-01-24T19:28:35+08:00 ] 127.0.0.1 /xcrm/index.php/home/proin/index?_=1453634914087
INFO: [ app_begin ] --START--
INFO: Run Behavior\ReadHtmlCacheBehavior [ RunTime:0.001278s ]
INFO: [ app_begin ] --END-- [ RunTime:0.002117s ]
NOTIC: [8] Undefined variable: order G:\Project\xcrm\App\Home\Controller\CommonController.class.php 第 81 行.
NOTIC: [8] Undefined variable: sort G:\Project\xcrm\App\Home\Controller\CommonController.class.php 第 91 行.
NOTIC: [8] Undefined variable: pageCurrent G:\Project\xcrm\App\Home\Controller\CommonController.class.php 第 99 行.
SQL: SELECT COUNT(*) AS tp_count FROM `xy_proin` LIMIT 1   [ RunTime:0.0003s ]
SQL: SELECT * FROM `xy_proin` ORDER BY `id` desc LIMIT 0,15   [ RunTime:0.0005s ]
INFO: [ view_parse ] --START--
INFO: [ template_filter ] --START--
INFO: Run Behavior\ContentReplaceBehavior [ RunTime:0.000103s ]
INFO: [ template_filter ] --END-- [ RunTime:0.000218s ]
NOTIC: [8] Undefined index: keys G:\Project\xcrm\App\Runtime\Cache\Home\e4ec4bc2ee9bde35ebab898686312afd.php 第 8 行.
INFO: Run Behavior\ParseTemplateBehavior [ RunTime:0.018336s ]
INFO: [ view_parse ] --END-- [ RunTime:0.018465s ]
INFO: [ view_filter ] --START--
INFO: Run Behavior\WriteHtmlCacheBehavior [ RunTime:0.000998s ]
INFO: [ view_filter ] --END-- [ RunTime:0.001087s ]
INFO: [ app_end ] --START--
INFO: Run Behavior\ShowPageTraceBehavior [ RunTime:0.001384s ]
INFO: [ app_end ] --END-- [ RunTime:0.001476s ]

[ 2016-01-24T19:28:36+08:00 ] 127.0.0.1 /xcrm/index.php/Home/Proin/add/navTabId/Proin?_=1453634916035
INFO: [ app_begin ] --START--
INFO: Run Behavior\ReadHtmlCacheBehavior [ RunTime:0.000630s ]
INFO: [ app_begin ] --END-- [ RunTime:0.001178s ]
INFO: [ view_parse ] --START--
INFO: [ template_filter ] --START--
INFO: Run Behavior\ContentReplaceBehavior [ RunTime:0.000128s ]
INFO: [ template_filter ] --END-- [ RunTime:0.000378s ]
NOTIC: [8] Undefined variable: id G:\Project\xcrm\App\Runtime\Cache\Home\7f1482cfe5d47e90a457077f0a90a755.php 第 3 行.
NOTIC: [8] Undefined variable: Rs G:\Project\xcrm\App\Runtime\Cache\Home\7f1482cfe5d47e90a457077f0a90a755.php 第 7 行.
NOTIC: [8] Undefined variable: Rs G:\Project\xcrm\App\Runtime\Cache\Home\7f1482cfe5d47e90a457077f0a90a755.php 第 7 行.
NOTIC: [8] Undefined variable: Rs G:\Project\xcrm\App\Runtime\Cache\Home\7f1482cfe5d47e90a457077f0a90a755.php 第 8 行.
NOTIC: [8] Undefined variable: Rs G:\Project\xcrm\App\Runtime\Cache\Home\7f1482cfe5d47e90a457077f0a90a755.php 第 8 行.
NOTIC: [8] Undefined variable: Rs G:\Project\xcrm\App\Runtime\Cache\Home\7f1482cfe5d47e90a457077f0a90a755.php 第 9 行.
NOTIC: [8] Undefined variable: Rs G:\Project\xcrm\App\Runtime\Cache\Home\7f1482cfe5d47e90a457077f0a90a755.php 第 9 行.
NOTIC: [8] Undefined variable: Rs G:\Project\xcrm\App\Runtime\Cache\Home\7f1482cfe5d47e90a457077f0a90a755.php 第 10 行.
NOTIC: [8] Undefined variable: Rs G:\Project\xcrm\App\Runtime\Cache\Home\7f1482cfe5d47e90a457077f0a90a755.php 第 10 行.
NOTIC: [8] Undefined variable: Rs G:\Project\xcrm\App\Runtime\Cache\Home\7f1482cfe5d47e90a457077f0a90a755.php 第 11 行.
INFO: Run Behavior\ParseTemplateBehavior [ RunTime:0.108454s ]
INFO: [ view_parse ] --END-- [ RunTime:0.108526s ]
INFO: [ view_filter ] --START--
INFO: Run Behavior\WriteHtmlCacheBehavior [ RunTime:0.000452s ]
INFO: [ view_filter ] --END-- [ RunTime:0.000509s ]
NOTIC: [2] Missing argument 1 for Home\Controller\ProinController::_after_add() G:\Project\xcrm\App\Home\Controller\ProinController.class.php 第 40 行.
INFO: [ app_end ] --START--
INFO: Run Behavior\ShowPageTraceBehavior [ RunTime:0.000617s ]
INFO: [ app_end ] --END-- [ RunTime:0.000666s ]

[ 2016-01-24T19:28:49+08:00 ] 127.0.0.1 /xcrm/index.php/Home/public/proname/navTabId/Proin?_=1453634928208
INFO: [ app_begin ] --START--
INFO: Run Behavior\ReadHtmlCacheBehavior [ RunTime:0.000598s ]
INFO: [ app_begin ] --END-- [ RunTime:0.001129s ]
NOTIC: [8] Undefined variable: order G:\Project\xcrm\App\Home\Controller\PublicController.class.php 第 357 行.
NOTIC: [8] Undefined variable: sort G:\Project\xcrm\App\Home\Controller\PublicController.class.php 第 360 行.
NOTIC: [8] Undefined variable: asc G:\Project\xcrm\App\Home\Controller\PublicController.class.php 第 360 行.
NOTIC: [8] Undefined variable: pageCurrent G:\Project\xcrm\App\Home\Controller\PublicController.class.php 第 363 行.
NOTIC: [8] Undefined variable: where G:\Project\xcrm\App\Home\Controller\PublicController.class.php 第 378 行.
SQL: SELECT * FROM `xy_pro` ORDER BY `id` desc LIMIT 0,10   [ RunTime:0.0007s ]
NOTIC: [8] Undefined variable: where G:\Project\xcrm\App\Home\Controller\PublicController.class.php 第 380 行.
SQL: SELECT COUNT(*) AS tp_count FROM `xy_pro` LIMIT 1   [ RunTime:0.0002s ]
INFO: [ view_parse ] --START--
INFO: [ template_filter ] --START--
INFO: Run Behavior\ContentReplaceBehavior [ RunTime:0.000105s ]
INFO: [ template_filter ] --END-- [ RunTime:0.000233s ]
NOTIC: [8] Undefined index: keys G:\Project\xcrm\App\Runtime\Cache\Home\35d167c347795b75f1537e6a9732c1dd.php 第 11 行.
INFO: Run Behavior\ParseTemplateBehavior [ RunTime:0.050953s ]
INFO: [ view_parse ] --END-- [ RunTime:0.051097s ]
INFO: [ view_filter ] --START--
INFO: Run Behavior\WriteHtmlCacheBehavior [ RunTime:0.001619s ]
INFO: [ view_filter ] --END-- [ RunTime:0.001732s ]
INFO: [ app_end ] --START--
INFO: Run Behavior\ShowPageTraceBehavior [ RunTime:0.002616s ]
INFO: [ app_end ] --END-- [ RunTime:0.002831s ]

[ 2016-01-24T19:28:53+08:00 ] 127.0.0.1 /xcrm/index.php/Home/public/proname/navTabId/Proin?_=1453634932385
INFO: [ app_begin ] --START--
INFO: Run Behavior\ReadHtmlCacheBehavior [ RunTime:0.000771s ]
INFO: [ app_begin ] --END-- [ RunTime:0.001407s ]
NOTIC: [8] Undefined variable: order G:\Project\xcrm\App\Home\Controller\PublicController.class.php 第 357 行.
NOTIC: [8] Undefined variable: sort G:\Project\xcrm\App\Home\Controller\PublicController.class.php 第 360 行.
NOTIC: [8] Undefined variable: asc G:\Project\xcrm\App\Home\Controller\PublicController.class.php 第 360 行.
NOTIC: [8] Undefined variable: pageCurrent G:\Project\xcrm\App\Home\Controller\PublicController.class.php 第 363 行.
NOTIC: [8] Undefined variable: where G:\Project\xcrm\App\Home\Controller\PublicController.class.php 第 378 行.
SQL: SELECT * FROM `xy_pro` ORDER BY `id` desc LIMIT 0,10   [ RunTime:0.0005s ]
NOTIC: [8] Undefined variable: where G:\Project\xcrm\App\Home\Controller\PublicController.class.php 第 380 行.
SQL: SELECT COUNT(*) AS tp_count FROM `xy_pro` LIMIT 1   [ RunTime:0.0002s ]
INFO: [ view_parse ] --START--
INFO: [ template_filter ] --START--
INFO: Run Behavior\ContentReplaceBehavior [ RunTime:0.000292s ]
INFO: [ template_filter ] --END-- [ RunTime:0.000414s ]
NOTIC: [8] Undefined index: keys G:\Project\xcrm\App\Runtime\Cache\Home\35d167c347795b75f1537e6a9732c1dd.php 第 11 行.
INFO: Run Behavior\ParseTemplateBehavior [ RunTime:0.019285s ]
INFO: [ view_parse ] --END-- [ RunTime:0.019399s ]
INFO: [ view_filter ] --START--
INFO: Run Behavior\WriteHtmlCacheBehavior [ RunTime:0.000848s ]
INFO: [ view_filter ] --END-- [ RunTime:0.000947s ]
INFO: [ app_end ] --START--
INFO: Run Behavior\ShowPageTraceBehavior [ RunTime:0.001348s ]
INFO: [ app_end ] --END-- [ RunTime:0.001447s ]

