[ 2017-08-28T15:08:39+08:00 ] ::1 /index.php/home/user/index?_=1503904118334
INFO: [ app_begin ] --START--
INFO: Run Behavior\ReadHtmlCacheBehavior [ RunTime:0.000000s ]
INFO: [ app_begin ] --END-- [ RunTime:0.001000s ]
NOTIC: [8] Undefined variable: order D:\phpStudy\WWW\Projects\xcrm\App\Home\Controller\CommonController.class.php 第 81 行.
NOTIC: [8] Undefined variable: sort D:\phpStudy\WWW\Projects\xcrm\App\Home\Controller\CommonController.class.php 第 91 行.
NOTIC: [8] Undefined variable: pageCurrent D:\phpStudy\WWW\Projects\xcrm\App\Home\Controller\CommonController.class.php 第 99 行.
SQL: SELECT COUNT(*) AS tp_count FROM `xy_user` LIMIT 1   [ RunTime:0.0000s ]
SQL: SELECT * FROM `xy_user` ORDER BY `id` desc LIMIT 0,15   [ RunTime:0.0000s ]
INFO: [ view_parse ] --START--
INFO: [ template_filter ] --START--
INFO: Run Behavior\ContentReplaceBehavior [ RunTime:0.000000s ]
INFO: [ template_filter ] --END-- [ RunTime:0.000000s ]
NOTIC: [8] Undefined index: keys D:\phpStudy\WWW\Projects\xcrm\App\Runtime\Cache\Home\64032f3cba072b42246c94805e3ede75.php 第 8 行.
SQL: DELETE FROM `xy_auth_group_access` WHERE `group_id` = 0 [ RunTime:0.0010s ]
SQL: SELECT COUNT(*) AS tp_count FROM `xy_auth_group_access` WHERE `uid` = 5 LIMIT 1   [ RunTime:0.0000s ]
SQL: DELETE FROM `xy_auth_group_access` WHERE `group_id` = 0 [ RunTime:0.0000s ]
SQL: SELECT COUNT(*) AS tp_count FROM `xy_auth_group_access` WHERE `uid` = 4 LIMIT 1   [ RunTime:0.0000s ]
SQL: DELETE FROM `xy_auth_group_access` WHERE `group_id` = 0 [ RunTime:0.0000s ]
SQL: SELECT COUNT(*) AS tp_count FROM `xy_auth_group_access` WHERE `uid` = 3 LIMIT 1   [ RunTime:0.0000s ]
SQL: DELETE FROM `xy_auth_group_access` WHERE `group_id` = 0 [ RunTime:0.0000s ]
SQL: SELECT COUNT(*) AS tp_count FROM `xy_auth_group_access` WHERE `uid` = 2 LIMIT 1   [ RunTime:0.0000s ]
SQL: DELETE FROM `xy_auth_group_access` WHERE `group_id` = 0 [ RunTime:0.0000s ]
SQL: SELECT COUNT(*) AS tp_count FROM `xy_auth_group_access` WHERE `uid` = 1 LIMIT 1   [ RunTime:0.0010s ]
INFO: Run Behavior\ParseTemplateBehavior [ RunTime:0.018001s ]
INFO: [ view_parse ] --END-- [ RunTime:0.018001s ]
INFO: [ view_filter ] --START--
INFO: Run Behavior\WriteHtmlCacheBehavior [ RunTime:0.000000s ]
INFO: [ view_filter ] --END-- [ RunTime:0.000000s ]
INFO: [ app_end ] --START--
INFO: Run Behavior\ShowPageTraceBehavior [ RunTime:0.001000s ]
INFO: [ app_end ] --END-- [ RunTime:0.001000s ]

[ 2017-08-28T15:16:31+08:00 ] 127.0.0.1 /index.php/home/hr/index?_=1503904589973
INFO: [ app_begin ] --START--
INFO: Run Behavior\ReadHtmlCacheBehavior [ RunTime:0.000000s ]
INFO: [ app_begin ] --END-- [ RunTime:0.001000s ]
NOTIC: [8] Undefined variable: order D:\phpStudy\WWW\Projects\xcrm\App\Home\Controller\CommonController.class.php 第 81 行.
NOTIC: [8] Undefined variable: sort D:\phpStudy\WWW\Projects\xcrm\App\Home\Controller\CommonController.class.php 第 91 行.
NOTIC: [8] Undefined variable: pageCurrent D:\phpStudy\WWW\Projects\xcrm\App\Home\Controller\CommonController.class.php 第 99 行.
SQL: SELECT COUNT(*) AS tp_count FROM `xy_hr` LIMIT 1   [ RunTime:0.0010s ]
SQL: SELECT * FROM `xy_hr` ORDER BY `id` desc LIMIT 0,15   [ RunTime:0.0220s ]
INFO: [ view_parse ] --START--
INFO: [ template_filter ] --START--
INFO: Run Behavior\ContentReplaceBehavior [ RunTime:0.000000s ]
INFO: [ template_filter ] --END-- [ RunTime:0.000000s ]
NOTIC: [8] Undefined index: keys D:\phpStudy\WWW\Projects\xcrm\App\Runtime\Cache\Home\914533bfd624db1d63f61d42bbceaa97.php 第 8 行.
INFO: Run Behavior\ParseTemplateBehavior [ RunTime:0.017001s ]
INFO: [ view_parse ] --END-- [ RunTime:0.017001s ]
INFO: [ view_filter ] --START--
INFO: Run Behavior\WriteHtmlCacheBehavior [ RunTime:0.000000s ]
INFO: [ view_filter ] --END-- [ RunTime:0.000000s ]
INFO: [ app_end ] --START--
INFO: Run Behavior\ShowPageTraceBehavior [ RunTime:0.001000s ]
INFO: [ app_end ] --END-- [ RunTime:0.001000s ]

[ 2017-08-28T15:16:32+08:00 ] 127.0.0.1 /index.php/Home/Hr/add/navTabId/Hr?_=1503904592360
INFO: [ app_begin ] --START--
INFO: Run Behavior\ReadHtmlCacheBehavior [ RunTime:0.001000s ]
INFO: [ app_begin ] --END-- [ RunTime:0.001000s ]
INFO: [ view_parse ] --START--
INFO: [ template_filter ] --START--
INFO: Run Behavior\ContentReplaceBehavior [ RunTime:0.000000s ]
INFO: [ template_filter ] --END-- [ RunTime:0.001000s ]
NOTIC: [8] Undefined variable: id D:\phpStudy\WWW\Projects\xcrm\App\Runtime\Cache\Home\a6b3977a26213a323d36de99d3aac7c4.php 第 3 行.
NOTIC: [8] Undefined variable: Rs D:\phpStudy\WWW\Projects\xcrm\App\Runtime\Cache\Home\a6b3977a26213a323d36de99d3aac7c4.php 第 7 行.
NOTIC: [8] Undefined variable: Rs D:\phpStudy\WWW\Projects\xcrm\App\Runtime\Cache\Home\a6b3977a26213a323d36de99d3aac7c4.php 第 7 行.
NOTIC: [8] Undefined variable: Rs D:\phpStudy\WWW\Projects\xcrm\App\Runtime\Cache\Home\a6b3977a26213a323d36de99d3aac7c4.php 第 7 行.
NOTIC: [8] Undefined variable: Rs D:\phpStudy\WWW\Projects\xcrm\App\Runtime\Cache\Home\a6b3977a26213a323d36de99d3aac7c4.php 第 8 行.
NOTIC: [8] Undefined variable: Rs D:\phpStudy\WWW\Projects\xcrm\App\Runtime\Cache\Home\a6b3977a26213a323d36de99d3aac7c4.php 第 8 行.
NOTIC: [8] Undefined variable: Rs D:\phpStudy\WWW\Projects\xcrm\App\Runtime\Cache\Home\a6b3977a26213a323d36de99d3aac7c4.php 第 9 行.
NOTIC: [8] Undefined variable: Rs D:\phpStudy\WWW\Projects\xcrm\App\Runtime\Cache\Home\a6b3977a26213a323d36de99d3aac7c4.php 第 9 行.
NOTIC: [8] Undefined variable: Rs D:\phpStudy\WWW\Projects\xcrm\App\Runtime\Cache\Home\a6b3977a26213a323d36de99d3aac7c4.php 第 10 行.
NOTIC: [8] Undefined variable: Rs D:\phpStudy\WWW\Projects\xcrm\App\Runtime\Cache\Home\a6b3977a26213a323d36de99d3aac7c4.php 第 10 行.
NOTIC: [8] Undefined variable: Rs D:\phpStudy\WWW\Projects\xcrm\App\Runtime\Cache\Home\a6b3977a26213a323d36de99d3aac7c4.php 第 11 行.
NOTIC: [8] Undefined variable: Rs D:\phpStudy\WWW\Projects\xcrm\App\Runtime\Cache\Home\a6b3977a26213a323d36de99d3aac7c4.php 第 11 行.
NOTIC: [8] Undefined variable: Rs D:\phpStudy\WWW\Projects\xcrm\App\Runtime\Cache\Home\a6b3977a26213a323d36de99d3aac7c4.php 第 11 行.
NOTIC: [8] Undefined variable: Rs D:\phpStudy\WWW\Projects\xcrm\App\Runtime\Cache\Home\a6b3977a26213a323d36de99d3aac7c4.php 第 11 行.
NOTIC: [8] Undefined variable: Rs D:\phpStudy\WWW\Projects\xcrm\App\Runtime\Cache\Home\a6b3977a26213a323d36de99d3aac7c4.php 第 11 行.
NOTIC: [8] Undefined variable: Rs D:\phpStudy\WWW\Projects\xcrm\App\Runtime\Cache\Home\a6b3977a26213a323d36de99d3aac7c4.php 第 12 行.
NOTIC: [8] Undefined variable: Rs D:\phpStudy\WWW\Projects\xcrm\App\Runtime\Cache\Home\a6b3977a26213a323d36de99d3aac7c4.php 第 12 行.
NOTIC: [8] Undefined variable: Rs D:\phpStudy\WWW\Projects\xcrm\App\Runtime\Cache\Home\a6b3977a26213a323d36de99d3aac7c4.php 第 12 行.
NOTIC: [8] Undefined variable: Rs D:\phpStudy\WWW\Projects\xcrm\App\Runtime\Cache\Home\a6b3977a26213a323d36de99d3aac7c4.php 第 12 行.
NOTIC: [8] Undefined variable: Rs D:\phpStudy\WWW\Projects\xcrm\App\Runtime\Cache\Home\a6b3977a26213a323d36de99d3aac7c4.php 第 12 行.
NOTIC: [8] Undefined variable: Rs D:\phpStudy\WWW\Projects\xcrm\App\Runtime\Cache\Home\a6b3977a26213a323d36de99d3aac7c4.php 第 12 行.
NOTIC: [8] Undefined variable: Rs D:\phpStudy\WWW\Projects\xcrm\App\Runtime\Cache\Home\a6b3977a26213a323d36de99d3aac7c4.php 第 13 行.
NOTIC: [8] Undefined variable: Rs D:\phpStudy\WWW\Projects\xcrm\App\Runtime\Cache\Home\a6b3977a26213a323d36de99d3aac7c4.php 第 13 行.
NOTIC: [8] Undefined variable: Rs D:\phpStudy\WWW\Projects\xcrm\App\Runtime\Cache\Home\a6b3977a26213a323d36de99d3aac7c4.php 第 13 行.
NOTIC: [8] Undefined variable: Rs D:\phpStudy\WWW\Projects\xcrm\App\Runtime\Cache\Home\a6b3977a26213a323d36de99d3aac7c4.php 第 13 行.
NOTIC: [8] Undefined variable: Rs D:\phpStudy\WWW\Projects\xcrm\App\Runtime\Cache\Home\a6b3977a26213a323d36de99d3aac7c4.php 第 13 行.
NOTIC: [8] Undefined variable: Rs D:\phpStudy\WWW\Projects\xcrm\App\Runtime\Cache\Home\a6b3977a26213a323d36de99d3aac7c4.php 第 14 行.
NOTIC: [8] Undefined variable: Rs D:\phpStudy\WWW\Projects\xcrm\App\Runtime\Cache\Home\a6b3977a26213a323d36de99d3aac7c4.php 第 14 行.
NOTIC: [8] Undefined variable: Rs D:\phpStudy\WWW\Projects\xcrm\App\Runtime\Cache\Home\a6b3977a26213a323d36de99d3aac7c4.php 第 15 行.
NOTIC: [8] Undefined variable: Rs D:\phpStudy\WWW\Projects\xcrm\App\Runtime\Cache\Home\a6b3977a26213a323d36de99d3aac7c4.php 第 15 行.
NOTIC: [8] Undefined variable: Rs D:\phpStudy\WWW\Projects\xcrm\App\Runtime\Cache\Home\a6b3977a26213a323d36de99d3aac7c4.php 第 15 行.
NOTIC: [8] Undefined variable: Rs D:\phpStudy\WWW\Projects\xcrm\App\Runtime\Cache\Home\a6b3977a26213a323d36de99d3aac7c4.php 第 15 行.
NOTIC: [8] Undefined variable: Rs D:\phpStudy\WWW\Projects\xcrm\App\Runtime\Cache\Home\a6b3977a26213a323d36de99d3aac7c4.php 第 16 行.
NOTIC: [8] Undefined variable: Rs D:\phpStudy\WWW\Projects\xcrm\App\Runtime\Cache\Home\a6b3977a26213a323d36de99d3aac7c4.php 第 16 行.
NOTIC: [8] Undefined variable: Rs D:\phpStudy\WWW\Projects\xcrm\App\Runtime\Cache\Home\a6b3977a26213a323d36de99d3aac7c4.php 第 16 行.
NOTIC: [8] Undefined variable: Rs D:\phpStudy\WWW\Projects\xcrm\App\Runtime\Cache\Home\a6b3977a26213a323d36de99d3aac7c4.php 第 16 行.
NOTIC: [8] Undefined variable: Rs D:\phpStudy\WWW\Projects\xcrm\App\Runtime\Cache\Home\a6b3977a26213a323d36de99d3aac7c4.php 第 16 行.
NOTIC: [8] Undefined variable: Rs D:\phpStudy\WWW\Projects\xcrm\App\Runtime\Cache\Home\a6b3977a26213a323d36de99d3aac7c4.php 第 16 行.
NOTIC: [8] Undefined variable: Rs D:\phpStudy\WWW\Projects\xcrm\App\Runtime\Cache\Home\a6b3977a26213a323d36de99d3aac7c4.php 第 17 行.
NOTIC: [8] Undefined variable: Rs D:\phpStudy\WWW\Projects\xcrm\App\Runtime\Cache\Home\a6b3977a26213a323d36de99d3aac7c4.php 第 17 行.
NOTIC: [8] Undefined variable: Rs D:\phpStudy\WWW\Projects\xcrm\App\Runtime\Cache\Home\a6b3977a26213a323d36de99d3aac7c4.php 第 18 行.
NOTIC: [8] Undefined variable: Rs D:\phpStudy\WWW\Projects\xcrm\App\Runtime\Cache\Home\a6b3977a26213a323d36de99d3aac7c4.php 第 18 行.
NOTIC: [8] Undefined variable: Rs D:\phpStudy\WWW\Projects\xcrm\App\Runtime\Cache\Home\a6b3977a26213a323d36de99d3aac7c4.php 第 19 行.
NOTIC: [8] Undefined variable: Rs D:\phpStudy\WWW\Projects\xcrm\App\Runtime\Cache\Home\a6b3977a26213a323d36de99d3aac7c4.php 第 19 行.
NOTIC: [8] Undefined variable: Rs D:\phpStudy\WWW\Projects\xcrm\App\Runtime\Cache\Home\a6b3977a26213a323d36de99d3aac7c4.php 第 19 行.
NOTIC: [8] Undefined variable: Rs D:\phpStudy\WWW\Projects\xcrm\App\Runtime\Cache\Home\a6b3977a26213a323d36de99d3aac7c4.php 第 19 行.
NOTIC: [8] Undefined variable: Rs D:\phpStudy\WWW\Projects\xcrm\App\Runtime\Cache\Home\a6b3977a26213a323d36de99d3aac7c4.php 第 19 行.
NOTIC: [8] Undefined variable: Rs D:\phpStudy\WWW\Projects\xcrm\App\Runtime\Cache\Home\a6b3977a26213a323d36de99d3aac7c4.php 第 19 行.
NOTIC: [8] Undefined variable: Rs D:\phpStudy\WWW\Projects\xcrm\App\Runtime\Cache\Home\a6b3977a26213a323d36de99d3aac7c4.php 第 19 行.
NOTIC: [8] Undefined variable: Rs D:\phpStudy\WWW\Projects\xcrm\App\Runtime\Cache\Home\a6b3977a26213a323d36de99d3aac7c4.php 第 19 行.
NOTIC: [8] Undefined variable: Rs D:\phpStudy\WWW\Projects\xcrm\App\Runtime\Cache\Home\a6b3977a26213a323d36de99d3aac7c4.php 第 19 行.
NOTIC: [8] Undefined variable: Rs D:\phpStudy\WWW\Projects\xcrm\App\Runtime\Cache\Home\a6b3977a26213a323d36de99d3aac7c4.php 第 23 行.
NOTIC: [8] Undefined variable: Rs D:\phpStudy\WWW\Projects\xcrm\App\Runtime\Cache\Home\a6b3977a26213a323d36de99d3aac7c4.php 第 24 行.
NOTIC: [8] Undefined variable: Rs D:\phpStudy\WWW\Projects\xcrm\App\Runtime\Cache\Home\a6b3977a26213a323d36de99d3aac7c4.php 第 25 行.
NOTIC: [8] Undefined variable: Rs D:\phpStudy\WWW\Projects\xcrm\App\Runtime\Cache\Home\a6b3977a26213a323d36de99d3aac7c4.php 第 26 行.
NOTIC: [8] Undefined variable: Rs D:\phpStudy\WWW\Projects\xcrm\App\Runtime\Cache\Home\a6b3977a26213a323d36de99d3aac7c4.php 第 27 行.
INFO: Run Behavior\ParseTemplateBehavior [ RunTime:0.032002s ]
INFO: [ view_parse ] --END-- [ RunTime:0.032002s ]
INFO: [ view_filter ] --START--
INFO: Run Behavior\WriteHtmlCacheBehavior [ RunTime:0.001000s ]
INFO: [ view_filter ] --END-- [ RunTime:0.001000s ]
NOTIC: [2] Missing argument 1 for Home\Controller\HrController::_after_add() D:\phpStudy\WWW\Projects\xcrm\App\Home\Controller\HrController.class.php 第 40 行.
INFO: [ app_end ] --START--
INFO: Run Behavior\ShowPageTraceBehavior [ RunTime:0.002000s ]
INFO: [ app_end ] --END-- [ RunTime:0.002000s ]

[ 2017-08-28T15:16:35+08:00 ] 127.0.0.1 /index.php/Home/public/bumen/navTabId/Hr?_=1503904594194
INFO: [ app_begin ] --START--
INFO: Run Behavior\ReadHtmlCacheBehavior [ RunTime:0.001000s ]
INFO: [ app_begin ] --END-- [ RunTime:0.002000s ]
SQL: SELECT * FROM `xy_auth_group` WHERE `pid` = 0 AND `type` = 0 ORDER BY sort  [ RunTime:0.0080s ]
SQL: SELECT * FROM `xy_auth_group` WHERE `pid` = 1 AND `type` = 0 ORDER BY sort  [ RunTime:0.0000s ]
SQL: SELECT * FROM `xy_auth_group` WHERE `pid` = 2 AND `type` = 0 ORDER BY sort  [ RunTime:0.0010s ]
SQL: SELECT * FROM `xy_auth_group` WHERE `pid` = 3 AND `type` = 0 ORDER BY sort  [ RunTime:0.0000s ]
SQL: SELECT * FROM `xy_auth_group` WHERE `pid` = 4 AND `type` = 0 ORDER BY sort  [ RunTime:0.0000s ]
SQL: SELECT * FROM `xy_auth_group` WHERE `pid` = 8 AND `type` = 0 ORDER BY sort  [ RunTime:0.0000s ]
SQL: SELECT * FROM `xy_auth_group` WHERE `pid` = 10 AND `type` = 0 ORDER BY sort  [ RunTime:0.0000s ]
SQL: SELECT * FROM `xy_auth_group` WHERE `pid` = 12 AND `type` = 0 ORDER BY sort  [ RunTime:0.0000s ]
SQL: SELECT * FROM `xy_auth_group` WHERE `pid` = 9 AND `type` = 0 ORDER BY sort  [ RunTime:0.0000s ]
INFO: [ view_parse ] --START--
INFO: [ template_filter ] --START--
INFO: Run Behavior\ContentReplaceBehavior [ RunTime:0.000000s ]
INFO: [ template_filter ] --END-- [ RunTime:0.000000s ]
INFO: Run Behavior\ParseTemplateBehavior [ RunTime:0.012001s ]
INFO: [ view_parse ] --END-- [ RunTime:0.012001s ]
INFO: [ view_filter ] --START--
INFO: Run Behavior\WriteHtmlCacheBehavior [ RunTime:0.000000s ]
INFO: [ view_filter ] --END-- [ RunTime:0.000000s ]
INFO: [ app_end ] --START--
INFO: Run Behavior\ShowPageTraceBehavior [ RunTime:0.001000s ]
INFO: [ app_end ] --END-- [ RunTime:0.001000s ]

[ 2017-08-28T15:50:16+08:00 ] ::1 /index.php/home/hrjf/index?_=1503906616250
INFO: [ app_begin ] --START--
INFO: Run Behavior\ReadHtmlCacheBehavior [ RunTime:0.001000s ]
INFO: [ app_begin ] --END-- [ RunTime:0.001000s ]

[ 2017-08-28T15:50:16+08:00 ] ::1 /index.php?m=Home&c=Public&a=login
INFO: [ app_begin ] --START--
INFO: Run Behavior\ReadHtmlCacheBehavior [ RunTime:0.001000s ]
INFO: [ app_begin ] --END-- [ RunTime:0.001000s ]
INFO: [ view_parse ] --START--
INFO: [ template_filter ] --START--
INFO: Run Behavior\ContentReplaceBehavior [ RunTime:0.000000s ]
INFO: [ template_filter ] --END-- [ RunTime:0.000000s ]
INFO: Run Behavior\ParseTemplateBehavior [ RunTime:0.009001s ]
INFO: [ view_parse ] --END-- [ RunTime:0.010001s ]
INFO: [ view_filter ] --START--
INFO: Run Behavior\WriteHtmlCacheBehavior [ RunTime:0.000000s ]
INFO: [ view_filter ] --END-- [ RunTime:0.000000s ]
INFO: [ app_end ] --START--
INFO: Run Behavior\ShowPageTraceBehavior [ RunTime:0.001000s ]
INFO: [ app_end ] --END-- [ RunTime:0.001000s ]

